
 *------------------------------------------------------------------------------------* 
 |                                                                                    | 
 |  *------------------------------------------------------------------------------*  | 
 |  |                                                                              |  | 
 |  |                                                                              |  | 
 |  |   PPP   Y   Y  TTTTT  H   H  III    A      Welcome to the Lund Monte Carlo!  |  | 
 |  |   P  P   Y Y     T    H   H   I    A A     This is PYTHIA version 8.240      |  | 
 |  |   PPP     Y      T    HHHHH   I   AAAAA    Last date of change: 20 Dec 2018  |  | 
 |  |   P       Y      T    H   H   I   A   A                                      |  | 
 |  |   P       Y      T    H   H  III  A   A    Now is 18 Feb 2019 at 17:51:01    |  | 
 |  |                                                                              |  | 
 |  |   Christian Bierlich;  Department of Astronomy and Theoretical Physics,      |  | 
 |  |      Lund University, Solvegatan 14A, SE-223 62 Lund, Sweden;                |  | 
 |  |      e-mail: christian.bierlich@thep.lu.se                                   |  | 
 |  |   Nishita Desai;  Department of Theoretical Physics, Tata Institute,         |  | 
 |  |      Homi Bhabha Road, Mumbai 400005, India;                                 |  | 
 |  |      e-mail: desai@theory.tifr.res.in                                        |  | 
 |  |   Ilkka Helenius;  Department of Physics, University of Jyvaskyla,           |  | 
 |  |      P.O. Box 35, FI-40014 University of Jyvaskyla, Finland;                 |  | 
 |  |      e-mail: ilkka.m.helenius@jyu.fi                                         |  | 
 |  |   Philip Ilten;  School of Physics and Astronomy,                            |  | 
 |  |      University of Birmingham, Birmingham, B152 2TT, UK;                     |  | 
 |  |      e-mail: philten@cern.ch                                                 |  | 
 |  |   Leif Lonnblad;  Department of Astronomy and Theoretical Physics,           |  | 
 |  |      Lund University, Solvegatan 14A, SE-223 62 Lund, Sweden;                |  | 
 |  |      e-mail: leif.lonnblad@thep.lu.se                                        |  | 
 |  |   Stephen Mrenna;  Computing Division, Simulations Group,                    |  | 
 |  |      Fermi National Accelerator Laboratory, MS 234, Batavia, IL 60510, USA;  |  | 
 |  |      e-mail: mrenna@fnal.gov                                                 |  | 
 |  |   Stefan Prestel;  Department of Astronomy and Theoretical Physics,          |  | 
 |  |      Lund University, Solvegatan 14A, SE-223 62 Lund, Sweden;                |  | 
 |  |      e-mail: stefan.prestel@thep.lu.se                                       |  | 
 |  |   Christine O. Rasmussen;  Department of Astronomy and Theoretical Physics,  |  | 
 |  |      Lund University, Solvegatan 14A, SE-223 62 Lund, Sweden;                |  | 
 |  |      e-mail: christine.rasmussen@thep.lu.se                                  |  | 
 |  |   Torbjorn Sjostrand;  Department of Astronomy and Theoretical Physics,      |  | 
 |  |      Lund University, Solvegatan 14A, SE-223 62 Lund, Sweden;                |  | 
 |  |      e-mail: torbjorn@thep.lu.se                                             |  | 
 |  |   Peter Skands;  School of Physics,                                          |  | 
 |  |      Monash University, PO Box 27, 3800 Melbourne, Australia;                |  | 
 |  |      e-mail: peter.skands@monash.edu                                         |  | 
 |  |                                                                              |  | 
 |  |   The main program reference is 'An Introduction to PYTHIA 8.2',             |  | 
 |  |   T. Sjostrand et al, Comput. Phys. Commun. 191 (2015) 159                   |  | 
 |  |   [arXiv:1410.3012 [hep-ph]]                                                 |  | 
 |  |                                                                              |  | 
 |  |   The main physics reference is the 'PYTHIA 6.4 Physics and Manual',         |  | 
 |  |   T. Sjostrand, S. Mrenna and P. Skands, JHEP05 (2006) 026 [hep-ph/0603175]  |  | 
 |  |                                                                              |  | 
 |  |   An archive of program versions and documentation is found on the web:      |  | 
 |  |   http://www.thep.lu.se/Pythia                                               |  | 
 |  |                                                                              |  | 
 |  |   This program is released under the GNU General Public Licence version 2.   |  | 
 |  |   Please respect the MCnet Guidelines for Event Generator Authors and Users. |  | 
 |  |                                                                              |  | 
 |  |   Disclaimer: this program comes without any guarantees.                     |  | 
 |  |   Beware of errors and use common sense when interpreting results.           |  | 
 |  |                                                                              |  | 
 |  |   Copyright (C) 2018 Torbjorn Sjostrand                                      |  | 
 |  |                                                                              |  | 
 |  |                                                                              |  | 
 |  *------------------------------------------------------------------------------*  | 
 |                                                                                    | 
 *------------------------------------------------------------------------------------* 


 *-------  PYTHIA Process Initialization  --------------------------*
 |                                                                  |
 | We collide p+ with p+ at a CM energy of 7.000e+03 GeV            |
 |                                                                  |
 |------------------------------------------------------------------|
 |                                                    |             |
 | Subprocess                                    Code |   Estimated |
 |                                                    |    max (mb) |
 |                                                    |             |
 |------------------------------------------------------------------|
 |                                                    |             |
 | g g -> c cbar                                  121 |   2.864e+01 |
 | q qbar -> c cbar                               122 |   2.006e-01 |
 | g g -> b bbar                                  123 |   1.652e+00 |
 | q qbar -> b bbar                               124 |   1.371e-02 |
 |                                                                  |
 *-------  End PYTHIA Process Initialization -----------------------*

 *-------  PYTHIA Multiparton Interactions Initialization  ---------* 
 |                                                                  | 
 |                   sigmaNonDiffractive =    50.58 mb              | 
 |                                                                  | 
 |    pT0 =  2.28 gives sigmaInteraction =   241.76 mb: accepted    | 
 |                                                                  | 
 *-------  End PYTHIA Multiparton Interactions Initialization  -----* 

 *-------  PYTHIA Flag + Mode + Parm + Word + FVec + MVec + PVec + WVec Settings (changes only)  ------------------* 
 |                                                                                                                 | 
 | Name                                          |                      Now |      Default         Min         Max | 
 |                                               |                          |                                      | 
 | Beams:eCM                                     |                 7000.000 |    14000.000    10.00000             | 
 | HardQCD:hardbbbar                             |                       on |          off                         | 
 | HardQCD:hardccbar                             |                       on |          off                         | 
 | Next:numberShowEvent                          |                        0 |            1           0             | 
 |                                                                                                                 | 
 *-------  End PYTHIA Flag + Mode + Parm + Word + FVec + MVec + PVec + WVec Settings  -----------------------------* 

 --------  PYTHIA Particle Data Table (changed only)  ------------------------------------------------------------------------------
 
      id   name            antiName         spn chg col      m0        mWidth      mMin       mMax       tau0    res dec ext vis wid
             no onMode   bRatio   meMode     products 

 no particle data has been changed from its default value 

 --------  End PYTHIA Particle Data Table  -----------------------------------------------------------------------------------------


 --------  PYTHIA Info Listing  ---------------------------------------- 
 
 Beam A: id =   2212, pz =  3.500e+03, e =  3.500e+03, m =  9.383e-01.
 Beam B: id =   2212, pz = -3.500e+03, e =  3.500e+03, m =  9.383e-01.

 In 1: id =   21, x =  2.229e-03, pdf =  1.056e+01 at Q2 =  1.602e+01.
 In 2: id =   21, x =  1.366e-03, pdf =  1.277e+01 at same Q2.

 Subprocess g g -> c cbar with code 121 is 2 -> 2.
 It has sHat =  1.492e+02,    tHat = -1.287e+02,    uHat = -1.600e+01,
       pTHat =  3.711e+00,   m3Hat =  1.500e+00,   m4Hat =  1.500e+00,
    thetaHat =  2.464e+00,  phiHat =  2.062e+00.
     alphaEM =  7.552e-03,  alphaS =  2.592e-01    at Q2 =  1.602e+01.

 Impact parameter b =  6.125e-01 gives enhancement factor =  1.897e+00.
 Max pT scale for MPI =  4.002e+00, ISR =  4.002e+00, FSR =  4.002e+00.
 Number of MPI =     5, ISR =     7, FSRproc =    10, FSRreson =     0.

 --------  End PYTHIA Info Listing  ------------------------------------

 --------  PYTHIA Event Listing  (hard process)  -----------------------------------------------------------------------------------
 
    no         id  name            status     mothers   daughters     colours      p_x        p_y        p_z         e          m 
     0         90  (system)           -11     0     0     0     0     0     0      0.000      0.000      0.000   7000.000   7000.000
     1       2212  (p+)               -12     0     0     3     0     0     0      0.000      0.000   3500.000   3500.000      0.938
     2       2212  (p+)               -12     0     0     4     0     0     0      0.000      0.000  -3500.000   3500.000      0.938
     3         21  (g)                -21     1     0     5     6   101   102      0.000      0.000      7.802      7.802      0.000
     4         21  (g)                -21     2     0     5     6   103   101      0.000      0.000     -4.780      4.780      0.000
     5          4  c                   23     3     4     0     0   103     0     -1.750      3.272     -3.241      5.150      1.500
     6         -4  cbar                23     3     4     0     0     0   102      1.750     -3.272      6.262      7.432      1.500
                                   Charge sum:  0.000           Momentum sum:      0.000      0.000      3.022     12.582     12.214

 --------  End PYTHIA Event Listing  -----------------------------------------------------------------------------------------------
 PYTHIA Error in StringFragmentation::fragment: stuck in joining  
 PYTHIA Error in Pythia::next: hadronLevel failed; try again  
 PYTHIA Warning in SimpleSpaceShower::pT2nextQCD: weight above unity  
 PYTHIA Warning in StringFragmentation::fragmentToJunction: bad convergence junction rest frame  

 Pythia::next(): 1000 events have been generated 
 PYTHIA Warning in Pythia::check: energy-momentum not quite conserved  

 Pythia::next(): 2000 events have been generated 

 Pythia::next(): 3000 events have been generated 

 Pythia::next(): 4000 events have been generated 

 Pythia::next(): 5000 events have been generated 

 Pythia::next(): 6000 events have been generated 

 Pythia::next(): 7000 events have been generated 

 Pythia::next(): 8000 events have been generated 

 Pythia::next(): 9000 events have been generated 
 PYTHIA Error in SimpleSpaceShower::pT2nearThreshold: stuck in loop  

 *-------  PYTHIA Event and Cross Section Statistics  -------------------------------------------------------------*
 |                                                                                                                 |
 | Subprocess                                    Code |            Number of events       |      sigma +- delta    |
 |                                                    |       Tried   Selected   Accepted |     (estimated) (mb)   |
 |                                                    |                                   |                        |
 |-----------------------------------------------------------------------------------------------------------------|
 |                                                    |                                   |                        |
 | g g -> c cbar                                  121 |      103527       9190       9190 |   2.552e+00  1.215e-02 |
 | q qbar -> c cbar                               122 |         747        167        167 |   4.400e-02  1.871e-03 |
 | g g -> b bbar                                  123 |        5943        630        630 |   1.812e-01  3.391e-03 |
 | q qbar -> b bbar                               124 |          49         13         13 |   3.429e-03  5.664e-04 |
 |                                                    |                                   |                        |
 | sum                                                |      110266      10000      10000 |   2.781e+00  1.276e-02 |
 |                                                                                                                 |
 *-------  End PYTHIA Event and Cross Section Statistics ----------------------------------------------------------*

 *-------  PYTHIA Error and Warning Messages Statistics  ----------------------------------------------------------* 
 |                                                                                                                 | 
 |  times   message                                                                                                | 
 |                                                                                                                 | 
 |      4   Error in Pythia::next: hadronLevel failed; try again                                                   | 
 |      1   Error in SimpleSpaceShower::pT2nearThreshold: stuck in loop                                            | 
 |      4   Error in StringFragmentation::fragment: stuck in joining                                               | 
 |      1   Warning in Pythia::check: energy-momentum not quite conserved                                          | 
 |      6   Warning in SimpleSpaceShower::pT2nextQCD: weight above unity                                           | 
 |     12   Warning in StringFragmentation::fragmentToJunction: bad convergence junction rest frame                | 
 |                                                                                                                 | 
 *-------  End PYTHIA Error and Warning Messages Statistics  ------------------------------------------------------* 
Cross Section (nb) = 2.781e+03
