Initializing EvtGen 
Setting EvtGen random number generator to the Herwig one.
EvtGen:Defining EvtPythiaEngine: data tables defined in /alistorage/mgiacalo/Rivet/software/HERWIG7//share/Pythia8/xmldoc
EvtGen:Pythia 6 codes in decay files will be converted to Pythia 8 codes
EvtGen:Using EvtGen random engine for Pythia 8 as well
EvtGen:Creating generic Pythia generator

 *------------------------------------------------------------------------------------* 
 |                                                                                    | 
 |  *------------------------------------------------------------------------------*  | 
 |  |                                                                              |  | 
 |  |                                                                              |  | 
 |  |   PPP   Y   Y  TTTTT  H   H  III    A      Welcome to the Lund Monte Carlo!  |  | 
 |  |   P  P   Y Y     T    H   H   I    A A     This is PYTHIA version 8.240      |  | 
 |  |   PPP     Y      T    HHHHH   I   AAAAA    Last date of change: 20 Dec 2018  |  | 
 |  |   P       Y      T    H   H   I   A   A                                      |  | 
 |  |   P       Y      T    H   H  III  A   A    Now is 06 Nov 2019 at 10:03:41    |  | 
 |  |                                                                              |  | 
 |  |   Christian Bierlich;  Department of Astronomy and Theoretical Physics,      |  | 
 |  |      Lund University, Solvegatan 14A, SE-223 62 Lund, Sweden;                |  | 
 |  |      e-mail: christian.bierlich@thep.lu.se                                   |  | 
 |  |   Nishita Desai;  Department of Theoretical Physics, Tata Institute,         |  | 
 |  |      Homi Bhabha Road, Mumbai 400005, India;                                 |  | 
 |  |      e-mail: desai@theory.tifr.res.in                                        |  | 
 |  |   Ilkka Helenius;  Department of Physics, University of Jyvaskyla,           |  | 
 |  |      P.O. Box 35, FI-40014 University of Jyvaskyla, Finland;                 |  | 
 |  |      e-mail: ilkka.m.helenius@jyu.fi                                         |  | 
 |  |   Philip Ilten;  School of Physics and Astronomy,                            |  | 
 |  |      University of Birmingham, Birmingham, B152 2TT, UK;                     |  | 
 |  |      e-mail: philten@cern.ch                                                 |  | 
 |  |   Leif Lonnblad;  Department of Astronomy and Theoretical Physics,           |  | 
 |  |      Lund University, Solvegatan 14A, SE-223 62 Lund, Sweden;                |  | 
 |  |      e-mail: leif.lonnblad@thep.lu.se                                        |  | 
 |  |   Stephen Mrenna;  Computing Division, Simulations Group,                    |  | 
 |  |      Fermi National Accelerator Laboratory, MS 234, Batavia, IL 60510, USA;  |  | 
 |  |      e-mail: mrenna@fnal.gov                                                 |  | 
 |  |   Stefan Prestel;  Department of Astronomy and Theoretical Physics,          |  | 
 |  |      Lund University, Solvegatan 14A, SE-223 62 Lund, Sweden;                |  | 
 |  |      e-mail: stefan.prestel@thep.lu.se                                       |  | 
 |  |   Christine O. Rasmussen;  Department of Astronomy and Theoretical Physics,  |  | 
 |  |      Lund University, Solvegatan 14A, SE-223 62 Lund, Sweden;                |  | 
 |  |      e-mail: christine.rasmussen@thep.lu.se                                  |  | 
 |  |   Torbjorn Sjostrand;  Department of Astronomy and Theoretical Physics,      |  | 
 |  |      Lund University, Solvegatan 14A, SE-223 62 Lund, Sweden;                |  | 
 |  |      e-mail: torbjorn@thep.lu.se                                             |  | 
 |  |   Peter Skands;  School of Physics,                                          |  | 
 |  |      Monash University, PO Box 27, 3800 Melbourne, Australia;                |  | 
 |  |      e-mail: peter.skands@monash.edu                                         |  | 
 |  |                                                                              |  | 
 |  |   The main program reference is 'An Introduction to PYTHIA 8.2',             |  | 
 |  |   T. Sjostrand et al, Comput. Phys. Commun. 191 (2015) 159                   |  | 
 |  |   [arXiv:1410.3012 [hep-ph]]                                                 |  | 
 |  |                                                                              |  | 
 |  |   The main physics reference is the 'PYTHIA 6.4 Physics and Manual',         |  | 
 |  |   T. Sjostrand, S. Mrenna and P. Skands, JHEP05 (2006) 026 [hep-ph/0603175]  |  | 
 |  |                                                                              |  | 
 |  |   An archive of program versions and documentation is found on the web:      |  | 
 |  |   http://www.thep.lu.se/Pythia                                               |  | 
 |  |                                                                              |  | 
 |  |   This program is released under the GNU General Public Licence version 2.   |  | 
 |  |   Please respect the MCnet Guidelines for Event Generator Authors and Users. |  | 
 |  |                                                                              |  | 
 |  |   Disclaimer: this program comes without any guarantees.                     |  | 
 |  |   Beware of errors and use common sense when interpreting results.           |  | 
 |  |                                                                              |  | 
 |  |   Copyright (C) 2018 Torbjorn Sjostrand                                      |  | 
 |  |                                                                              |  | 
 |  |                                                                              |  | 
 |  *------------------------------------------------------------------------------*  | 
 |                                                                                    | 
 *------------------------------------------------------------------------------------* 

EvtGen:Creating alias Pythia generator

 *------------------------------------------------------------------------------------* 
 |                                                                                    | 
 |  *------------------------------------------------------------------------------*  | 
 |  |                                                                              |  | 
 |  |                                                                              |  | 
 |  |   PPP   Y   Y  TTTTT  H   H  III    A      Welcome to the Lund Monte Carlo!  |  | 
 |  |   P  P   Y Y     T    H   H   I    A A     This is PYTHIA version 8.240      |  | 
 |  |   PPP     Y      T    HHHHH   I   AAAAA    Last date of change: 20 Dec 2018  |  | 
 |  |   P       Y      T    H   H   I   A   A                                      |  | 
 |  |   P       Y      T    H   H  III  A   A    Now is 06 Nov 2019 at 10:03:41    |  | 
 |  |                                                                              |  | 
 |  |   Christian Bierlich;  Department of Astronomy and Theoretical Physics,      |  | 
 |  |      Lund University, Solvegatan 14A, SE-223 62 Lund, Sweden;                |  | 
 |  |      e-mail: christian.bierlich@thep.lu.se                                   |  | 
 |  |   Nishita Desai;  Department of Theoretical Physics, Tata Institute,         |  | 
 |  |      Homi Bhabha Road, Mumbai 400005, India;                                 |  | 
 |  |      e-mail: desai@theory.tifr.res.in                                        |  | 
 |  |   Ilkka Helenius;  Department of Physics, University of Jyvaskyla,           |  | 
 |  |      P.O. Box 35, FI-40014 University of Jyvaskyla, Finland;                 |  | 
 |  |      e-mail: ilkka.m.helenius@jyu.fi                                         |  | 
 |  |   Philip Ilten;  School of Physics and Astronomy,                            |  | 
 |  |      University of Birmingham, Birmingham, B152 2TT, UK;                     |  | 
 |  |      e-mail: philten@cern.ch                                                 |  | 
 |  |   Leif Lonnblad;  Department of Astronomy and Theoretical Physics,           |  | 
 |  |      Lund University, Solvegatan 14A, SE-223 62 Lund, Sweden;                |  | 
 |  |      e-mail: leif.lonnblad@thep.lu.se                                        |  | 
 |  |   Stephen Mrenna;  Computing Division, Simulations Group,                    |  | 
 |  |      Fermi National Accelerator Laboratory, MS 234, Batavia, IL 60510, USA;  |  | 
 |  |      e-mail: mrenna@fnal.gov                                                 |  | 
 |  |   Stefan Prestel;  Department of Astronomy and Theoretical Physics,          |  | 
 |  |      Lund University, Solvegatan 14A, SE-223 62 Lund, Sweden;                |  | 
 |  |      e-mail: stefan.prestel@thep.lu.se                                       |  | 
 |  |   Christine O. Rasmussen;  Department of Astronomy and Theoretical Physics,  |  | 
 |  |      Lund University, Solvegatan 14A, SE-223 62 Lund, Sweden;                |  | 
 |  |      e-mail: christine.rasmussen@thep.lu.se                                  |  | 
 |  |   Torbjorn Sjostrand;  Department of Astronomy and Theoretical Physics,      |  | 
 |  |      Lund University, Solvegatan 14A, SE-223 62 Lund, Sweden;                |  | 
 |  |      e-mail: torbjorn@thep.lu.se                                             |  | 
 |  |   Peter Skands;  School of Physics,                                          |  | 
 |  |      Monash University, PO Box 27, 3800 Melbourne, Australia;                |  | 
 |  |      e-mail: peter.skands@monash.edu                                         |  | 
 |  |                                                                              |  | 
 |  |   The main program reference is 'An Introduction to PYTHIA 8.2',             |  | 
 |  |   T. Sjostrand et al, Comput. Phys. Commun. 191 (2015) 159                   |  | 
 |  |   [arXiv:1410.3012 [hep-ph]]                                                 |  | 
 |  |                                                                              |  | 
 |  |   The main physics reference is the 'PYTHIA 6.4 Physics and Manual',         |  | 
 |  |   T. Sjostrand, S. Mrenna and P. Skands, JHEP05 (2006) 026 [hep-ph/0603175]  |  | 
 |  |                                                                              |  | 
 |  |   An archive of program versions and documentation is found on the web:      |  | 
 |  |   http://www.thep.lu.se/Pythia                                               |  | 
 |  |                                                                              |  | 
 |  |   This program is released under the GNU General Public Licence version 2.   |  | 
 |  |   Please respect the MCnet Guidelines for Event Generator Authors and Users. |  | 
 |  |                                                                              |  | 
 |  |   Disclaimer: this program comes without any guarantees.                     |  | 
 |  |   Beware of errors and use common sense when interpreting results.           |  | 
 |  |                                                                              |  | 
 |  |   Copyright (C) 2018 Torbjorn Sjostrand                                      |  | 
 |  |                                                                              |  | 
 |  |                                                                              |  | 
 |  *------------------------------------------------------------------------------*  | 
 |                                                                                    | 
 *------------------------------------------------------------------------------------* 

EvtGen:Initializing EvtGen
EvtGen:Storing known decay models
EvtGen:Defining EvtBcToNPi model: Bc -> V + npi and Bc -> P + npi decays
from A.V. Berezhnoy, A.K. Likhoded, A.V. Luchinsky: Phys.Rev.D 82, 014012 (2010) and arXiV:1104.0808.
EvtGen:Main decay file name  :/alistorage/mgiacalo/Rivet/software/HERWIG7//share/DECAY_2010.DEC
EvtGen:PDT table file name   :/alistorage/mgiacalo/Rivet/software/HERWIG7//share/evt.pdl
EvtGen:In readDecayFile, reading:/alistorage/mgiacalo/Rivet/software/HERWIG7//share/DECAY_2010.DEC
EvtGen:Warning, sum of branching fractions for omega is 0.994
EvtGen:rescaled to one! 
EvtGen:Warning, sum of branching fractions for phi is 0.999
EvtGen:rescaled to one! 
EvtGen:Warning, sum of branching fractions for f_2 is 0.999
EvtGen:rescaled to one! 
EvtGen:Warning, sum of branching fractions for chi_c1 is 0.996
EvtGen:rescaled to one! 
EvtGen:Warning, sum of branching fractions for Upsilon(2S) is 0.992
EvtGen:rescaled to one! 
EvtGen:Warning, sum of branching fractions for Upsilon(3S) is 0.999
EvtGen:rescaled to one! 
EvtGen:Mixing type integer set to 1
EvtGen:Done initializing EvtGen
Finished initialisation of EvtGen 
EvtGen:Warning in EvtPythiaEngine. Trying to redefine Pythia table for Xi_c0 for a decay channel that has no daughters. Keeping Pythia default (if available).
EvtGen:Warning in EvtPythiaEngine. Trying to redefine Pythia table for Omega_c0 for a decay channel that has no daughters. Keeping Pythia default (if available).
EvtGen:Warning in EvtPythiaEngine. Trying to redefine Pythia table for Xi_c+ for a decay channel that has no daughters. Keeping Pythia default (if available).

 *-------  PYTHIA Flag + Mode + Parm + Word + FVec + MVec + PVec + WVec Settings (changes only)  ------------------* 
 |                                                                                                                 | 
 | Name                                          |                      Now |      Default         Min         Max | 
 |                                               |                          |                                      | 
 | ParticleDecays:multIncrease                   |                  4.50000 |      4.00000     2.00000     6.00000 | 
 | ParticleDecays:multIncreaseWeak               |                  2.00000 |      2.50000     1.00000     4.00000 | 
 | ProcessLevel:all                              |                      off |           on                         | 
 |                                                                                                                 | 
 *-------  End PYTHIA Flag + Mode + Parm + Word + FVec + MVec + PVec + WVec Settings  -----------------------------* 

 --------  PYTHIA Particle Data Table (changed only)  ------------------------------------------------------------------------------
 
      id   name            antiName         spn chg col      m0        mWidth      mMin       mMax       tau0    res dec ext vis wid
             no onMode   bRatio   meMode     products 

      15  tau-             tau+               2  -3   0    1.77682    0.00000    0.00000    0.00000  8.71100e-02   0   1   0   1   0
              0     1   0.0146916   21       16       22     -211      111 
              1     1   0.0050404   21       16     -321      111      111 
              2     1   0.1112044   21       16     -211      111      111      111 
              3     1   0.0041815   21       16     -211     -311 
              4     1   0.0207806   21       16     -321      311 
              5     1   0.0222183   21       16      311     -211     -311 
              6     1   0.0207806   21       16     -321      111      311 
              7     1   0.0522783   21       16     -211     -311      111 
              8     1   0.6025078   21       16     -211      211     -211      111 
              9     1   0.0446980   21       16     -321      211     -211 
             10     1   0.0177746   21       16     -321      211     -211      111 
             11     1   0.0182974   21       16     -321     -211      321 
             12     1   0.0002065   21       16     -321      321     -321 
             13     1   0.0181667   21       16      221     -211      111 
             14     1   0.0418147   21       16     -211      223      111 
             15     1   0.0053585   21       16     -321      223 

      43  Xu0              Xu0                0   0   0    1.00000    0.00000    1.00000    1.00000  0.00000e+00   0   1   0   1   0
              0     1   1.0000000   42        2       -2 

      44  Xu+              Xu-                0   3   0    1.00000    0.00000    1.00000    1.00000  0.00000e+00   0   1   0   1   0
              0     1   1.0000000   42        2       -1 

      84  anti-c-hadron    c-hadron           0  -2   0    2.00000    0.00000    2.00000    2.00000  1.00000e-01   0   1   0   1   0
              0     1   0.0800000   22      -11       12        3       81 
              1     1   0.0800000   22      -13       14        3       81 
              2     1   0.7600000   42        2       -1        3       81 
              3     1   0.0800000   42        2       -3        3       81 

     441  eta_c                               1   0   0    2.98100    0.02970    2.78040    3.18040  0.00000e+00   0   1   0   1   0
              0     1   1.0000000   42       82      -82 

     443  J/psi                               3   0   0    3.09692    0.00009    3.09602    3.09782  0.00000e+00   0   1   0   1   0
              0     1   0.1755825   42       82      -82 
              1     1   0.7578613   92       21       21       21 
              2     1   0.0665562   92       22       21       21 

     445  chi_2c                              5   0   0    3.55620    0.00198    3.53620    3.57620  0.00000e+00   0   1   0   1   0
              0     1   1.0000000   42       82      -82 

     511  B0               Bbar0              1   0   0    5.27958    0.00000    0.00000    0.00000  4.58700e-01   0   1   0   1   0
              0     1   0.0221123   63    -4101     2101 
              1     1   0.0442247   63    -4103     2103 
              2     1   0.0060307   63    -4301     2101 
              3     1   0.0120613   63    -4303     2103 
              4     1   0.5424554   23        2       -1       -4        1 
              5     1   0.0924697   43        2       -1       -4        1 
              6     1   0.0422145   43        2       -3       -4        1 
              7     1   0.0361838   23        2       -4       -1        1 
              8     1   0.0018092   23        2       -4       -3        1 
              9     1   0.1487556   43        4       -3       -4        1 
             10     1   0.0120613   43        4       -1       -4        1 
             11     1   0.0060307   23        2       -1       -2        1 
             12     1   0.0080409   23        4       -3       -2        1 
             13     1   0.0041209   23        2       -2       -1        1 
             14     1   0.0001408   23        1       -1       -1        1 
             15     1   0.0001809   23        3       -3       -1        1 
             16     1   0.0044224   23        2       -2       -3        1 
             17     1   0.0036183   23        1       -1       -3        1 
             18     1   0.0030153   23        3       -3       -3        1 
             19     1   0.0100511   91       -3        1 

     521  B+               B-                 1   3   0    5.27925    0.00000    0.00000    0.00000  4.91100e-01   0   1   0   1   0
              0     1   0.0766592   63    -4103     2203 
              1     1   0.0209072   63    -4303     2203 
              2     1   0.5232952   23        2       -1       -4        2 
              3     1   0.0998894   43        2       -1       -4        2 
              4     1   0.0522677   43        2       -3       -4        2 
              5     1   0.1719027   43        4       -3       -4        2 
              6     1   0.0092920   43        4       -1       -4        2 
              7     1   0.0069690   23        2       -1       -2        2 
              8     1   0.0092920   23        4       -3       -2        2 
              9     1   0.0047622   23        2       -2       -1        2 
             10     1   0.0001627   23        1       -1       -1        2 
             11     1   0.0002091   23        3       -3       -1        2 
             12     1   0.0051107   23        2       -2       -3        2 
             13     1   0.0041815   23        1       -1       -3        2 
             14     1   0.0034846   23        3       -3       -3        2 
             15     1   0.0116150   91       -3        2 

     531  B_s0             B_sbar0            1   0   0    5.36677    0.00000    0.00000    0.00000  4.39000e-01   0   1   0   1   0
              0     1   0.0415819   63    -4301     2101 
              1     1   0.0831222   63    -4303     2103 
              2     1   0.6399476   23        2       -1       -4        3 
              3     1   0.1029075   65        2       -1       -4        3 
              4     1   0.0405450   23        2       -4       -1        3 
              5     1   0.0083122   23        4       -3       -2        3 
              6     1   0.0311917   23        2       -3       -4        3 
              7     1   0.0045717   65        2       -3       -4        3 
              8     1   0.0018702   23        2       -4       -3        3 
              9     1   0.0114522   43        4       -1       -4        3 
             10     1   0.0031192   43        4       -1       -4        3 
             11     1   0.0074810   23        2       -2       -1        3 
             12     1   0.0014546   23        1       -1       -1        3 
             13     1   0.0018702   23        3       -3       -1        3 
             14     1   0.0041561   23        2       -2       -3        3 
             15     1   0.0033249   23        1       -1       -3        3 
             16     1   0.0027015   23        3       -3       -3        3 
             17     1   0.0103903   91       -3        3 

     541  B_c+             B_c-               1   3   0    6.27700    0.00000    0.00000    0.00000  1.38000e-01   0   1   0   1   0
              0     1   1.0000000   42        4       -3 

     551  eta_b                               1   0   0    9.40000    0.01000    9.30000    9.50000  0.00000e+00   0   1   0   1   0
              0     1   1.0000000   42       82      -82 

     553  Upsilon                             3   0   0    9.46030    0.00005    9.45980    9.46080  0.00000e+00   0   1   0   1   0
              0     1   0.0162092   91        1       -1 
              1     1   0.0486276   91        2       -2 
              2     1   0.0162092   91        3       -3 
              3     1   0.0486276   91        4       -4 
              4     1   0.8389886   92       21       21       21 
              5     1   0.0313378   92       22       21       21 

     555  chi_2b                              5   0   0    9.91220    0.00000    0.00000    0.00000  0.00000e+00   0   1   0   1   0
              0     1   1.0000000   91       21       21 

     557  Upsilon_3(1D)    Upsilon_3(1D)      6   0   0   10.15990    0.00000   10.15990   10.15990  0.00000e+00   0   1   0   1   0
              0     1   1.0000000   92       21       21       21 

    4122  Lambda_c+        Lambda_cbar-       2   3   0    2.28646    0.00000    0.00000    0.00000  5.99000e-02   0   1   0   1   0
              0     1   0.0306614   22      -11       12     3122 
              1     1   0.0073003   22      -11       12     3212 
              2     1   0.0073003   22      -11       12     3214 
              3     1   0.0043802   22      -11       12     2112 
              4     1   0.0029201   22      -11       12     2114 
              5     1   0.0087604   22      -11       12     2212     -211 
              6     1   0.0087604   22      -11       12     2112      111 
              7     1   0.0292013   22      -13       14     3122 
              8     1   0.0073003   22      -13       14     3212 
              9     1   0.0073003   22      -13       14     3214 
             10     1   0.0043802   22      -13       14     2112 
             11     1   0.0029201   22      -13       14     2114 
             12     1   0.0087604   22      -13       14     2212     -211 
             13     1   0.0087604   22      -13       14     2112      111 
             14     1   0.0125566    0     2224     -321 
             15     1   0.0365017    0     2224     -323 
             16     1   0.0335815    0     2212     -311 
             17     1   0.0233611    0     2212     -313 
             18     1   0.0073003    0     2214     -311 
             19     1   0.0073003    0     2214     -313 
             20     1   0.0156227    0     3122      211 
             21     1   0.0073003    0     3122      213 
             22     1   0.0153307    0     3212      211 
             23     1   0.0058403    0     3212      213 
             24     1   0.0058403    0     3214      211 
             25     1   0.0058403    0     3214      213 
             26     1   0.0146007    0     3222      111 
             27     1   0.0080304    0     3222      221 
             28     1   0.0029201    0     3222      331 
             29     1   0.0058403    0     3222      113 
             30     1   0.0394218    0     3222      223 
             31     1   0.0043802    0     3224      111 
             32     1   0.0124106    0     3224      221 
             33     1   0.0043802    0     3224      113 
             34     1   0.0043802    0     3224      223 
             35     1   0.0056943    0     3322      321 
             36     1   0.0029201    0     3322      323 
             37     1   0.0037962    0     3324      321 
             38     1   0.0014601    0     2224     -211 
             39     1   0.0014601    0     2224     -213 
             40     1   0.0029201    0     2212      111 
             41     1   0.0014601    0     2212      221 
             42     1   0.0014601    0     2212      331 
             43     1   0.0029201    0     2212      113 
             44     1   0.0029201    0     2212      223 
             45     1   0.0011973    0     2212      333 
             46     1   0.0040882    0     2212  9010221 
             47     1   0.0014601    0     2214      111 
             48     1   0.0014601    0     2214      221 
             49     1   0.0014601    0     2214      331 
             50     1   0.0014601    0     2214      113 
             51     1   0.0014601    0     2214      223 
             52     1   0.0043802    0     2112      211 
             53     1   0.0043802    0     2112      213 
             54     1   0.0043802    0     2114      211 
             55     1   0.0043802    0     2114      213 
             56     1   0.0073003    0     3122      321 
             57     1   0.0073003    0     3122      323 
             58     1   0.0029201    0     3212      321 
             59     1   0.0029201    0     3212      323 
             60     1   0.0014601    0     3214      321 
             61     1   0.0014601    0     3214      323 
             62     1   0.0029201    0     3222      311 
             63     1   0.0040882    0     3222      313 
             64     1   0.0014601    0     3224      311 
             65     1   0.0014601    0     3224      313 
             66     1   0.0935823   43        2       -1        1     3201 
             67     1   0.0410322   43        2       -1        1     3203 
             68     1   0.0251952   43        2       -3        1     3201 
             69     1   0.0251952   43        2       -1        1     2101 
             70     1   0.0683871   43        3     2203 
             71     1   0.1007809   43        2     3201 
             72     1   0.1007809   43        2     3203 
             73     1   0.0215959   43        1     2203 
             74     1   0.0107980   43        2     2101 
             75     1   0.0107980   43        2     2103 

    4132  Xi_c0            Xi_cbar0           2   0   0    2.47088    0.00000    0.00000    0.00000  3.36000e-02   0   1   0   1   0
              0     1   0.0200000   22      -11       12        3     3101 
              1     1   0.0050000   22      -11       12        3     3103 
              2     1   0.0200000   22      -13       14        3     3101 
              3     1   0.0050000   22      -13       14        3     3103 
              4     1   0.5400000   42        2       -1        3     3101 
              5     1   0.2100000   42        3     3201 
              6     1   0.1000000   42        3     3203 
              7     1   0.1000000   42        2     3303 

    4232  Xi_c+            Xi_cbar-           2   3   0    2.46780    0.00000    0.00000    0.00000  1.32000e-01   0   1   0   1   0
              0     1   0.0280000   22      -11       12        3     3201 
              1     1   0.0070000   22      -11       12        3     3203 
              2     1   0.0280000   22      -13       14        3     3201 
              3     1   0.0070000   22      -13       14        3     3203 
              4     1   0.9300000   42        2       -1        3     3201 

    4332  Omega_c0         Omega_cbar0        2   0   0    2.69520    0.00000    0.00000    0.00000  2.10000e-02   0   1   0   1   0
              0     1   0.0180000   22      -11       12        3     3303 
              1     1   0.0180000   22      -13       14        3     3303 
              2     1   0.9640000   42        2       -1        3     3303 

    4412  Xi_cc+           Xi_ccbar-          2   3   0    3.59798    0.00000    0.00000    0.00000  1.00000e-01   0   1   0   1   0
              0     1   0.6071429   42        2       -1        3     4101 
              1     1   0.2976190   42        2       -1        3     4103 
              2     1   0.0595238   42        2       -3        3     4101 
              3     1   0.0357143   42        2       -3        3     4103 

    4414  Xi*_cc+          Xi*_ccbar-         4   3   0    3.65648    0.00000    0.00000    0.00000  1.00000e-01   0   1   0   1   0
              0     1   0.6071429   42        2       -1        3     4101 
              1     1   0.2976190   42        2       -1        3     4103 
              2     1   0.0595238   42        2       -3        3     4101 
              3     1   0.0357143   42        2       -3        3     4103 

    4422  Xi_cc++          Xi_ccbar--         2   6   0    3.59798    0.00000    0.00000    0.00000  1.00000e-01   0   1   0   1   0
              0     1   0.6071429   42        2       -1        3     4201 
              1     1   0.2976190   42        2       -1        3     4203 
              2     1   0.0595238   42        2       -3        3     4201 
              3     1   0.0357143   42        2       -3        3     4203 

    4424  Xi*_cc++         Xi*_ccbar--        4   6   0    3.65648    0.00000    0.00000    0.00000  1.00000e-01   0   1   0   1   0
              0     1   0.6071429   42        2       -1        3     4201 
              1     1   0.2976190   42        2       -1        3     4203 
              2     1   0.0595238   42        2       -3        3     4201 
              3     1   0.0357143   42        2       -3        3     4203 

    4432  Omega_cc+        Omega_ccbar-       2   3   0    3.78663    0.00000    0.00000    0.00000  1.00000e-01   0   1   0   1   0
              0     1   0.6071429   42        2       -1        3     4301 
              1     1   0.2976190   42        2       -1        3     4303 
              2     1   0.0595238   42        2       -3        3     4301 
              3     1   0.0357143   42        2       -3        3     4303 

    4434  Omega*_cc+       Omega*_ccbar-      4   3   0    3.82466    0.00000    0.00000    0.00000  1.00000e-01   0   1   0   1   0
              0     1   0.6071429   42        2       -1        3     4301 
              1     1   0.2976190   42        2       -1        3     4303 
              2     1   0.0595238   42        2       -3        3     4301 
              3     1   0.0357143   42        2       -3        3     4303 

    5122  Lambda_b0        Lambda_bbar0       2   0   0    5.61940    0.00000    0.00000    0.00000  3.69000e-01   0   1   0   1   0
              0     1   0.6934492   23       -2        1        4     2101 
              1     1   0.1430570   43       -2        4        1     2101 
              2     1   0.1257644   43       -4        3        4     2101 
              3     1   0.0188647   22       -2        1        2     2101 
              4     1   0.0188647   22       -4        3        2     2101 

    5132  Xi_b-            Xi_bbar+           2  -3   0    5.79110    0.00000    0.00000    0.00000  3.64000e-01   0   1   0   1   0
              0     1   0.4733275   43        1       -2        1     4301 
              1     1   0.2075548   43        1       -2        1     4303 
              2     1   0.0773674   43        3       -2        1     4301 
              3     1   0.0069368   43        1       -2        3     4303 
              4     1   0.0097335   43        1       -2        3     4301 
              5     1   0.0750837   43        3       -4        1     4301 
              6     1   0.0844874   43        1       -2        1     4101 
              7     1   0.0488386   43        3       -4        1     4101 
              8     1   0.0105640   43        1       -2        1     3201 
              9     1   0.0061063   43        3       -4        1     3201 

    5232  Xi_b0            Xi_bbar0           2   0   0    5.78800    0.00000    0.00000    0.00000  3.64000e-01   0   1   0   1   0
              0     1   0.7166569   43        1       -2        3     4201 
              1     1   0.0166716   43        3       -2        3     4203 
              2     1   0.1166765   43        3       -2        3     4403 
              3     1   0.1333235   43        3       -2        1     4203 
              4     1   0.0166716   43        1       -2        1     2203 

    5332  Omega_b-         Omega_bbar+        2  -3   0    6.07000    0.00000    0.00000    0.00000  3.64000e-01   0   1   0   1   0
              0     1   0.8333374   43        1       -2        3     4301 
              1     1   0.1333252   43        1       -2        1     4301 
              2     1   0.0333374   43        1       -2        3     3201 

   10441  chi_0c                              1   0   0    3.41475    0.01040    3.31076    3.51876  0.00000e+00   0   1   0   1   0
              0     1   1.0000000   42       82      -82 

   10443  h_1c                                3   0   0    3.52541    0.01000    3.36000    3.56000  0.00000e+00   0   1   0   1   0
              0     1   1.0000000   42       82      -82 

   10551  chi_0b                              1   0   0    9.85940    0.00000    0.00000    0.00000  0.00000e+00   0   1   0   1   0
              0     1   1.0000000   42       82      -82 

   10553  h_1b                                3   0   0    9.89860    0.01000    9.85500    9.89500  0.00000e+00   0   1   0   1   0
              0     1   1.0000000   91       21       21 

   10555  eta_b2(1D)       eta_b2(1D)         4   0   0   10.15700    0.00000   10.15700   10.15700  0.00000e+00   0   1   0   1   0
              0     1   1.0000000   91       21       21 

   20443  chi_1c                              3   0   0    3.51066    0.00086    3.50176    3.51956  0.00000e+00   0   1   0   1   0
              0     1   1.0000000   42       82      -82 

   20553  chi_1b                              3   0   0    9.89280    0.00000    0.00000    0.00000  0.00000e+00   0   1   0   1   0
              0     1   1.0000000   91       21       21 

   20555  Upsilon_2(1D)    Upsilon_2(1D)      4   0   0   10.15620    0.00000   10.15620   10.15620  0.00000e+00   0   1   0   1   0
              0     1   1.0000000   92       21       21       21 

   30343  Xsd              anti-Xsd           2   0   0    1.60000    0.00000    0.60000    1.60000  0.00000e+00   0   1   0   1   0
              0     1   1.0000000   42        1       -3 

   30353  Xsu              anti-Xsu           2   3   0    1.60000    0.00000    0.60000    1.60000  0.00000e+00   0   1   0   1   0
              0     1   1.0000000   42        2       -3 

   30363  anti-Xss         Xss                2   0   0    1.80000    0.00000    0.80000    1.80000  0.00000e+00   0   1   0   1   0
              0     1   1.0000000   42        3       -3 

   30443  psi(3770)                           3   0   0    3.77315    0.02720    3.54110    4.00110  0.00000e+00   0   1   0   1   0
              0     1   1.0000000   42       82      -82 

   30553  Upsilon_1(1D)    Upsilon_1(1D)      2   0   0   10.16370    0.00000   10.16370   10.16370  0.00000e+00   0   1   0   1   0
              0     1   1.0000000   92       21       21       21 

  100441  eta_c(2S)                           1   0   0    3.63890    0.01000    3.49800    3.77800  0.00000e+00   0   1   0   1   0
              0     1   1.0000000   42       82      -82 

  100443  psi(2S)                             3   0   0    3.68611    0.00030    3.68269    3.68949  0.00000e+00   0   1   0   1   0
              0     1   0.1092201   42       82      -82 
              1     1   0.8316585   92       21       21       21 
              2     1   0.0591215   92       22       21       21 

  100553  Upsilon(2S)                         3   0   0   10.02326    0.00003   10.02297   10.02357  0.00000e+00   0   1   0   1   0
              0     1   0.0102543   91        1       -1 
              1     1   0.0410172   91        2       -2 
              2     1   0.0102543   91        3       -3 
              3     1   0.0410172   91        4       -4 
              4     1   0.8646432   92       21       21       21 
              5     1   0.0328138   92       22       21       21 

  100555  chi_b2(2P)       chi_b2(2P)         4   0   0   10.26865    0.00000   10.26865   10.26865  0.00000e+00   0   1   0   1   0
              0     1   0.0189728    0       22      557 
              1     1   0.9810272   91       21       21 

  100557  Upsilon_3(2D)    Upsilon_3(2D)      6   0   0   10.44430    0.00000   10.44430   10.44430  0.00000e+00   0   1   0   1   0
              0     1   1.0000000   92       21       21       21 

  110551  chi_b0(2P)       chi_b0(2P)         0   0   0   10.23250    0.00000   10.23250   10.23250  0.00000e+00   0   1   0   1   0
              0     1   1.0000000   91       21       21 

  110553  h_b(2P)          h_b(2P)            2   0   0   10.25500    0.00000   10.25500   10.25500  0.00000e+00   0   1   0   1   0
              0     1   1.0000000   91       21       21 

  110555  eta_b2(2D)       eta_b2(2D)         4   0   0   10.44100    0.00000   10.44100   10.44100  0.00000e+00   0   1   0   1   0
              0     1   1.0000000   91       21       21 

  120553  chi_b1(2P)       chi_b1(2P)         2   0   0   10.25546    0.00000   10.25546   10.25546  0.00000e+00   0   1   0   1   0
              0     1   1.0000000   91       21       21 

  120555  Upsilon_2(2D)    Upsilon_2(2D)      4   0   0   10.44060    0.00000   10.44060   10.44060  0.00000e+00   0   1   0   1   0
              0     1   1.0000000   92       21       21       21 

  130553  Upsilon_1(2D)    Upsilon_1(2D)      2   0   0   10.43490    0.00000   10.43490   10.43490  0.00000e+00   0   1   0   1   0
              0     1   1.0000000   92       21       21       21 

  200553  Upsilon(3S)                         3   0   0   10.35520    0.00002   10.35520   10.35520  0.00000e+00   0   1   0   1   0
              0     1   0.0152905   91        1       -1 
              1     1   0.0611621   91        2       -2 
              2     1   0.0152905   91        3       -3 
              3     1   0.0611621   91        4       -4 
              4     1   0.8252512   92       21       21       21 
              5     1   0.0218436   92       22       21       21 

  200555  chi_b2(3P)       chi_b2(3P)         4   0   0   10.52640    0.00000   10.52640   10.52640  0.00000e+00   0   1   0   1   0
              0     1   1.0000000   91       21       21 

  210551  chi_b0(3P)       chi_b0(3P)         0   0   0   10.50070    0.00000   10.50070   10.50070  0.00000e+00   0   1   0   1   0
              0     1   1.0000000   91       21       21 

  210553  h_b(3P)          h_b(3P)            2   0   0   10.51600    0.00000   10.51600   10.51600  0.00000e+00   0   1   0   1   0
              0     1   1.0000000   91       21       21 

  220553  chi_b1(3P)       chi_b1(3P)         2   0   0   10.51600    0.00000   10.51600   10.51600  0.00000e+00   0   1   0   1   0
              0     1   1.0000000   91       21       21 

  300553  Upsilon(4S)      Upsilon(4S)        2   0   0   10.57940    0.02050   10.54040   10.88690  0.00000e+00   0   1   0   1   0
              0     1   0.9550563   92       21       21       21 
              1     1   0.0449437   92       22       21       21 

 9000553  Upsilon(5S)      Upsilon(5S)        2   0   0   10.87600    0.05500    9.22600   11.70100  0.00000e+00   0   1   0   1   0
              0     1   1.0000000   92       21       21       21 

 9920443  X_1(3872)        X_1(3872)          2   0   0    3.87220    0.00032    3.86930    3.87696  0.00000e+00   0   1   0   1   0
              0     1   1.0000000   42       82      -82 

 --------  End PYTHIA Particle Data Table  -----------------------------------------------------------------------------------------


 *-------  PYTHIA Flag + Mode + Parm + Word + FVec + MVec + PVec + WVec Settings (changes only)  ------------------* 
 |                                                                                                                 | 
 | Name                                          |                      Now |      Default         Min         Max | 
 |                                               |                          |                                      | 
 | ParticleDecays:multIncrease                   |                  4.50000 |      4.00000     2.00000     6.00000 | 
 | ParticleDecays:multIncreaseWeak               |                  2.00000 |      2.50000     1.00000     4.00000 | 
 | ProcessLevel:all                              |                      off |           on                         | 
 |                                                                                                                 | 
 *-------  End PYTHIA Flag + Mode + Parm + Word + FVec + MVec + PVec + WVec Settings  -----------------------------* 

 --------  PYTHIA Particle Data Table (changed only)  ------------------------------------------------------------------------------
 
      id   name            antiName         spn chg col      m0        mWidth      mMin       mMax       tau0    res dec ext vis wid
             no onMode   bRatio   meMode     products 

 no particle data has been changed from its default value 

 --------  End PYTHIA Particle Data Table  -----------------------------------------------------------------------------------------


 --------  PYTHIA Event Listing  (complete event)  ---------------------------------------------------------------------------------
 
    no         id  name            status     mothers   daughters     colours      p_x        p_y        p_z         e          m 
     0         90  (system)           -11     0     0     0     0     0     0      0.000      0.000      0.000      5.279      5.279
     1        521  (B+)                -1     0     0     2     6     0     0      0.000      0.000      0.000      5.279      5.279
     2       -423  (D*bar0)           -91     1     0     7     8     0     0      0.459     -0.249     -0.044      2.074      2.007
     3        313  (K*0)              -91     1     0     9    10     0     0     -0.087      0.053     -0.050      0.926      0.919
     4        111  (pi0)              -91     1     0    11    12     0     0     -0.083      0.072     -0.107      0.204      0.135
     5        421  (D0)               -91     1     0    13    16     0     0     -0.296      0.018      0.164      1.895      1.865
     6        211  pi+                 91     1     0     0     0     0     0      0.006      0.106      0.036      0.179      0.140
     7       -421  (Dbar0)            -91     2     0    17    18     0     0      0.463     -0.249     -0.060      1.938      1.865
     8        111  (pi0)              -91     2     0    19    20     0     0     -0.004     -0.001      0.016      0.136      0.135
     9        321  K+                  91     3     0     0     0     0     0      0.231     -0.013     -0.137      0.562      0.494
    10       -211  pi-                 91     3     0     0     0     0     0     -0.318      0.066      0.087      0.364      0.140
    11         22  gamma               91     4     0     0     0     0     0      0.022      0.062     -0.024      0.070      0.000
    12         22  gamma               91     4     0     0     0     0     0     -0.105      0.010     -0.083      0.134      0.000
    13        311  (K0)               -91     5     0    21    21     0     0      0.308     -0.398      0.088      0.713      0.498
    14        211  pi+                 91     5     0     0     0     0     0     -0.442     -0.010     -0.153      0.488      0.140
    15       -211  pi-                 91     5     0     0     0     0     0      0.114      0.141      0.031      0.231      0.140
    16        111  (pi0)              -91     5     0    22    23     0     0     -0.275      0.284      0.199      0.463      0.135
    17       -311  (Kbar0)            -91     7     0    24    24     0     0      0.699      0.348      0.001      0.926      0.498
    18        223  (omega)            -91     7     0    25    27     0     0     -0.236     -0.596     -0.061      1.012      0.781
    19         22  gamma               91     8     0     0     0     0     0      0.034      0.056      0.017      0.068      0.000
    20         22  gamma               91     8     0     0     0     0     0     -0.037     -0.057     -0.001      0.068      0.000
    21        310  (K_S0)             -91    13    13    28    29     0     0      0.308     -0.398      0.088      0.713      0.498
    22         22  gamma               91    16     0     0     0     0     0     -0.048      0.047      0.099      0.119      0.000
    23         22  gamma               91    16     0     0     0     0     0     -0.228      0.238      0.100      0.344      0.000
    24        130  K_L0                91    17    17     0     0     0     0      0.699      0.348      0.001      0.926      0.498
    25        211  pi+                 91    18     0     0     0     0     0     -0.222     -0.223      0.215      0.406      0.140
    26       -211  pi-                 91    18     0     0     0     0     0     -0.132     -0.260     -0.131      0.349      0.140
    27        111  (pi0)              -91    18     0    30    31     0     0      0.119     -0.113     -0.145      0.257      0.135
    28        211  pi+                 91    21     0     0     0     0     0      0.278     -0.286     -0.118      0.439      0.140
    29       -211  pi-                 91    21     0     0     0     0     0      0.030     -0.112      0.206      0.274      0.140
    30         22  gamma               91    27     0     0     0     0     0      0.022     -0.114     -0.077      0.140      0.000
    31         22  gamma               91    27     0     0     0     0     0      0.096      0.001     -0.068      0.118      0.000
                                   Charge sum:  1.000           Momentum sum:      0.000     -0.000      0.000      5.279      5.279

 --------  End PYTHIA Event Listing  -----------------------------------------------------------------------------------------------
 PYTHIA Warning in TauDecays::decay: unknown uncorrelated tau production, assuming unpolarized  
EvtGen:prob > probmax:(18.131>18.112)(SLN) D_s- -> tau- anti-nu_tau 

 Pythia::next(): 1000 events have been generated 
EvtGen:prob > probmax:(18.131>18.112)(SLN) D_s- -> tau- anti-nu_tau 
EvtGen:prob > probmax:(18.131>18.112)(SLN) D_s- -> tau- anti-nu_tau 
EvtGen:prob > probmax:(8.547>8.546)(SLN) D+ -> tau+ nu_tau 
EvtGen:prob > probmax:(8.547>8.546)(SLN) D- -> tau- anti-nu_tau 
EvtGen:prob > probmax:(8.547>8.546)(SLN) D+ -> tau+ nu_tau 
EvtGen:Tried accept/reject: 10000 times, and rejected all the times!
EvtGen:
Dimension:1
(1.000,-0.000) 

EvtGen:Is therefore accepting the last event!
EvtGen:Decay of particle:anti-D0(channel:13) with mass 1.865
EvtGen:Daughter 0:rho+ with mass 1.759
EvtGen:Daughter 1:mu- with mass 0.106
EvtGen:Daughter 2:anti-nu_mu with mass 0.000
EvtGen:prob > probmax:(18.131>18.112)(SLN) D_s- -> tau- anti-nu_tau 
EvtGen:prob > probmax:(8.547>8.546)(SLN) D- -> tau- anti-nu_tau 

 Pythia::next(): 2000 events have been generated 
EvtGen:prob > probmax:(18.131>18.112)(SLN) D_s- -> tau- anti-nu_tau 
EvtGen:prob > probmax:(18.131>18.112)(SLN) D_s- -> tau- anti-nu_tau 
EvtGen:prob > probmax:(8.547>8.546)(SLN) D- -> tau- anti-nu_tau 

 Pythia::next(): 3000 events have been generated 
EvtGen:prob > probmax:(18.131>18.112)(SLN) D_s- -> tau- anti-nu_tau 
EvtGen:prob > probmax:(18.131>18.112)(SLN) D_s+ -> tau+ nu_tau 
EvtGen:prob > probmax:(8.547>8.546)(SLN) D- -> tau- anti-nu_tau 
EvtGen:prob > probmax:(8.547>8.546)(SLN) D+ -> tau+ nu_tau 
EvtGen:prob > probmax:(8.547>8.546)(SLN) D+ -> tau+ nu_tau 
EvtGen:prob > probmax:(8.547>8.546)(SLN) D- -> tau- anti-nu_tau 

 Pythia::next(): 4000 events have been generated 
EvtGen:prob > probmax:(8.547>8.546)(SLN) D- -> tau- anti-nu_tau 
EvtGen:prob > probmax:(8.547>8.546)(SLN) D- -> tau- anti-nu_tau 
EvtGen:prob > probmax:(8.547>8.546)(SLN) D- -> tau- anti-nu_tau 

 Pythia::next(): 5000 events have been generated 
EvtGen:prob > probmax:(18.131>18.112)(SLN) D_s+ -> tau+ nu_tau 
EvtGen:prob > probmax:(8.547>8.546)(SLN) D- -> tau- anti-nu_tau 

 Pythia::next(): 6000 events have been generated 
EvtGen:prob > probmax:(8.547>8.546)(SLN) D- -> tau- anti-nu_tau 
EvtGen:prob > probmax:(8.547>8.546)(SLN) D+ -> tau+ nu_tau 
EvtGen:prob > probmax:(18.131>18.112)(SLN) D_s- -> tau- anti-nu_tau 

 Pythia::next(): 7000 events have been generated 
EvtGen:prob > probmax:(8.547>8.546)(SLN) D- -> tau- anti-nu_tau 
EvtGen:prob > probmax:(8.547>8.546)(SLN) D- -> tau- anti-nu_tau 
EvtGen:prob > probmax:(18.131>18.112)(SLN) D_s- -> tau- anti-nu_tau 
EvtGen:prob > probmax:(8.547>8.546)(SLN) D+ -> tau+ nu_tau 
EvtGen:prob > probmax:(8.547>8.546)(SLN) D- -> tau- anti-nu_tau 

 Pythia::next(): 8000 events have been generated 
EvtGen:prob > probmax:(18.131>18.112)(SLN) D_s- -> tau- anti-nu_tau 
EvtGen:prob > probmax:(8.547>8.546)(SLN) D- -> tau- anti-nu_tau 
EvtGen:prob > probmax:(8.547>8.546)(SLN) D- -> tau- anti-nu_tau 
EvtGen:prob > probmax:(8.547>8.546)(SLN) D- -> tau- anti-nu_tau 
EvtGen:prob > probmax:(18.131>18.112)(SLN) D_s+ -> tau+ nu_tau 
EvtGen:prob > probmax:(8.547>8.546)(SLN) D+ -> tau+ nu_tau 
EvtGen:prob > probmax:(8.547>8.546)(SLN) D+ -> tau+ nu_tau 

 Pythia::next(): 9000 events have been generated 
EvtGen:prob > probmax:(8.547>8.546)(SLN) D- -> tau- anti-nu_tau 
EvtGen:prob > probmax:(18.131>18.112)(SLN) D_s+ -> tau+ nu_tau 
EvtGen:prob > probmax:(18.131>18.112)(SLN) D_s- -> tau- anti-nu_tau 
EvtGen:prob > probmax:(8.547>8.546)(SLN) D- -> tau- anti-nu_tau 

 Pythia::next(): 10000 events have been generated 
EvtGen:prob > probmax:(8.547>8.546)(SLN) D- -> tau- anti-nu_tau 
EvtGen:prob > probmax:(8.547>8.546)(SLN) D+ -> tau+ nu_tau 

 Pythia::next(): 11000 events have been generated 
EvtGen:prob > probmax:(8.547>8.546)(SLN) D+ -> tau+ nu_tau 
EvtGen:prob > probmax:(8.547>8.546)(SLN) D- -> tau- anti-nu_tau 
EvtGen:prob > probmax:(8.547>8.546)(SLN) D- -> tau- anti-nu_tau 
EvtGen:prob > probmax:(8.547>8.546)(SLN) D- -> tau- anti-nu_tau 
EvtGen:prob > probmax:(18.131>18.112)(SLN) D_s- -> tau- anti-nu_tau 

 Pythia::next(): 12000 events have been generated 
EvtGen:prob > probmax:(8.547>8.546)(SLN) D+ -> tau+ nu_tau 
EvtGen:prob > probmax:(8.547>8.546)(SLN) D+ -> tau+ nu_tau 
EvtGen:prob > probmax:(8.547>8.546)(SLN) D- -> tau- anti-nu_tau 
EvtGen:prob > probmax:(8.547>8.546)(SLN) D- -> tau- anti-nu_tau 
EvtGen:prob > probmax:(18.131>18.112)(SLN) D_s- -> tau- anti-nu_tau 
EvtGen:prob > probmax:(18.131>18.112)(SLN) D_s+ -> tau+ nu_tau 
EvtGen:prob > probmax:(0.345>0.345)(SLN) D_s+ -> mu+ nu_mu 

 Pythia::next(): 13000 events have been generated 
EvtGen:prob > probmax:(8.547>8.546)(SLN) D+ -> tau+ nu_tau 
EvtGen:prob > probmax:(8.547>8.546)(SLN) D+ -> tau+ nu_tau 
EvtGen:prob > probmax:(18.131>18.112)(SLN) D_s- -> tau- anti-nu_tau 
EvtGen:prob > probmax:(0.345>0.345)(SLN) D_s+ -> mu+ nu_mu 
EvtGen:prob > probmax:(18.131>18.112)(SLN) D_s+ -> tau+ nu_tau 

 Pythia::next(): 14000 events have been generated 
EvtGen:prob > probmax:(8.547>8.546)(SLN) D+ -> tau+ nu_tau 
EvtGen:prob > probmax:(8.547>8.546)(SLN) D+ -> tau+ nu_tau 
EvtGen:prob > probmax:(8.547>8.546)(SLN) D- -> tau- anti-nu_tau 
EvtGen:prob > probmax:(8.547>8.546)(SLN) D- -> tau- anti-nu_tau 
EvtGen:prob > probmax:(8.547>8.546)(SLN) D- -> tau- anti-nu_tau 
EvtGen:prob > probmax:(18.131>18.112)(SLN) D_s- -> tau- anti-nu_tau 
EvtGen:prob > probmax:(8.547>8.546)(SLN) D+ -> tau+ nu_tau 
EvtGen:prob > probmax:(8.547>8.546)(SLN) D+ -> tau+ nu_tau 

 Pythia::next(): 15000 events have been generated 
EvtGen:prob > probmax:(8.547>8.546)(SLN) D+ -> tau+ nu_tau 
EvtGen:prob > probmax:(0.345>0.345)(SLN) D_s- -> mu- anti-nu_mu 
EvtGen:prob > probmax:(8.547>8.546)(SLN) D- -> tau- anti-nu_tau 
EvtGen:prob > probmax:(8.547>8.546)(SLN) D- -> tau- anti-nu_tau 
EvtGen:prob > probmax:(18.131>18.112)(SLN) D_s+ -> tau+ nu_tau 
EvtGen:prob > probmax:(8.547>8.546)(SLN) D+ -> tau+ nu_tau 

 Pythia::next(): 16000 events have been generated 
EvtGen:prob > probmax:(18.131>18.112)(SLN) D_s- -> tau- anti-nu_tau 
EvtGen:prob > probmax:(8.547>8.546)(SLN) D- -> tau- anti-nu_tau 
EvtGen:prob > probmax:(18.131>18.112)(SLN) D_s+ -> tau+ nu_tau 

 Pythia::next(): 17000 events have been generated 
EvtGen:prob > probmax:(18.131>18.112)(SLN) D_s+ -> tau+ nu_tau 
EvtGen:prob > probmax:(18.131>18.112)(SLN) D_s- -> tau- anti-nu_tau 
EvtGen:prob > probmax:(18.131>18.112)(SLN) D_s- -> tau- anti-nu_tau 

 Pythia::next(): 18000 events have been generated 
EvtGen:prob > probmax:(18.131>18.112)(SLN) D_s+ -> tau+ nu_tau 
EvtGen:prob > probmax:(8.547>8.546)(SLN) D- -> tau- anti-nu_tau 
EvtGen:prob > probmax:(8.547>8.546)(SLN) D+ -> tau+ nu_tau 
EvtGen:prob > probmax:(8.547>8.546)(SLN) D+ -> tau+ nu_tau 
EvtGen:prob > probmax:(0.345>0.345)(SLN) D_s- -> mu- anti-nu_mu 
EvtGen:prob > probmax:(8.547>8.546)(SLN) D+ -> tau+ nu_tau 
EvtGen:prob > probmax:(8.547>8.546)(SLN) D- -> tau- anti-nu_tau 

 Pythia::next(): 19000 events have been generated 
EvtGen:prob > probmax:(8.547>8.546)(SLN) D- -> tau- anti-nu_tau 
EvtGen:prob > probmax:(8.547>8.546)(SLN) D- -> tau- anti-nu_tau 
EvtGen:prob > probmax:(18.131>18.112)(SLN) D_s+ -> tau+ nu_tau 
EvtGen:prob > probmax:(8.547>8.546)(SLN) D- -> tau- anti-nu_tau 
EvtGen:prob > probmax:(0.345>0.345)(SLN) D_s- -> mu- anti-nu_mu 

 Pythia::next(): 20000 events have been generated 
EvtGen:prob > probmax:(8.547>8.546)(SLN) D- -> tau- anti-nu_tau 
EvtGen:prob > probmax:(8.547>8.546)(SLN) D- -> tau- anti-nu_tau 
EvtGen:prob > probmax:(8.547>8.546)(SLN) D- -> tau- anti-nu_tau 

 Pythia::next(): 21000 events have been generated 
EvtGen:prob > probmax:(0.345>0.345)(SLN) D_s- -> mu- anti-nu_mu 
EvtGen:prob > probmax:(8.547>8.546)(SLN) D+ -> tau+ nu_tau 
EvtGen:prob > probmax:(8.547>8.546)(SLN) D+ -> tau+ nu_tau 
EvtGen:prob > probmax:(18.131>18.112)(SLN) D_s+ -> tau+ nu_tau 
EvtGen:prob > probmax:(18.131>18.112)(SLN) D_s- -> tau- anti-nu_tau 
EvtGen:prob > probmax:(0.345>0.345)(SLN) D_s+ -> mu+ nu_mu 
EvtGen:prob > probmax:(8.547>8.546)(SLN) D+ -> tau+ nu_tau 

 Pythia::next(): 22000 events have been generated 
EvtGen:prob > probmax:(8.547>8.546)(SLN) D- -> tau- anti-nu_tau 
EvtGen:prob > probmax:(8.547>8.546)(SLN) D- -> tau- anti-nu_tau 

 Pythia::next(): 23000 events have been generated 
EvtGen:prob > probmax:(18.131>18.112)(SLN) D_s- -> tau- anti-nu_tau 
EvtGen:prob > probmax:(8.547>8.546)(SLN) D- -> tau- anti-nu_tau 
EvtGen:prob > probmax:(18.131>18.112)(SLN) D_s+ -> tau+ nu_tau 
EvtGen:prob > probmax:(8.547>8.546)(SLN) D- -> tau- anti-nu_tau 
EvtGen:prob > probmax:(8.547>8.546)(SLN) D- -> tau- anti-nu_tau 
EvtGen:prob > probmax:(18.131>18.112)(SLN) D_s- -> tau- anti-nu_tau 
EvtGen:prob > probmax:(0.345>0.345)(SLN) D_s+ -> mu+ nu_mu 

 Pythia::next(): 24000 events have been generated 
EvtGen:prob > probmax:(0.345>0.345)(SLN) D_s+ -> mu+ nu_mu 
EvtGen:prob > probmax:(8.547>8.546)(SLN) D- -> tau- anti-nu_tau 
EvtGen:prob > probmax:(8.547>8.546)(SLN) D- -> tau- anti-nu_tau 

 Pythia::next(): 25000 events have been generated 
EvtGen:prob > probmax:(8.547>8.546)(SLN) D+ -> tau+ nu_tau 
EvtGen:prob > probmax:(8.547>8.546)(SLN) D+ -> tau+ nu_tau 
EvtGen:prob > probmax:(8.547>8.546)(SLN) D- -> tau- anti-nu_tau 
EvtGen:prob > probmax:(18.131>18.112)(SLN) D_s- -> tau- anti-nu_tau 
EvtGen:prob > probmax:(8.547>8.546)(SLN) D- -> tau- anti-nu_tau 

 Pythia::next(): 26000 events have been generated 
EvtGen:prob > probmax:(18.131>18.112)(SLN) D_s- -> tau- anti-nu_tau 

 Pythia::next(): 27000 events have been generated 
EvtGen:prob > probmax:(8.547>8.546)(SLN) D+ -> tau+ nu_tau 
EvtGen:prob > probmax:(8.547>8.546)(SLN) D- -> tau- anti-nu_tau 
EvtGen:prob > probmax:(18.131>18.112)(SLN) D_s- -> tau- anti-nu_tau 
EvtGen:prob > probmax:(8.547>8.546)(SLN) D- -> tau- anti-nu_tau 

 Pythia::next(): 28000 events have been generated 
EvtGen:prob > probmax:(18.131>18.112)(SLN) D_s- -> tau- anti-nu_tau 
EvtGen:prob > probmax:(0.345>0.345)(SLN) D_s+ -> mu+ nu_mu 
EvtGen:prob > probmax:(8.547>8.546)(SLN) D- -> tau- anti-nu_tau 
EvtGen:prob > probmax:(8.547>8.546)(SLN) D- -> tau- anti-nu_tau 
EvtGen:prob > probmax:(18.131>18.112)(SLN) D_s+ -> tau+ nu_tau 

 Pythia::next(): 29000 events have been generated 
EvtGen:prob > probmax:(18.131>18.112)(SLN) D_s- -> tau- anti-nu_tau 
EvtGen:prob > probmax:(18.131>18.112)(SLN) D_s- -> tau- anti-nu_tau 
EvtGen:prob > probmax:(8.547>8.546)(SLN) D+ -> tau+ nu_tau 
EvtGen:prob > probmax:(18.131>18.112)(SLN) D_s- -> tau- anti-nu_tau 
EvtGen:prob > probmax:(8.547>8.546)(SLN) D- -> tau- anti-nu_tau 
EvtGen:prob > probmax:(8.547>8.546)(SLN) D- -> tau- anti-nu_tau 
EvtGen:prob > probmax:(8.547>8.546)(SLN) D- -> tau- anti-nu_tau 

 Pythia::next(): 30000 events have been generated 
EvtGen:prob > probmax:(18.131>18.112)(SLN) D_s- -> tau- anti-nu_tau 
EvtGen:prob > probmax:(8.547>8.546)(SLN) D- -> tau- anti-nu_tau 
EvtGen:prob > probmax:(8.547>8.546)(SLN) D+ -> tau+ nu_tau 
EvtGen:prob > probmax:(18.131>18.112)(SLN) D_s+ -> tau+ nu_tau 
EvtGen:prob > probmax:(8.547>8.546)(SLN) D- -> tau- anti-nu_tau 
EvtGen:prob > probmax:(18.131>18.112)(SLN) D_s- -> tau- anti-nu_tau 
EvtGen:prob > probmax:(8.547>8.546)(SLN) D- -> tau- anti-nu_tau 
EvtGen:prob > probmax:(8.547>8.546)(SLN) D+ -> tau+ nu_tau 

 Pythia::next(): 31000 events have been generated 
EvtGen:prob > probmax:(8.547>8.546)(SLN) D- -> tau- anti-nu_tau 
EvtGen:prob > probmax:(8.547>8.546)(SLN) D- -> tau- anti-nu_tau 
EvtGen:prob > probmax:(8.547>8.546)(SLN) D- -> tau- anti-nu_tau 
EvtGen:prob > probmax:(8.547>8.546)(SLN) D+ -> tau+ nu_tau 
EvtGen:prob > probmax:(0.345>0.345)(SLN) D_s+ -> mu+ nu_mu 

 Pythia::next(): 32000 events have been generated 
EvtGen:prob > probmax:(8.547>8.546)(SLN) D- -> tau- anti-nu_tau 
EvtGen:prob > probmax:(18.131>18.112)(SLN) D_s+ -> tau+ nu_tau 
EvtGen:prob > probmax:(8.547>8.546)(SLN) D- -> tau- anti-nu_tau 
EvtGen:prob > probmax:(18.131>18.112)(SLN) D_s+ -> tau+ nu_tau 
EvtGen:prob > probmax:(18.131>18.112)(SLN) D_s- -> tau- anti-nu_tau 

 Pythia::next(): 33000 events have been generated 
EvtGen:prob > probmax:(8.547>8.546)(SLN) D- -> tau- anti-nu_tau 
EvtGen:prob > probmax:(8.547>8.546)(SLN) D- -> tau- anti-nu_tau 
EvtGen:prob > probmax:(8.547>8.546)(SLN) D- -> tau- anti-nu_tau 
EvtGen:prob > probmax:(18.131>18.112)(SLN) D_s+ -> tau+ nu_tau 
EvtGen:prob > probmax:(8.547>8.546)(SLN) D+ -> tau+ nu_tau 

 Pythia::next(): 34000 events have been generated 
EvtGen:prob > probmax:(8.547>8.546)(SLN) D+ -> tau+ nu_tau 
EvtGen:prob > probmax:(18.131>18.112)(SLN) D_s+ -> tau+ nu_tau 
EvtGen:prob > probmax:(8.547>8.546)(SLN) D- -> tau- anti-nu_tau 

 Pythia::next(): 35000 events have been generated 
EvtGen:prob > probmax:(8.547>8.546)(SLN) D- -> tau- anti-nu_tau 
EvtGen:prob > probmax:(18.131>18.112)(SLN) D_s- -> tau- anti-nu_tau 
EvtGen:prob > probmax:(18.131>18.112)(SLN) D_s- -> tau- anti-nu_tau 
EvtGen:prob > probmax:(18.131>18.112)(SLN) D_s- -> tau- anti-nu_tau 
EvtGen:prob > probmax:(8.547>8.546)(SLN) D+ -> tau+ nu_tau 
EvtGen:prob > probmax:(8.547>8.546)(SLN) D- -> tau- anti-nu_tau 
EvtGen:prob > probmax:(8.547>8.546)(SLN) D+ -> tau+ nu_tau 

 Pythia::next(): 36000 events have been generated 
EvtGen:prob > probmax:(8.547>8.546)(SLN) D- -> tau- anti-nu_tau 
EvtGen:prob > probmax:(8.547>8.546)(SLN) D+ -> tau+ nu_tau 
EvtGen:prob > probmax:(8.547>8.546)(SLN) D+ -> tau+ nu_tau 
EvtGen:prob > probmax:(8.547>8.546)(SLN) D- -> tau- anti-nu_tau 
EvtGen:prob > probmax:(0.345>0.345)(SLN) D_s- -> mu- anti-nu_mu 
EvtGen:prob > probmax:(0.345>0.345)(SLN) D_s- -> mu- anti-nu_mu 

 Pythia::next(): 37000 events have been generated 
EvtGen:prob > probmax:(18.131>18.112)(SLN) D_s+ -> tau+ nu_tau 
EvtGen:prob > probmax:(8.547>8.546)(SLN) D+ -> tau+ nu_tau 
EvtGen:prob > probmax:(18.131>18.112)(SLN) D_s- -> tau- anti-nu_tau 

 Pythia::next(): 38000 events have been generated 
EvtGen:prob > probmax:(8.547>8.546)(SLN) D- -> tau- anti-nu_tau 
EvtGen:prob > probmax:(18.131>18.112)(SLN) D_s+ -> tau+ nu_tau 
EvtGen:prob > probmax:(0.345>0.345)(SLN) D_s+ -> mu+ nu_mu 
EvtGen:prob > probmax:(8.547>8.546)(SLN) D- -> tau- anti-nu_tau 

 Pythia::next(): 39000 events have been generated 
EvtGen:prob > probmax:(18.131>18.112)(SLN) D_s- -> tau- anti-nu_tau 
EvtGen:prob > probmax:(18.131>18.112)(SLN) D_s- -> tau- anti-nu_tau 
EvtGen:prob > probmax:(18.131>18.112)(SLN) D_s+ -> tau+ nu_tau 
EvtGen:prob > probmax:(18.131>18.112)(SLN) D_s+ -> tau+ nu_tau 
EvtGen:prob > probmax:(18.131>18.112)(SLN) D_s- -> tau- anti-nu_tau 

 Pythia::next(): 40000 events have been generated 
EvtGen:prob > probmax:(8.547>8.546)(SLN) D- -> tau- anti-nu_tau 
EvtGen:prob > probmax:(8.547>8.546)(SLN) D+ -> tau+ nu_tau 
EvtGen:prob > probmax:(8.547>8.546)(SLN) D- -> tau- anti-nu_tau 
EvtGen:prob > probmax:(8.547>8.546)(SLN) D+ -> tau+ nu_tau 
EvtGen:prob > probmax:(18.131>18.112)(SLN) D_s+ -> tau+ nu_tau 
EvtGen:prob > probmax:(8.547>8.546)(SLN) D+ -> tau+ nu_tau 
EvtGen:prob > probmax:(18.131>18.112)(SLN) D_s+ -> tau+ nu_tau 

 Pythia::next(): 41000 events have been generated 
EvtGen:prob > probmax:(0.345>0.345)(SLN) D_s+ -> mu+ nu_mu 
EvtGen:prob > probmax:(8.547>8.546)(SLN) D- -> tau- anti-nu_tau 
EvtGen:prob > probmax:(18.131>18.112)(SLN) D_s- -> tau- anti-nu_tau 
EvtGen:prob > probmax:(18.131>18.112)(SLN) D_s- -> tau- anti-nu_tau 
EvtGen:prob > probmax:(18.131>18.112)(SLN) D_s- -> tau- anti-nu_tau 
EvtGen:prob > probmax:(18.131>18.112)(SLN) D_s- -> tau- anti-nu_tau 
EvtGen:prob > probmax:(18.131>18.112)(SLN) D_s- -> tau- anti-nu_tau 
EvtGen:prob > probmax:(8.547>8.546)(SLN) D+ -> tau+ nu_tau 
EvtGen:prob > probmax:(8.547>8.546)(SLN) D+ -> tau+ nu_tau 

 Pythia::next(): 42000 events have been generated 
EvtGen:prob > probmax:(18.131>18.112)(SLN) D_s+ -> tau+ nu_tau 
EvtGen:prob > probmax:(18.131>18.112)(SLN) D_s+ -> tau+ nu_tau 
EvtGen:prob > probmax:(8.547>8.546)(SLN) D+ -> tau+ nu_tau 
EvtGen:prob > probmax:(18.131>18.112)(SLN) D_s- -> tau- anti-nu_tau 

 Pythia::next(): 43000 events have been generated 
EvtGen:prob > probmax:(8.547>8.546)(SLN) D+ -> tau+ nu_tau 
EvtGen:prob > probmax:(8.547>8.546)(SLN) D+ -> tau+ nu_tau 
EvtGen:prob > probmax:(8.547>8.546)(SLN) D+ -> tau+ nu_tau 
EvtGen:prob > probmax:(18.131>18.112)(SLN) D_s- -> tau- anti-nu_tau 
EvtGen:prob > probmax:(18.131>18.112)(SLN) D_s- -> tau- anti-nu_tau 
EvtGen:prob > probmax:(8.547>8.546)(SLN) D+ -> tau+ nu_tau 

 Pythia::next(): 44000 events have been generated 
EvtGen:prob > probmax:(18.131>18.112)(SLN) D_s- -> tau- anti-nu_tau 
EvtGen:prob > probmax:(8.547>8.546)(SLN) D+ -> tau+ nu_tau 
EvtGen:prob > probmax:(18.131>18.112)(SLN) D_s- -> tau- anti-nu_tau 
EvtGen:prob > probmax:(8.547>8.546)(SLN) D+ -> tau+ nu_tau 

 Pythia::next(): 45000 events have been generated 
EvtGen:prob > probmax:(8.547>8.546)(SLN) D+ -> tau+ nu_tau 
EvtGen:prob > probmax:(18.131>18.112)(SLN) D_s+ -> tau+ nu_tau 
EvtGen:prob > probmax:(8.547>8.546)(SLN) D- -> tau- anti-nu_tau 
EvtGen:prob > probmax:(18.131>18.112)(SLN) D_s- -> tau- anti-nu_tau 
EvtGen:prob > probmax:(18.131>18.112)(SLN) D_s- -> tau- anti-nu_tau 
EvtGen:prob > probmax:(8.547>8.546)(SLN) D- -> tau- anti-nu_tau 
EvtGen:prob > probmax:(8.547>8.546)(SLN) D- -> tau- anti-nu_tau 
EvtGen:prob > probmax:(8.547>8.546)(SLN) D+ -> tau+ nu_tau 
EvtGen:prob > probmax:(18.131>18.112)(SLN) D_s+ -> tau+ nu_tau 
EvtGen:prob > probmax:(18.131>18.112)(SLN) D_s- -> tau- anti-nu_tau 

 Pythia::next(): 46000 events have been generated 
EvtGen:prob > probmax:(8.547>8.546)(SLN) D- -> tau- anti-nu_tau 
EvtGen:prob > probmax:(8.547>8.546)(SLN) D- -> tau- anti-nu_tau 
EvtGen:prob > probmax:(8.547>8.546)(SLN) D+ -> tau+ nu_tau 

 Pythia::next(): 47000 events have been generated 
EvtGen:prob > probmax:(18.131>18.112)(SLN) D_s- -> tau- anti-nu_tau 
EvtGen:prob > probmax:(8.547>8.546)(SLN) D- -> tau- anti-nu_tau 
EvtGen:prob > probmax:(8.547>8.546)(SLN) D- -> tau- anti-nu_tau 
EvtGen:prob > probmax:(8.547>8.546)(SLN) D- -> tau- anti-nu_tau 
EvtGen:prob > probmax:(8.547>8.546)(SLN) D- -> tau- anti-nu_tau 
EvtGen:prob > probmax:(8.547>8.546)(SLN) D- -> tau- anti-nu_tau 

 Pythia::next(): 48000 events have been generated 
EvtGen:prob > probmax:(8.547>8.546)(SLN) D+ -> tau+ nu_tau 
EvtGen:prob > probmax:(18.131>18.112)(SLN) D_s- -> tau- anti-nu_tau 
EvtGen:prob > probmax:(18.131>18.112)(SLN) D_s- -> tau- anti-nu_tau 
EvtGen:prob > probmax:(0.345>0.345)(SLN) D_s+ -> mu+ nu_mu 
EvtGen:prob > probmax:(8.547>8.546)(SLN) D+ -> tau+ nu_tau 
EvtGen:prob > probmax:(8.547>8.546)(SLN) D+ -> tau+ nu_tau 
EvtGen:prob > probmax:(18.131>18.112)(SLN) D_s+ -> tau+ nu_tau 

 Pythia::next(): 49000 events have been generated 
EvtGen:prob > probmax:(8.547>8.546)(SLN) D+ -> tau+ nu_tau 
EvtGen:prob > probmax:(8.547>8.546)(SLN) D- -> tau- anti-nu_tau 
EvtGen:prob > probmax:(8.547>8.546)(SLN) D+ -> tau+ nu_tau 
EvtGen:prob > probmax:(18.131>18.112)(SLN) D_s- -> tau- anti-nu_tau 
EvtGen:prob > probmax:(8.547>8.546)(SLN) D+ -> tau+ nu_tau 
EvtGen:prob > probmax:(8.547>8.546)(SLN) D+ -> tau+ nu_tau 
EvtGen:prob > probmax:(8.547>8.546)(SLN) D- -> tau- anti-nu_tau 
EvtGen:prob > probmax:(8.547>8.546)(SLN) D- -> tau- anti-nu_tau 
EvtGen:prob > probmax:(8.547>8.546)(SLN) D+ -> tau+ nu_tau 

 Pythia::next(): 50000 events have been generated 
EvtGen:prob > probmax:(18.131>18.112)(SLN) D_s- -> tau- anti-nu_tau 
EvtGen:prob > probmax:(8.547>8.546)(SLN) D+ -> tau+ nu_tau 
EvtGen:prob > probmax:(8.547>8.546)(SLN) D+ -> tau+ nu_tau 
EvtGen:prob > probmax:(18.131>18.112)(SLN) D_s- -> tau- anti-nu_tau 

 Pythia::next(): 51000 events have been generated 
EvtGen:prob > probmax:(8.547>8.546)(SLN) D+ -> tau+ nu_tau 
EvtGen:prob > probmax:(8.547>8.546)(SLN) D+ -> tau+ nu_tau 
EvtGen:prob > probmax:(18.131>18.112)(SLN) D_s+ -> tau+ nu_tau 
EvtGen:prob > probmax:(8.547>8.546)(SLN) D+ -> tau+ nu_tau 
EvtGen:prob > probmax:(18.131>18.112)(SLN) D_s+ -> tau+ nu_tau 

 Pythia::next(): 52000 events have been generated 
EvtGen:prob > probmax:(8.547>8.546)(SLN) D+ -> tau+ nu_tau 
EvtGen:prob > probmax:(18.131>18.112)(SLN) D_s- -> tau- anti-nu_tau 
EvtGen:prob > probmax:(18.131>18.112)(SLN) D_s+ -> tau+ nu_tau 

 Pythia::next(): 53000 events have been generated 
EvtGen:prob > probmax:(8.547>8.546)(SLN) D- -> tau- anti-nu_tau 
EvtGen:prob > probmax:(18.131>18.112)(SLN) D_s+ -> tau+ nu_tau 
EvtGen:prob > probmax:(8.547>8.546)(SLN) D- -> tau- anti-nu_tau 
EvtGen:prob > probmax:(8.547>8.546)(SLN) D+ -> tau+ nu_tau 
EvtGen:prob > probmax:(8.547>8.546)(SLN) D+ -> tau+ nu_tau 

 Pythia::next(): 54000 events have been generated 
EvtGen:prob > probmax:(18.131>18.112)(SLN) D_s+ -> tau+ nu_tau 
EvtGen:prob > probmax:(8.547>8.546)(SLN) D- -> tau- anti-nu_tau 
EvtGen:prob > probmax:(8.547>8.546)(SLN) D+ -> tau+ nu_tau 
EvtGen:prob > probmax:(8.547>8.546)(SLN) D+ -> tau+ nu_tau 
EvtGen:prob > probmax:(8.547>8.546)(SLN) D- -> tau- anti-nu_tau 
EvtGen:prob > probmax:(8.547>8.546)(SLN) D+ -> tau+ nu_tau 
EvtGen:prob > probmax:(8.547>8.546)(SLN) D+ -> tau+ nu_tau 

 Pythia::next(): 55000 events have been generated 
EvtGen:prob > probmax:(8.547>8.546)(SLN) D+ -> tau+ nu_tau 
EvtGen:prob > probmax:(8.547>8.546)(SLN) D- -> tau- anti-nu_tau 
EvtGen:prob > probmax:(8.547>8.546)(SLN) D+ -> tau+ nu_tau 

 Pythia::next(): 56000 events have been generated 
EvtGen:prob > probmax:(18.131>18.112)(SLN) D_s- -> tau- anti-nu_tau 
EvtGen:prob > probmax:(18.131>18.112)(SLN) D_s- -> tau- anti-nu_tau 
EvtGen:prob > probmax:(8.547>8.546)(SLN) D- -> tau- anti-nu_tau 
EvtGen:prob > probmax:(8.547>8.546)(SLN) D- -> tau- anti-nu_tau 
EvtGen:prob > probmax:(8.547>8.546)(SLN) D+ -> tau+ nu_tau 

 Pythia::next(): 57000 events have been generated 
EvtGen:prob > probmax:(8.547>8.546)(SLN) D- -> tau- anti-nu_tau 
EvtGen:prob > probmax:(8.547>8.546)(SLN) D+ -> tau+ nu_tau 

 Pythia::next(): 58000 events have been generated 
EvtGen:prob > probmax:(8.547>8.546)(SLN) D- -> tau- anti-nu_tau 
EvtGen:prob > probmax:(8.547>8.546)(SLN) D+ -> tau+ nu_tau 
EvtGen:prob > probmax:(8.547>8.546)(SLN) D+ -> tau+ nu_tau 

 Pythia::next(): 59000 events have been generated 
EvtGen:prob > probmax:(8.547>8.546)(SLN) D+ -> tau+ nu_tau 
EvtGen:prob > probmax:(8.547>8.546)(SLN) D+ -> tau+ nu_tau 
EvtGen:prob > probmax:(8.547>8.546)(SLN) D+ -> tau+ nu_tau 
EvtGen:prob > probmax:(8.547>8.546)(SLN) D+ -> tau+ nu_tau 
EvtGen:prob > probmax:(18.131>18.112)(SLN) D_s+ -> tau+ nu_tau 
EvtGen:prob > probmax:(18.131>18.112)(SLN) D_s+ -> tau+ nu_tau 

 Pythia::next(): 60000 events have been generated 
EvtGen:prob > probmax:(8.547>8.546)(SLN) D+ -> tau+ nu_tau 
EvtGen:prob > probmax:(8.547>8.546)(SLN) D- -> tau- anti-nu_tau 
EvtGen:prob > probmax:(8.547>8.546)(SLN) D+ -> tau+ nu_tau 
EvtGen:prob > probmax:(8.547>8.546)(SLN) D- -> tau- anti-nu_tau 

 Pythia::next(): 61000 events have been generated 
EvtGen:prob > probmax:(8.547>8.546)(SLN) D- -> tau- anti-nu_tau 
EvtGen:prob > probmax:(18.131>18.112)(SLN) D_s+ -> tau+ nu_tau 
EvtGen:prob > probmax:(8.547>8.546)(SLN) D- -> tau- anti-nu_tau 
EvtGen:prob > probmax:(8.547>8.546)(SLN) D+ -> tau+ nu_tau 
EvtGen:prob > probmax:(18.131>18.112)(SLN) D_s+ -> tau+ nu_tau 

 Pythia::next(): 62000 events have been generated 
EvtGen:prob > probmax:(8.547>8.546)(SLN) D+ -> tau+ nu_tau 
EvtGen:prob > probmax:(8.547>8.546)(SLN) D- -> tau- anti-nu_tau 
EvtGen:prob > probmax:(18.131>18.112)(SLN) D_s- -> tau- anti-nu_tau 
EvtGen:prob > probmax:(0.345>0.345)(SLN) D_s+ -> mu+ nu_mu 
EvtGen:prob > probmax:(18.131>18.112)(SLN) D_s- -> tau- anti-nu_tau 

 Pythia::next(): 63000 events have been generated 
EvtGen:prob > probmax:(8.547>8.546)(SLN) D+ -> tau+ nu_tau 
EvtGen:prob > probmax:(18.131>18.112)(SLN) D_s- -> tau- anti-nu_tau 
EvtGen:prob > probmax:(8.547>8.546)(SLN) D- -> tau- anti-nu_tau 
EvtGen:prob > probmax:(8.547>8.546)(SLN) D+ -> tau+ nu_tau 

 Pythia::next(): 64000 events have been generated 
EvtGen:prob > probmax:(8.547>8.546)(SLN) D+ -> tau+ nu_tau 
EvtGen:prob > probmax:(18.131>18.112)(SLN) D_s+ -> tau+ nu_tau 
EvtGen:prob > probmax:(0.345>0.345)(SLN) D_s- -> mu- anti-nu_mu 
EvtGen:prob > probmax:(18.131>18.112)(SLN) D_s+ -> tau+ nu_tau 
EvtGen:prob > probmax:(18.131>18.112)(SLN) D_s- -> tau- anti-nu_tau 
EvtGen:prob > probmax:(18.131>18.112)(SLN) D_s- -> tau- anti-nu_tau 
EvtGen:prob > probmax:(18.131>18.112)(SLN) D_s+ -> tau+ nu_tau 
EvtGen:prob > probmax:(8.547>8.546)(SLN) D+ -> tau+ nu_tau 

 Pythia::next(): 65000 events have been generated 
EvtGen:prob > probmax:(18.131>18.112)(SLN) D_s+ -> tau+ nu_tau 
EvtGen:prob > probmax:(8.547>8.546)(SLN) D- -> tau- anti-nu_tau 
EvtGen:prob > probmax:(18.131>18.112)(SLN) D_s- -> tau- anti-nu_tau 
EvtGen:prob > probmax:(18.131>18.112)(SLN) D_s- -> tau- anti-nu_tau 
EvtGen:prob > probmax:(18.131>18.112)(SLN) D_s+ -> tau+ nu_tau 

 Pythia::next(): 66000 events have been generated 
EvtGen:prob > probmax:(18.131>18.112)(SLN) D_s- -> tau- anti-nu_tau 
EvtGen:prob > probmax:(8.547>8.546)(SLN) D- -> tau- anti-nu_tau 
EvtGen:prob > probmax:(8.547>8.546)(SLN) D+ -> tau+ nu_tau 
EvtGen:prob > probmax:(8.547>8.546)(SLN) D- -> tau- anti-nu_tau 
EvtGen:prob > probmax:(8.547>8.546)(SLN) D+ -> tau+ nu_tau 

 Pythia::next(): 67000 events have been generated 
EvtGen:prob > probmax:(8.547>8.546)(SLN) D- -> tau- anti-nu_tau 
EvtGen:prob > probmax:(8.547>8.546)(SLN) D+ -> tau+ nu_tau 
EvtGen:Tried accept/reject: 10000 times, and rejected all the times!
EvtGen:
Dimension:1
(1.000,0.000) 

EvtGen:Is therefore accepting the last event!
EvtGen:Decay of particle:D0(channel:11) with mass 1.865
EvtGen:Daughter 0:K_2*- with mass 1.759
EvtGen:Daughter 1:mu+ with mass 0.106
EvtGen:Daughter 2:nu_mu with mass 0.000
EvtGen:prob > probmax:(8.547>8.546)(SLN) D- -> tau- anti-nu_tau 

 Pythia::next(): 68000 events have been generated 
EvtGen:prob > probmax:(8.547>8.546)(SLN) D- -> tau- anti-nu_tau 
EvtGen:prob > probmax:(18.131>18.112)(SLN) D_s+ -> tau+ nu_tau 
EvtGen:prob > probmax:(8.547>8.546)(SLN) D+ -> tau+ nu_tau 
EvtGen:prob > probmax:(18.131>18.112)(SLN) D_s+ -> tau+ nu_tau 
EvtGen:prob > probmax:(8.547>8.546)(SLN) D+ -> tau+ nu_tau 
EvtGen:prob > probmax:(8.547>8.546)(SLN) D- -> tau- anti-nu_tau 
EvtGen:prob > probmax:(8.547>8.546)(SLN) D- -> tau- anti-nu_tau 
EvtGen:prob > probmax:(18.131>18.112)(SLN) D_s- -> tau- anti-nu_tau 
EvtGen:prob > probmax:(18.131>18.112)(SLN) D_s- -> tau- anti-nu_tau 
EvtGen:prob > probmax:(18.131>18.112)(SLN) D_s- -> tau- anti-nu_tau 
EvtGen:prob > probmax:(8.547>8.546)(SLN) D- -> tau- anti-nu_tau 

 Pythia::next(): 69000 events have been generated 
EvtGen:prob > probmax:(18.131>18.112)(SLN) D_s+ -> tau+ nu_tau 
EvtGen:prob > probmax:(8.547>8.546)(SLN) D- -> tau- anti-nu_tau 

 Pythia::next(): 70000 events have been generated 
EvtGen:prob > probmax:(8.547>8.546)(SLN) D- -> tau- anti-nu_tau 
EvtGen:prob > probmax:(18.131>18.112)(SLN) D_s- -> tau- anti-nu_tau 
EvtGen:prob > probmax:(8.547>8.546)(SLN) D+ -> tau+ nu_tau 
EvtGen:prob > probmax:(8.547>8.546)(SLN) D- -> tau- anti-nu_tau 
EvtGen:prob > probmax:(8.547>8.546)(SLN) D- -> tau- anti-nu_tau 
EvtGen:prob > probmax:(8.547>8.546)(SLN) D- -> tau- anti-nu_tau 
EvtGen:prob > probmax:(8.547>8.546)(SLN) D- -> tau- anti-nu_tau 
EvtGen:prob > probmax:(8.547>8.546)(SLN) D+ -> tau+ nu_tau 
EvtGen:prob > probmax:(8.547>8.546)(SLN) D- -> tau- anti-nu_tau 

 Pythia::next(): 71000 events have been generated 
EvtGen:prob > probmax:(8.547>8.546)(SLN) D+ -> tau+ nu_tau 
EvtGen:prob > probmax:(8.547>8.546)(SLN) D+ -> tau+ nu_tau 
EvtGen:prob > probmax:(8.547>8.546)(SLN) D+ -> tau+ nu_tau 
EvtGen:prob > probmax:(8.547>8.546)(SLN) D+ -> tau+ nu_tau 

 Pythia::next(): 72000 events have been generated 
EvtGen:prob > probmax:(8.547>8.546)(SLN) D+ -> tau+ nu_tau 
EvtGen:prob > probmax:(8.547>8.546)(SLN) D- -> tau- anti-nu_tau 
EvtGen:prob > probmax:(8.547>8.546)(SLN) D+ -> tau+ nu_tau 
EvtGen:prob > probmax:(8.547>8.546)(SLN) D- -> tau- anti-nu_tau 
EvtGen:prob > probmax:(8.547>8.546)(SLN) D- -> tau- anti-nu_tau 
EvtGen:prob > probmax:(18.131>18.112)(SLN) D_s+ -> tau+ nu_tau 
EvtGen:prob > probmax:(8.547>8.546)(SLN) D+ -> tau+ nu_tau 
EvtGen:prob > probmax:(0.345>0.345)(SLN) D_s+ -> mu+ nu_mu 
EvtGen:prob > probmax:(8.547>8.546)(SLN) D- -> tau- anti-nu_tau 

 Pythia::next(): 73000 events have been generated 
EvtGen:prob > probmax:(8.547>8.546)(SLN) D+ -> tau+ nu_tau 
EvtGen:prob > probmax:(8.547>8.546)(SLN) D- -> tau- anti-nu_tau 
EvtGen:Tried accept/reject: 10000 times, and rejected all the times!
EvtGen:
Dimension:1
(1.000,0.000) 

EvtGen:Is therefore accepting the last event!
EvtGen:Decay of particle:D-(channel:7) with mass 1.870
EvtGen:Daughter 0:rho0 with mass 1.855
EvtGen:Daughter 1:e- with mass 0.001
EvtGen:Daughter 2:anti-nu_e with mass 0.000
EvtGen:prob > probmax:(8.547>8.546)(SLN) D- -> tau- anti-nu_tau 
EvtGen:prob > probmax:(8.547>8.546)(SLN) D+ -> tau+ nu_tau 
EvtGen:prob > probmax:(8.547>8.546)(SLN) D+ -> tau+ nu_tau 

 Pythia::next(): 74000 events have been generated 
EvtGen:prob > probmax:(18.131>18.112)(SLN) D_s- -> tau- anti-nu_tau 
EvtGen:prob > probmax:(8.547>8.546)(SLN) D- -> tau- anti-nu_tau 
EvtGen:prob > probmax:(8.547>8.546)(SLN) D+ -> tau+ nu_tau 
EvtGen:prob > probmax:(18.131>18.112)(SLN) D_s- -> tau- anti-nu_tau 
EvtGen:prob > probmax:(8.547>8.546)(SLN) D- -> tau- anti-nu_tau 
EvtGen:prob > probmax:(8.547>8.546)(SLN) D- -> tau- anti-nu_tau 
EvtGen:prob > probmax:(18.131>18.112)(SLN) D_s- -> tau- anti-nu_tau 
EvtGen:prob > probmax:(8.547>8.546)(SLN) D+ -> tau+ nu_tau 
EvtGen:prob > probmax:(8.547>8.546)(SLN) D- -> tau- anti-nu_tau 

 Pythia::next(): 75000 events have been generated 
EvtGen:prob > probmax:(8.547>8.546)(SLN) D+ -> tau+ nu_tau 
EvtGen:prob > probmax:(8.547>8.546)(SLN) D- -> tau- anti-nu_tau 
EvtGen:prob > probmax:(8.547>8.546)(SLN) D- -> tau- anti-nu_tau 
EvtGen:prob > probmax:(8.547>8.546)(SLN) D- -> tau- anti-nu_tau 
EvtGen:prob > probmax:(0.345>0.345)(SLN) D_s+ -> mu+ nu_mu 
EvtGen:prob > probmax:(18.131>18.112)(SLN) D_s+ -> tau+ nu_tau 

 Pythia::next(): 76000 events have been generated 
EvtGen:prob > probmax:(8.547>8.546)(SLN) D+ -> tau+ nu_tau 
EvtGen:prob > probmax:(18.131>18.112)(SLN) D_s- -> tau- anti-nu_tau 
EvtGen:prob > probmax:(8.547>8.546)(SLN) D+ -> tau+ nu_tau 
EvtGen:prob > probmax:(18.131>18.112)(SLN) D_s+ -> tau+ nu_tau 
EvtGen:prob > probmax:(8.547>8.546)(SLN) D+ -> tau+ nu_tau 
EvtGen:prob > probmax:(8.547>8.546)(SLN) D+ -> tau+ nu_tau 

 Pythia::next(): 77000 events have been generated 
EvtGen:prob > probmax:(18.131>18.112)(SLN) D_s- -> tau- anti-nu_tau 
EvtGen:prob > probmax:(8.547>8.546)(SLN) D- -> tau- anti-nu_tau 
EvtGen:prob > probmax:(18.131>18.112)(SLN) D_s- -> tau- anti-nu_tau 
EvtGen:prob > probmax:(18.131>18.112)(SLN) D_s- -> tau- anti-nu_tau 
EvtGen:prob > probmax:(8.547>8.546)(SLN) D- -> tau- anti-nu_tau 
EvtGen:prob > probmax:(8.547>8.546)(SLN) D+ -> tau+ nu_tau 
EvtGen:prob > probmax:(8.547>8.546)(SLN) D- -> tau- anti-nu_tau 
EvtGen:prob > probmax:(8.547>8.546)(SLN) D+ -> tau+ nu_tau 

 Pythia::next(): 78000 events have been generated 
EvtGen:prob > probmax:(8.547>8.546)(SLN) D- -> tau- anti-nu_tau 
EvtGen:prob > probmax:(18.131>18.112)(SLN) D_s+ -> tau+ nu_tau 
EvtGen:prob > probmax:(8.547>8.546)(SLN) D- -> tau- anti-nu_tau 
EvtGen:prob > probmax:(8.547>8.546)(SLN) D+ -> tau+ nu_tau 
EvtGen:prob > probmax:(18.131>18.112)(SLN) D_s+ -> tau+ nu_tau 
EvtGen:Tried accept/reject: 10000 times, and rejected all the times!
EvtGen:
Dimension:1
(1.000,0.000) 

EvtGen:Is therefore accepting the last event!
EvtGen:Decay of particle:B-(channel:13) with mass 5.279
EvtGen:Daughter 0:D_0*0 with mass 5.170
EvtGen:Daughter 1:mu- with mass 0.106
EvtGen:Daughter 2:anti-nu_mu with mass 0.000
EvtGen:prob > probmax:(8.547>8.546)(SLN) D- -> tau- anti-nu_tau 
EvtGen:prob > probmax:(18.131>18.112)(SLN) D_s+ -> tau+ nu_tau 

 Pythia::next(): 79000 events have been generated 
EvtGen:prob > probmax:(8.547>8.546)(SLN) D+ -> tau+ nu_tau 
EvtGen:prob > probmax:(18.131>18.112)(SLN) D_s- -> tau- anti-nu_tau 
EvtGen:prob > probmax:(8.547>8.546)(SLN) D- -> tau- anti-nu_tau 
EvtGen:prob > probmax:(18.131>18.112)(SLN) D_s- -> tau- anti-nu_tau 
EvtGen:prob > probmax:(8.547>8.546)(SLN) D+ -> tau+ nu_tau 
EvtGen:prob > probmax:(8.547>8.546)(SLN) D+ -> tau+ nu_tau 

 Pythia::next(): 80000 events have been generated 
EvtGen:prob > probmax:(8.547>8.546)(SLN) D+ -> tau+ nu_tau 
EvtGen:prob > probmax:(18.131>18.112)(SLN) D_s+ -> tau+ nu_tau 
EvtGen:prob > probmax:(0.345>0.345)(SLN) D_s- -> mu- anti-nu_mu 
EvtGen:prob > probmax:(18.131>18.112)(SLN) D_s- -> tau- anti-nu_tau 
EvtGen:prob > probmax:(8.547>8.546)(SLN) D+ -> tau+ nu_tau 
EvtGen:prob > probmax:(8.547>8.546)(SLN) D- -> tau- anti-nu_tau 
EvtGen:prob > probmax:(30433.899>30000.000)(TAUHADNU) tau- -> pi- pi- pi+ nu_tau 

 Pythia::next(): 81000 events have been generated 
EvtGen:prob > probmax:(8.547>8.546)(SLN) D- -> tau- anti-nu_tau 
EvtGen:prob > probmax:(8.547>8.546)(SLN) D+ -> tau+ nu_tau 
EvtGen:prob > probmax:(8.547>8.546)(SLN) D+ -> tau+ nu_tau 
EvtGen:prob > probmax:(8.547>8.546)(SLN) D+ -> tau+ nu_tau 

 Pythia::next(): 82000 events have been generated 
EvtGen:prob > probmax:(8.547>8.546)(SLN) D+ -> tau+ nu_tau 
EvtGen:prob > probmax:(18.131>18.112)(SLN) D_s+ -> tau+ nu_tau 
EvtGen:prob > probmax:(8.547>8.546)(SLN) D+ -> tau+ nu_tau 
EvtGen:prob > probmax:(8.547>8.546)(SLN) D+ -> tau+ nu_tau 
EvtGen:prob > probmax:(18.131>18.112)(SLN) D_s- -> tau- anti-nu_tau 

 Pythia::next(): 83000 events have been generated 
EvtGen:prob > probmax:(18.131>18.112)(SLN) D_s+ -> tau+ nu_tau 
EvtGen:prob > probmax:(8.547>8.546)(SLN) D+ -> tau+ nu_tau 
EvtGen:prob > probmax:(8.547>8.546)(SLN) D+ -> tau+ nu_tau 
EvtGen:prob > probmax:(18.131>18.112)(SLN) D_s- -> tau- anti-nu_tau 
EvtGen:prob > probmax:(18.131>18.112)(SLN) D_s- -> tau- anti-nu_tau 
EvtGen:prob > probmax:(18.131>18.112)(SLN) D_s+ -> tau+ nu_tau 
EvtGen:prob > probmax:(18.131>18.112)(SLN) D_s- -> tau- anti-nu_tau 
EvtGen:prob > probmax:(8.547>8.546)(SLN) D- -> tau- anti-nu_tau 

 Pythia::next(): 84000 events have been generated 
EvtGen:prob > probmax:(18.131>18.112)(SLN) D_s+ -> tau+ nu_tau 
EvtGen:prob > probmax:(8.547>8.546)(SLN) D- -> tau- anti-nu_tau 
EvtGen:prob > probmax:(8.547>8.546)(SLN) D- -> tau- anti-nu_tau 
EvtGen:prob > probmax:(18.131>18.112)(SLN) D_s- -> tau- anti-nu_tau 

 Pythia::next(): 85000 events have been generated 
EvtGen:prob > probmax:(18.131>18.112)(SLN) D_s+ -> tau+ nu_tau 
EvtGen:prob > probmax:(18.131>18.112)(SLN) D_s- -> tau- anti-nu_tau 
EvtGen:prob > probmax:(18.131>18.112)(SLN) D_s- -> tau- anti-nu_tau 

 Pythia::next(): 86000 events have been generated 
EvtGen:prob > probmax:(8.547>8.546)(SLN) D- -> tau- anti-nu_tau 

 Pythia::next(): 87000 events have been generated 
EvtGen:prob > probmax:(8.547>8.546)(SLN) D+ -> tau+ nu_tau 
EvtGen:prob > probmax:(8.547>8.546)(SLN) D- -> tau- anti-nu_tau 
EvtGen:prob > probmax:(8.547>8.546)(SLN) D- -> tau- anti-nu_tau 
EvtGen:prob > probmax:(8.547>8.546)(SLN) D+ -> tau+ nu_tau 
EvtGen:prob > probmax:(0.345>0.345)(SLN) D_s+ -> mu+ nu_mu 
EvtGen:prob > probmax:(8.547>8.546)(SLN) D- -> tau- anti-nu_tau 

 Pythia::next(): 88000 events have been generated 
EvtGen:prob > probmax:(8.547>8.546)(SLN) D+ -> tau+ nu_tau 
EvtGen:prob > probmax:(18.131>18.112)(SLN) D_s- -> tau- anti-nu_tau 
EvtGen:prob > probmax:(8.547>8.546)(SLN) D- -> tau- anti-nu_tau 
EvtGen:prob > probmax:(8.547>8.546)(SLN) D- -> tau- anti-nu_tau 
EvtGen:prob > probmax:(8.547>8.546)(SLN) D+ -> tau+ nu_tau 
EvtGen:prob > probmax:(18.131>18.112)(SLN) D_s- -> tau- anti-nu_tau 
EvtGen:prob > probmax:(8.547>8.546)(SLN) D+ -> tau+ nu_tau 

 Pythia::next(): 89000 events have been generated 
EvtGen:prob > probmax:(8.547>8.546)(SLN) D- -> tau- anti-nu_tau 
EvtGen:prob > probmax:(8.547>8.546)(SLN) D+ -> tau+ nu_tau 
EvtGen:prob > probmax:(18.131>18.112)(SLN) D_s+ -> tau+ nu_tau 

 Pythia::next(): 90000 events have been generated 
EvtGen:prob > probmax:(8.547>8.546)(SLN) D- -> tau- anti-nu_tau 
EvtGen:prob > probmax:(18.131>18.112)(SLN) D_s+ -> tau+ nu_tau 
EvtGen:prob > probmax:(8.547>8.546)(SLN) D- -> tau- anti-nu_tau 
EvtGen:prob > probmax:(8.547>8.546)(SLN) D- -> tau- anti-nu_tau 
EvtGen:prob > probmax:(18.131>18.112)(SLN) D_s- -> tau- anti-nu_tau 

 Pythia::next(): 91000 events have been generated 
EvtGen:prob > probmax:(8.547>8.546)(SLN) D- -> tau- anti-nu_tau 
EvtGen:prob > probmax:(8.547>8.546)(SLN) D+ -> tau+ nu_tau 
EvtGen:Tried accept/reject: 10000 times, and rejected all the times!
EvtGen:
Dimension:1
(1.000,0.000) 

EvtGen:Is therefore accepting the last event!
EvtGen:Decay of particle:D0(channel:11) with mass 1.865
EvtGen:Daughter 0:K_2*- with mass 1.759
EvtGen:Daughter 1:mu+ with mass 0.106
EvtGen:Daughter 2:nu_mu with mass 0.000
EvtGen:prob > probmax:(18.131>18.112)(SLN) D_s+ -> tau+ nu_tau 
EvtGen:prob > probmax:(8.547>8.546)(SLN) D- -> tau- anti-nu_tau 
EvtGen:prob > probmax:(18.131>18.112)(SLN) D_s- -> tau- anti-nu_tau 
EvtGen:prob > probmax:(8.547>8.546)(SLN) D- -> tau- anti-nu_tau 
EvtGen:prob > probmax:(18.131>18.112)(SLN) D_s+ -> tau+ nu_tau 
