Initializing EvtGen 
Setting EvtGen random number generator to the Herwig one.
EvtGen:Defining EvtPythiaEngine: data tables defined in /alistorage/mgiacalo/Rivet/software/HERWIG7//share/Pythia8/xmldoc
EvtGen:Pythia 6 codes in decay files will be converted to Pythia 8 codes
EvtGen:Using EvtGen random engine for Pythia 8 as well
EvtGen:Creating generic Pythia generator

 *------------------------------------------------------------------------------------* 
 |                                                                                    | 
 |  *------------------------------------------------------------------------------*  | 
 |  |                                                                              |  | 
 |  |                                                                              |  | 
 |  |   PPP   Y   Y  TTTTT  H   H  III    A      Welcome to the Lund Monte Carlo!  |  | 
 |  |   P  P   Y Y     T    H   H   I    A A     This is PYTHIA version 8.240      |  | 
 |  |   PPP     Y      T    HHHHH   I   AAAAA    Last date of change: 20 Dec 2018  |  | 
 |  |   P       Y      T    H   H   I   A   A                                      |  | 
 |  |   P       Y      T    H   H  III  A   A    Now is 13 Jun 2019 at 20:28:02    |  | 
 |  |                                                                              |  | 
 |  |   Christian Bierlich;  Department of Astronomy and Theoretical Physics,      |  | 
 |  |      Lund University, Solvegatan 14A, SE-223 62 Lund, Sweden;                |  | 
 |  |      e-mail: christian.bierlich@thep.lu.se                                   |  | 
 |  |   Nishita Desai;  Department of Theoretical Physics, Tata Institute,         |  | 
 |  |      Homi Bhabha Road, Mumbai 400005, India;                                 |  | 
 |  |      e-mail: desai@theory.tifr.res.in                                        |  | 
 |  |   Ilkka Helenius;  Department of Physics, University of Jyvaskyla,           |  | 
 |  |      P.O. Box 35, FI-40014 University of Jyvaskyla, Finland;                 |  | 
 |  |      e-mail: ilkka.m.helenius@jyu.fi                                         |  | 
 |  |   Philip Ilten;  School of Physics and Astronomy,                            |  | 
 |  |      University of Birmingham, Birmingham, B152 2TT, UK;                     |  | 
 |  |      e-mail: philten@cern.ch                                                 |  | 
 |  |   Leif Lonnblad;  Department of Astronomy and Theoretical Physics,           |  | 
 |  |      Lund University, Solvegatan 14A, SE-223 62 Lund, Sweden;                |  | 
 |  |      e-mail: leif.lonnblad@thep.lu.se                                        |  | 
 |  |   Stephen Mrenna;  Computing Division, Simulations Group,                    |  | 
 |  |      Fermi National Accelerator Laboratory, MS 234, Batavia, IL 60510, USA;  |  | 
 |  |      e-mail: mrenna@fnal.gov                                                 |  | 
 |  |   Stefan Prestel;  Department of Astronomy and Theoretical Physics,          |  | 
 |  |      Lund University, Solvegatan 14A, SE-223 62 Lund, Sweden;                |  | 
 |  |      e-mail: stefan.prestel@thep.lu.se                                       |  | 
 |  |   Christine O. Rasmussen;  Department of Astronomy and Theoretical Physics,  |  | 
 |  |      Lund University, Solvegatan 14A, SE-223 62 Lund, Sweden;                |  | 
 |  |      e-mail: christine.rasmussen@thep.lu.se                                  |  | 
 |  |   Torbjorn Sjostrand;  Department of Astronomy and Theoretical Physics,      |  | 
 |  |      Lund University, Solvegatan 14A, SE-223 62 Lund, Sweden;                |  | 
 |  |      e-mail: torbjorn@thep.lu.se                                             |  | 
 |  |   Peter Skands;  School of Physics,                                          |  | 
 |  |      Monash University, PO Box 27, 3800 Melbourne, Australia;                |  | 
 |  |      e-mail: peter.skands@monash.edu                                         |  | 
 |  |                                                                              |  | 
 |  |   The main program reference is 'An Introduction to PYTHIA 8.2',             |  | 
 |  |   T. Sjostrand et al, Comput. Phys. Commun. 191 (2015) 159                   |  | 
 |  |   [arXiv:1410.3012 [hep-ph]]                                                 |  | 
 |  |                                                                              |  | 
 |  |   The main physics reference is the 'PYTHIA 6.4 Physics and Manual',         |  | 
 |  |   T. Sjostrand, S. Mrenna and P. Skands, JHEP05 (2006) 026 [hep-ph/0603175]  |  | 
 |  |                                                                              |  | 
 |  |   An archive of program versions and documentation is found on the web:      |  | 
 |  |   http://www.thep.lu.se/Pythia                                               |  | 
 |  |                                                                              |  | 
 |  |   This program is released under the GNU General Public Licence version 2.   |  | 
 |  |   Please respect the MCnet Guidelines for Event Generator Authors and Users. |  | 
 |  |                                                                              |  | 
 |  |   Disclaimer: this program comes without any guarantees.                     |  | 
 |  |   Beware of errors and use common sense when interpreting results.           |  | 
 |  |                                                                              |  | 
 |  |   Copyright (C) 2018 Torbjorn Sjostrand                                      |  | 
 |  |                                                                              |  | 
 |  |                                                                              |  | 
 |  *------------------------------------------------------------------------------*  | 
 |                                                                                    | 
 *------------------------------------------------------------------------------------* 

EvtGen:Creating alias Pythia generator

 *------------------------------------------------------------------------------------* 
 |                                                                                    | 
 |  *------------------------------------------------------------------------------*  | 
 |  |                                                                              |  | 
 |  |                                                                              |  | 
 |  |   PPP   Y   Y  TTTTT  H   H  III    A      Welcome to the Lund Monte Carlo!  |  | 
 |  |   P  P   Y Y     T    H   H   I    A A     This is PYTHIA version 8.240      |  | 
 |  |   PPP     Y      T    HHHHH   I   AAAAA    Last date of change: 20 Dec 2018  |  | 
 |  |   P       Y      T    H   H   I   A   A                                      |  | 
 |  |   P       Y      T    H   H  III  A   A    Now is 13 Jun 2019 at 20:28:02    |  | 
 |  |                                                                              |  | 
 |  |   Christian Bierlich;  Department of Astronomy and Theoretical Physics,      |  | 
 |  |      Lund University, Solvegatan 14A, SE-223 62 Lund, Sweden;                |  | 
 |  |      e-mail: christian.bierlich@thep.lu.se                                   |  | 
 |  |   Nishita Desai;  Department of Theoretical Physics, Tata Institute,         |  | 
 |  |      Homi Bhabha Road, Mumbai 400005, India;                                 |  | 
 |  |      e-mail: desai@theory.tifr.res.in                                        |  | 
 |  |   Ilkka Helenius;  Department of Physics, University of Jyvaskyla,           |  | 
 |  |      P.O. Box 35, FI-40014 University of Jyvaskyla, Finland;                 |  | 
 |  |      e-mail: ilkka.m.helenius@jyu.fi                                         |  | 
 |  |   Philip Ilten;  School of Physics and Astronomy,                            |  | 
 |  |      University of Birmingham, Birmingham, B152 2TT, UK;                     |  | 
 |  |      e-mail: philten@cern.ch                                                 |  | 
 |  |   Leif Lonnblad;  Department of Astronomy and Theoretical Physics,           |  | 
 |  |      Lund University, Solvegatan 14A, SE-223 62 Lund, Sweden;                |  | 
 |  |      e-mail: leif.lonnblad@thep.lu.se                                        |  | 
 |  |   Stephen Mrenna;  Computing Division, Simulations Group,                    |  | 
 |  |      Fermi National Accelerator Laboratory, MS 234, Batavia, IL 60510, USA;  |  | 
 |  |      e-mail: mrenna@fnal.gov                                                 |  | 
 |  |   Stefan Prestel;  Department of Astronomy and Theoretical Physics,          |  | 
 |  |      Lund University, Solvegatan 14A, SE-223 62 Lund, Sweden;                |  | 
 |  |      e-mail: stefan.prestel@thep.lu.se                                       |  | 
 |  |   Christine O. Rasmussen;  Department of Astronomy and Theoretical Physics,  |  | 
 |  |      Lund University, Solvegatan 14A, SE-223 62 Lund, Sweden;                |  | 
 |  |      e-mail: christine.rasmussen@thep.lu.se                                  |  | 
 |  |   Torbjorn Sjostrand;  Department of Astronomy and Theoretical Physics,      |  | 
 |  |      Lund University, Solvegatan 14A, SE-223 62 Lund, Sweden;                |  | 
 |  |      e-mail: torbjorn@thep.lu.se                                             |  | 
 |  |   Peter Skands;  School of Physics,                                          |  | 
 |  |      Monash University, PO Box 27, 3800 Melbourne, Australia;                |  | 
 |  |      e-mail: peter.skands@monash.edu                                         |  | 
 |  |                                                                              |  | 
 |  |   The main program reference is 'An Introduction to PYTHIA 8.2',             |  | 
 |  |   T. Sjostrand et al, Comput. Phys. Commun. 191 (2015) 159                   |  | 
 |  |   [arXiv:1410.3012 [hep-ph]]                                                 |  | 
 |  |                                                                              |  | 
 |  |   The main physics reference is the 'PYTHIA 6.4 Physics and Manual',         |  | 
 |  |   T. Sjostrand, S. Mrenna and P. Skands, JHEP05 (2006) 026 [hep-ph/0603175]  |  | 
 |  |                                                                              |  | 
 |  |   An archive of program versions and documentation is found on the web:      |  | 
 |  |   http://www.thep.lu.se/Pythia                                               |  | 
 |  |                                                                              |  | 
 |  |   This program is released under the GNU General Public Licence version 2.   |  | 
 |  |   Please respect the MCnet Guidelines for Event Generator Authors and Users. |  | 
 |  |                                                                              |  | 
 |  |   Disclaimer: this program comes without any guarantees.                     |  | 
 |  |   Beware of errors and use common sense when interpreting results.           |  | 
 |  |                                                                              |  | 
 |  |   Copyright (C) 2018 Torbjorn Sjostrand                                      |  | 
 |  |                                                                              |  | 
 |  |                                                                              |  | 
 |  *------------------------------------------------------------------------------*  | 
 |                                                                                    | 
 *------------------------------------------------------------------------------------* 

EvtGen:Initializing EvtGen
EvtGen:Storing known decay models
EvtGen:Defining EvtBcToNPi model: Bc -> V + npi and Bc -> P + npi decays
from A.V. Berezhnoy, A.K. Likhoded, A.V. Luchinsky: Phys.Rev.D 82, 014012 (2010) and arXiV:1104.0808.
EvtGen:Main decay file name  :/alistorage/mgiacalo/Rivet/software/HERWIG7//share/DECAY_2010.DEC
EvtGen:PDT table file name   :/alistorage/mgiacalo/Rivet/software/HERWIG7//share/evt.pdl
EvtGen:In readDecayFile, reading:/alistorage/mgiacalo/Rivet/software/HERWIG7//share/DECAY_2010.DEC
EvtGen:Warning, sum of branching fractions for omega is 0.994
EvtGen:rescaled to one! 
EvtGen:Warning, sum of branching fractions for phi is 0.999
EvtGen:rescaled to one! 
EvtGen:Warning, sum of branching fractions for f_2 is 0.999
EvtGen:rescaled to one! 
EvtGen:Warning, sum of branching fractions for chi_c1 is 0.996
EvtGen:rescaled to one! 
EvtGen:Warning, sum of branching fractions for Upsilon(2S) is 0.992
EvtGen:rescaled to one! 
EvtGen:Warning, sum of branching fractions for Upsilon(3S) is 0.999
EvtGen:rescaled to one! 
EvtGen:Mixing type integer set to 1
EvtGen:Done initializing EvtGen
Finished initialisation of EvtGen 
EvtGen:Warning in EvtPythiaEngine. Trying to redefine Pythia table for Xi_c0 for a decay channel that has no daughters. Keeping Pythia default (if available).
EvtGen:Warning in EvtPythiaEngine. Trying to redefine Pythia table for Omega_c0 for a decay channel that has no daughters. Keeping Pythia default (if available).
EvtGen:Warning in EvtPythiaEngine. Trying to redefine Pythia table for Xi_c+ for a decay channel that has no daughters. Keeping Pythia default (if available).

 *-------  PYTHIA Flag + Mode + Parm + Word + FVec + MVec + PVec + WVec Settings (changes only)  ------------------* 
 |                                                                                                                 | 
 | Name                                          |                      Now |      Default         Min         Max | 
 |                                               |                          |                                      | 
 | ParticleDecays:multIncrease                   |                  4.50000 |      4.00000     2.00000     6.00000 | 
 | ParticleDecays:multIncreaseWeak               |                  2.00000 |      2.50000     1.00000     4.00000 | 
 | ProcessLevel:all                              |                      off |           on                         | 
 |                                                                                                                 | 
 *-------  End PYTHIA Flag + Mode + Parm + Word + FVec + MVec + PVec + WVec Settings  -----------------------------* 

 --------  PYTHIA Particle Data Table (changed only)  ------------------------------------------------------------------------------
 
      id   name            antiName         spn chg col      m0        mWidth      mMin       mMax       tau0    res dec ext vis wid
             no onMode   bRatio   meMode     products 

      15  tau-             tau+               2  -3   0    1.77682    0.00000    0.00000    0.00000  8.71100e-02   0   1   0   1   0
              0     1   0.0146916   21       16       22     -211      111 
              1     1   0.0050404   21       16     -321      111      111 
              2     1   0.1112044   21       16     -211      111      111      111 
              3     1   0.0041815   21       16     -211     -311 
              4     1   0.0207806   21       16     -321      311 
              5     1   0.0222183   21       16      311     -211     -311 
              6     1   0.0207806   21       16     -321      111      311 
              7     1   0.0522783   21       16     -211     -311      111 
              8     1   0.6025078   21       16     -211      211     -211      111 
              9     1   0.0446980   21       16     -321      211     -211 
             10     1   0.0177746   21       16     -321      211     -211      111 
             11     1   0.0182974   21       16     -321     -211      321 
             12     1   0.0002065   21       16     -321      321     -321 
             13     1   0.0181667   21       16      221     -211      111 
             14     1   0.0418147   21       16     -211      223      111 
             15     1   0.0053585   21       16     -321      223 

      43  Xu0              Xu0                0   0   0    1.00000    0.00000    1.00000    1.00000  0.00000e+00   0   1   0   1   0
              0     1   1.0000000   42        2       -2 

      44  Xu+              Xu-                0   3   0    1.00000    0.00000    1.00000    1.00000  0.00000e+00   0   1   0   1   0
              0     1   1.0000000   42        2       -1 

      84  anti-c-hadron    c-hadron           0  -2   0    2.00000    0.00000    2.00000    2.00000  1.00000e-01   0   1   0   1   0
              0     1   0.0800000   22      -11       12        3       81 
              1     1   0.0800000   22      -13       14        3       81 
              2     1   0.7600000   42        2       -1        3       81 
              3     1   0.0800000   42        2       -3        3       81 

     441  eta_c                               1   0   0    2.98100    0.02970    2.78040    3.18040  0.00000e+00   0   1   0   1   0
              0     1   1.0000000   42       82      -82 

     443  J/psi                               3   0   0    3.09692    0.00009    3.09602    3.09782  0.00000e+00   0   1   0   1   0
              0     1   0.1755825   42       82      -82 
              1     1   0.7578613   92       21       21       21 
              2     1   0.0665562   92       22       21       21 

     445  chi_2c                              5   0   0    3.55620    0.00198    3.53620    3.57620  0.00000e+00   0   1   0   1   0
              0     1   1.0000000   42       82      -82 

     511  B0               Bbar0              1   0   0    5.27958    0.00000    0.00000    0.00000  4.58700e-01   0   1   0   1   0
              0     1   0.0221123   63    -4101     2101 
              1     1   0.0442247   63    -4103     2103 
              2     1   0.0060307   63    -4301     2101 
              3     1   0.0120613   63    -4303     2103 
              4     1   0.5424554   23        2       -1       -4        1 
              5     1   0.0924697   43        2       -1       -4        1 
              6     1   0.0422145   43        2       -3       -4        1 
              7     1   0.0361838   23        2       -4       -1        1 
              8     1   0.0018092   23        2       -4       -3        1 
              9     1   0.1487556   43        4       -3       -4        1 
             10     1   0.0120613   43        4       -1       -4        1 
             11     1   0.0060307   23        2       -1       -2        1 
             12     1   0.0080409   23        4       -3       -2        1 
             13     1   0.0041209   23        2       -2       -1        1 
             14     1   0.0001408   23        1       -1       -1        1 
             15     1   0.0001809   23        3       -3       -1        1 
             16     1   0.0044224   23        2       -2       -3        1 
             17     1   0.0036183   23        1       -1       -3        1 
             18     1   0.0030153   23        3       -3       -3        1 
             19     1   0.0100511   91       -3        1 

     521  B+               B-                 1   3   0    5.27925    0.00000    0.00000    0.00000  4.91100e-01   0   1   0   1   0
              0     1   0.0766592   63    -4103     2203 
              1     1   0.0209072   63    -4303     2203 
              2     1   0.5232952   23        2       -1       -4        2 
              3     1   0.0998894   43        2       -1       -4        2 
              4     1   0.0522677   43        2       -3       -4        2 
              5     1   0.1719027   43        4       -3       -4        2 
              6     1   0.0092920   43        4       -1       -4        2 
              7     1   0.0069690   23        2       -1       -2        2 
              8     1   0.0092920   23        4       -3       -2        2 
              9     1   0.0047622   23        2       -2       -1        2 
             10     1   0.0001627   23        1       -1       -1        2 
             11     1   0.0002091   23        3       -3       -1        2 
             12     1   0.0051107   23        2       -2       -3        2 
             13     1   0.0041815   23        1       -1       -3        2 
             14     1   0.0034846   23        3       -3       -3        2 
             15     1   0.0116150   91       -3        2 

     531  B_s0             B_sbar0            1   0   0    5.36677    0.00000    0.00000    0.00000  4.39000e-01   0   1   0   1   0
              0     1   0.0415819   63    -4301     2101 
              1     1   0.0831222   63    -4303     2103 
              2     1   0.6399476   23        2       -1       -4        3 
              3     1   0.1029075   65        2       -1       -4        3 
              4     1   0.0405450   23        2       -4       -1        3 
              5     1   0.0083122   23        4       -3       -2        3 
              6     1   0.0311917   23        2       -3       -4        3 
              7     1   0.0045717   65        2       -3       -4        3 
              8     1   0.0018702   23        2       -4       -3        3 
              9     1   0.0114522   43        4       -1       -4        3 
             10     1   0.0031192   43        4       -1       -4        3 
             11     1   0.0074810   23        2       -2       -1        3 
             12     1   0.0014546   23        1       -1       -1        3 
             13     1   0.0018702   23        3       -3       -1        3 
             14     1   0.0041561   23        2       -2       -3        3 
             15     1   0.0033249   23        1       -1       -3        3 
             16     1   0.0027015   23        3       -3       -3        3 
             17     1   0.0103903   91       -3        3 

     541  B_c+             B_c-               1   3   0    6.27700    0.00000    0.00000    0.00000  1.38000e-01   0   1   0   1   0
              0     1   1.0000000   42        4       -3 

     551  eta_b                               1   0   0    9.40000    0.01000    9.30000    9.50000  0.00000e+00   0   1   0   1   0
              0     1   1.0000000   42       82      -82 

     553  Upsilon                             3   0   0    9.46030    0.00005    9.45980    9.46080  0.00000e+00   0   1   0   1   0
              0     1   0.0162092   91        1       -1 
              1     1   0.0486276   91        2       -2 
              2     1   0.0162092   91        3       -3 
              3     1   0.0486276   91        4       -4 
              4     1   0.8389886   92       21       21       21 
              5     1   0.0313378   92       22       21       21 

     555  chi_2b                              5   0   0    9.91220    0.00000    0.00000    0.00000  0.00000e+00   0   1   0   1   0
              0     1   1.0000000   91       21       21 

     557  Upsilon_3(1D)    Upsilon_3(1D)      6   0   0   10.15990    0.00000   10.15990   10.15990  0.00000e+00   0   1   0   1   0
              0     1   1.0000000   92       21       21       21 

    4122  Lambda_c+        Lambda_cbar-       2   3   0    2.28646    0.00000    0.00000    0.00000  5.99000e-02   0   1   0   1   0
              0     1   0.0306614   22      -11       12     3122 
              1     1   0.0073003   22      -11       12     3212 
              2     1   0.0073003   22      -11       12     3214 
              3     1   0.0043802   22      -11       12     2112 
              4     1   0.0029201   22      -11       12     2114 
              5     1   0.0087604   22      -11       12     2212     -211 
              6     1   0.0087604   22      -11       12     2112      111 
              7     1   0.0292013   22      -13       14     3122 
              8     1   0.0073003   22      -13       14     3212 
              9     1   0.0073003   22      -13       14     3214 
             10     1   0.0043802   22      -13       14     2112 
             11     1   0.0029201   22      -13       14     2114 
             12     1   0.0087604   22      -13       14     2212     -211 
             13     1   0.0087604   22      -13       14     2112      111 
             14     1   0.0125566    0     2224     -321 
             15     1   0.0365017    0     2224     -323 
             16     1   0.0335815    0     2212     -311 
             17     1   0.0233611    0     2212     -313 
             18     1   0.0073003    0     2214     -311 
             19     1   0.0073003    0     2214     -313 
             20     1   0.0156227    0     3122      211 
             21     1   0.0073003    0     3122      213 
             22     1   0.0153307    0     3212      211 
             23     1   0.0058403    0     3212      213 
             24     1   0.0058403    0     3214      211 
             25     1   0.0058403    0     3214      213 
             26     1   0.0146007    0     3222      111 
             27     1   0.0080304    0     3222      221 
             28     1   0.0029201    0     3222      331 
             29     1   0.0058403    0     3222      113 
             30     1   0.0394218    0     3222      223 
             31     1   0.0043802    0     3224      111 
             32     1   0.0124106    0     3224      221 
             33     1   0.0043802    0     3224      113 
             34     1   0.0043802    0     3224      223 
             35     1   0.0056943    0     3322      321 
             36     1   0.0029201    0     3322      323 
             37     1   0.0037962    0     3324      321 
             38     1   0.0014601    0     2224     -211 
             39     1   0.0014601    0     2224     -213 
             40     1   0.0029201    0     2212      111 
             41     1   0.0014601    0     2212      221 
             42     1   0.0014601    0     2212      331 
             43     1   0.0029201    0     2212      113 
             44     1   0.0029201    0     2212      223 
             45     1   0.0011973    0     2212      333 
             46     1   0.0040882    0     2212  9010221 
             47     1   0.0014601    0     2214      111 
             48     1   0.0014601    0     2214      221 
             49     1   0.0014601    0     2214      331 
             50     1   0.0014601    0     2214      113 
             51     1   0.0014601    0     2214      223 
             52     1   0.0043802    0     2112      211 
             53     1   0.0043802    0     2112      213 
             54     1   0.0043802    0     2114      211 
             55     1   0.0043802    0     2114      213 
             56     1   0.0073003    0     3122      321 
             57     1   0.0073003    0     3122      323 
             58     1   0.0029201    0     3212      321 
             59     1   0.0029201    0     3212      323 
             60     1   0.0014601    0     3214      321 
             61     1   0.0014601    0     3214      323 
             62     1   0.0029201    0     3222      311 
             63     1   0.0040882    0     3222      313 
             64     1   0.0014601    0     3224      311 
             65     1   0.0014601    0     3224      313 
             66     1   0.0935823   43        2       -1        1     3201 
             67     1   0.0410322   43        2       -1        1     3203 
             68     1   0.0251952   43        2       -3        1     3201 
             69     1   0.0251952   43        2       -1        1     2101 
             70     1   0.0683871   43        3     2203 
             71     1   0.1007809   43        2     3201 
             72     1   0.1007809   43        2     3203 
             73     1   0.0215959   43        1     2203 
             74     1   0.0107980   43        2     2101 
             75     1   0.0107980   43        2     2103 

    4132  Xi_c0            Xi_cbar0           2   0   0    2.47088    0.00000    0.00000    0.00000  3.36000e-02   0   1   0   1   0
              0     1   0.0200000   22      -11       12        3     3101 
              1     1   0.0050000   22      -11       12        3     3103 
              2     1   0.0200000   22      -13       14        3     3101 
              3     1   0.0050000   22      -13       14        3     3103 
              4     1   0.5400000   42        2       -1        3     3101 
              5     1   0.2100000   42        3     3201 
              6     1   0.1000000   42        3     3203 
              7     1   0.1000000   42        2     3303 

    4232  Xi_c+            Xi_cbar-           2   3   0    2.46780    0.00000    0.00000    0.00000  1.32000e-01   0   1   0   1   0
              0     1   0.0280000   22      -11       12        3     3201 
              1     1   0.0070000   22      -11       12        3     3203 
              2     1   0.0280000   22      -13       14        3     3201 
              3     1   0.0070000   22      -13       14        3     3203 
              4     1   0.9300000   42        2       -1        3     3201 

    4332  Omega_c0         Omega_cbar0        2   0   0    2.69520    0.00000    0.00000    0.00000  2.10000e-02   0   1   0   1   0
              0     1   0.0180000   22      -11       12        3     3303 
              1     1   0.0180000   22      -13       14        3     3303 
              2     1   0.9640000   42        2       -1        3     3303 

    4412  Xi_cc+           Xi_ccbar-          2   3   0    3.59798    0.00000    0.00000    0.00000  1.00000e-01   0   1   0   1   0
              0     1   0.6071429   42        2       -1        3     4101 
              1     1   0.2976190   42        2       -1        3     4103 
              2     1   0.0595238   42        2       -3        3     4101 
              3     1   0.0357143   42        2       -3        3     4103 

    4414  Xi*_cc+          Xi*_ccbar-         4   3   0    3.65648    0.00000    0.00000    0.00000  1.00000e-01   0   1   0   1   0
              0     1   0.6071429   42        2       -1        3     4101 
              1     1   0.2976190   42        2       -1        3     4103 
              2     1   0.0595238   42        2       -3        3     4101 
              3     1   0.0357143   42        2       -3        3     4103 

    4422  Xi_cc++          Xi_ccbar--         2   6   0    3.59798    0.00000    0.00000    0.00000  1.00000e-01   0   1   0   1   0
              0     1   0.6071429   42        2       -1        3     4201 
              1     1   0.2976190   42        2       -1        3     4203 
              2     1   0.0595238   42        2       -3        3     4201 
              3     1   0.0357143   42        2       -3        3     4203 

    4424  Xi*_cc++         Xi*_ccbar--        4   6   0    3.65648    0.00000    0.00000    0.00000  1.00000e-01   0   1   0   1   0
              0     1   0.6071429   42        2       -1        3     4201 
              1     1   0.2976190   42        2       -1        3     4203 
              2     1   0.0595238   42        2       -3        3     4201 
              3     1   0.0357143   42        2       -3        3     4203 

    4432  Omega_cc+        Omega_ccbar-       2   3   0    3.78663    0.00000    0.00000    0.00000  1.00000e-01   0   1   0   1   0
              0     1   0.6071429   42        2       -1        3     4301 
              1     1   0.2976190   42        2       -1        3     4303 
              2     1   0.0595238   42        2       -3        3     4301 
              3     1   0.0357143   42        2       -3        3     4303 

    4434  Omega*_cc+       Omega*_ccbar-      4   3   0    3.82466    0.00000    0.00000    0.00000  1.00000e-01   0   1   0   1   0
              0     1   0.6071429   42        2       -1        3     4301 
              1     1   0.2976190   42        2       -1        3     4303 
              2     1   0.0595238   42        2       -3        3     4301 
              3     1   0.0357143   42        2       -3        3     4303 

    5122  Lambda_b0        Lambda_bbar0       2   0   0    5.61940    0.00000    0.00000    0.00000  3.69000e-01   0   1   0   1   0
              0     1   0.6934492   23       -2        1        4     2101 
              1     1   0.1430570   43       -2        4        1     2101 
              2     1   0.1257644   43       -4        3        4     2101 
              3     1   0.0188647   22       -2        1        2     2101 
              4     1   0.0188647   22       -4        3        2     2101 

    5132  Xi_b-            Xi_bbar+           2  -3   0    5.79110    0.00000    0.00000    0.00000  3.64000e-01   0   1   0   1   0
              0     1   0.4733275   43        1       -2        1     4301 
              1     1   0.2075548   43        1       -2        1     4303 
              2     1   0.0773674   43        3       -2        1     4301 
              3     1   0.0069368   43        1       -2        3     4303 
              4     1   0.0097335   43        1       -2        3     4301 
              5     1   0.0750837   43        3       -4        1     4301 
              6     1   0.0844874   43        1       -2        1     4101 
              7     1   0.0488386   43        3       -4        1     4101 
              8     1   0.0105640   43        1       -2        1     3201 
              9     1   0.0061063   43        3       -4        1     3201 

    5232  Xi_b0            Xi_bbar0           2   0   0    5.78800    0.00000    0.00000    0.00000  3.64000e-01   0   1   0   1   0
              0     1   0.7166569   43        1       -2        3     4201 
              1     1   0.0166716   43        3       -2        3     4203 
              2     1   0.1166765   43        3       -2        3     4403 
              3     1   0.1333235   43        3       -2        1     4203 
              4     1   0.0166716   43        1       -2        1     2203 

    5332  Omega_b-         Omega_bbar+        2  -3   0    6.07000    0.00000    0.00000    0.00000  3.64000e-01   0   1   0   1   0
              0     1   0.8333374   43        1       -2        3     4301 
              1     1   0.1333252   43        1       -2        1     4301 
              2     1   0.0333374   43        1       -2        3     3201 

   10441  chi_0c                              1   0   0    3.41475    0.01040    3.31076    3.51876  0.00000e+00   0   1   0   1   0
              0     1   1.0000000   42       82      -82 

   10443  h_1c                                3   0   0    3.52541    0.01000    3.36000    3.56000  0.00000e+00   0   1   0   1   0
              0     1   1.0000000   42       82      -82 

   10551  chi_0b                              1   0   0    9.85940    0.00000    0.00000    0.00000  0.00000e+00   0   1   0   1   0
              0     1   1.0000000   42       82      -82 

   10553  h_1b                                3   0   0    9.89860    0.01000    9.85500    9.89500  0.00000e+00   0   1   0   1   0
              0     1   1.0000000   91       21       21 

   10555  eta_b2(1D)       eta_b2(1D)         4   0   0   10.15700    0.00000   10.15700   10.15700  0.00000e+00   0   1   0   1   0
              0     1   1.0000000   91       21       21 

   20443  chi_1c                              3   0   0    3.51066    0.00086    3.50176    3.51956  0.00000e+00   0   1   0   1   0
              0     1   1.0000000   42       82      -82 

   20553  chi_1b                              3   0   0    9.89280    0.00000    0.00000    0.00000  0.00000e+00   0   1   0   1   0
              0     1   1.0000000   91       21       21 

   20555  Upsilon_2(1D)    Upsilon_2(1D)      4   0   0   10.15620    0.00000   10.15620   10.15620  0.00000e+00   0   1   0   1   0
              0     1   1.0000000   92       21       21       21 

   30343  Xsd              anti-Xsd           2   0   0    1.60000    0.00000    0.60000    1.60000  0.00000e+00   0   1   0   1   0
              0     1   1.0000000   42        1       -3 

   30353  Xsu              anti-Xsu           2   3   0    1.60000    0.00000    0.60000    1.60000  0.00000e+00   0   1   0   1   0
              0     1   1.0000000   42        2       -3 

   30363  anti-Xss         Xss                2   0   0    1.80000    0.00000    0.80000    1.80000  0.00000e+00   0   1   0   1   0
              0     1   1.0000000   42        3       -3 

   30443  psi(3770)                           3   0   0    3.77315    0.02720    3.54110    4.00110  0.00000e+00   0   1   0   1   0
              0     1   1.0000000   42       82      -82 

   30553  Upsilon_1(1D)    Upsilon_1(1D)      2   0   0   10.16370    0.00000   10.16370   10.16370  0.00000e+00   0   1   0   1   0
              0     1   1.0000000   92       21       21       21 

  100441  eta_c(2S)                           1   0   0    3.63890    0.01000    3.49800    3.77800  0.00000e+00   0   1   0   1   0
              0     1   1.0000000   42       82      -82 

  100443  psi(2S)                             3   0   0    3.68611    0.00030    3.68269    3.68949  0.00000e+00   0   1   0   1   0
              0     1   0.1092201   42       82      -82 
              1     1   0.8316585   92       21       21       21 
              2     1   0.0591215   92       22       21       21 

  100553  Upsilon(2S)                         3   0   0   10.02326    0.00003   10.02297   10.02357  0.00000e+00   0   1   0   1   0
              0     1   0.0102543   91        1       -1 
              1     1   0.0410172   91        2       -2 
              2     1   0.0102543   91        3       -3 
              3     1   0.0410172   91        4       -4 
              4     1   0.8646432   92       21       21       21 
              5     1   0.0328138   92       22       21       21 

  100555  chi_b2(2P)       chi_b2(2P)         4   0   0   10.26865    0.00000   10.26865   10.26865  0.00000e+00   0   1   0   1   0
              0     1   0.0189728    0       22      557 
              1     1   0.9810272   91       21       21 

  100557  Upsilon_3(2D)    Upsilon_3(2D)      6   0   0   10.44430    0.00000   10.44430   10.44430  0.00000e+00   0   1   0   1   0
              0     1   1.0000000   92       21       21       21 

  110551  chi_b0(2P)       chi_b0(2P)         0   0   0   10.23250    0.00000   10.23250   10.23250  0.00000e+00   0   1   0   1   0
              0     1   1.0000000   91       21       21 

  110553  h_b(2P)          h_b(2P)            2   0   0   10.25500    0.00000   10.25500   10.25500  0.00000e+00   0   1   0   1   0
              0     1   1.0000000   91       21       21 

  110555  eta_b2(2D)       eta_b2(2D)         4   0   0   10.44100    0.00000   10.44100   10.44100  0.00000e+00   0   1   0   1   0
              0     1   1.0000000   91       21       21 

  120553  chi_b1(2P)       chi_b1(2P)         2   0   0   10.25546    0.00000   10.25546   10.25546  0.00000e+00   0   1   0   1   0
              0     1   1.0000000   91       21       21 

  120555  Upsilon_2(2D)    Upsilon_2(2D)      4   0   0   10.44060    0.00000   10.44060   10.44060  0.00000e+00   0   1   0   1   0
              0     1   1.0000000   92       21       21       21 

  130553  Upsilon_1(2D)    Upsilon_1(2D)      2   0   0   10.43490    0.00000   10.43490   10.43490  0.00000e+00   0   1   0   1   0
              0     1   1.0000000   92       21       21       21 

  200553  Upsilon(3S)                         3   0   0   10.35520    0.00002   10.35520   10.35520  0.00000e+00   0   1   0   1   0
              0     1   0.0152905   91        1       -1 
              1     1   0.0611621   91        2       -2 
              2     1   0.0152905   91        3       -3 
              3     1   0.0611621   91        4       -4 
              4     1   0.8252512   92       21       21       21 
              5     1   0.0218436   92       22       21       21 

  200555  chi_b2(3P)       chi_b2(3P)         4   0   0   10.52640    0.00000   10.52640   10.52640  0.00000e+00   0   1   0   1   0
              0     1   1.0000000   91       21       21 

  210551  chi_b0(3P)       chi_b0(3P)         0   0   0   10.50070    0.00000   10.50070   10.50070  0.00000e+00   0   1   0   1   0
              0     1   1.0000000   91       21       21 

  210553  h_b(3P)          h_b(3P)            2   0   0   10.51600    0.00000   10.51600   10.51600  0.00000e+00   0   1   0   1   0
              0     1   1.0000000   91       21       21 

  220553  chi_b1(3P)       chi_b1(3P)         2   0   0   10.51600    0.00000   10.51600   10.51600  0.00000e+00   0   1   0   1   0
              0     1   1.0000000   91       21       21 

  300553  Upsilon(4S)      Upsilon(4S)        2   0   0   10.57940    0.02050   10.54040   10.88690  0.00000e+00   0   1   0   1   0
              0     1   0.9550563   92       21       21       21 
              1     1   0.0449437   92       22       21       21 

 9000553  Upsilon(5S)      Upsilon(5S)        2   0   0   10.87600    0.05500    9.22600   11.70100  0.00000e+00   0   1   0   1   0
              0     1   1.0000000   92       21       21       21 

 9920443  X_1(3872)        X_1(3872)          2   0   0    3.87220    0.00032    3.86930    3.87696  0.00000e+00   0   1   0   1   0
              0     1   1.0000000   42       82      -82 

 --------  End PYTHIA Particle Data Table  -----------------------------------------------------------------------------------------


 *-------  PYTHIA Flag + Mode + Parm + Word + FVec + MVec + PVec + WVec Settings (changes only)  ------------------* 
 |                                                                                                                 | 
 | Name                                          |                      Now |      Default         Min         Max | 
 |                                               |                          |                                      | 
 | ParticleDecays:multIncrease                   |                  4.50000 |      4.00000     2.00000     6.00000 | 
 | ParticleDecays:multIncreaseWeak               |                  2.00000 |      2.50000     1.00000     4.00000 | 
 | ProcessLevel:all                              |                      off |           on                         | 
 |                                                                                                                 | 
 *-------  End PYTHIA Flag + Mode + Parm + Word + FVec + MVec + PVec + WVec Settings  -----------------------------* 

 --------  PYTHIA Particle Data Table (changed only)  ------------------------------------------------------------------------------
 
      id   name            antiName         spn chg col      m0        mWidth      mMin       mMax       tau0    res dec ext vis wid
             no onMode   bRatio   meMode     products 

 no particle data has been changed from its default value 

 --------  End PYTHIA Particle Data Table  -----------------------------------------------------------------------------------------


 --------  PYTHIA Event Listing  (complete event)  ---------------------------------------------------------------------------------
 
    no         id  name            status     mothers   daughters     colours      p_x        p_y        p_z         e          m 
     0         90  (system)           -11     0     0     0     0     0     0      0.000      0.000      0.000      5.279      5.279
     1        521  (B+)                -1     0     0     2     7     0     0      0.000      0.000      0.000      5.279      5.279
     2       -423  (D*bar0)           -91     1     0     8     9     0     0     -0.037      0.307      0.184      2.039      2.007
     3        321  K+                  91     1     0     0     0     0     0      0.132     -0.216     -0.066      0.559      0.494
     4       -321  K-                  91     1     0     0     0     0     0     -0.030     -0.095     -0.091      0.512      0.494
     5        213  (rho+)             -91     1     0    10    11     0     0     -0.076     -0.123      0.208      1.102      1.072
     6        311  (K0)               -91     1     0    12    12     0     0     -0.013      0.155     -0.228      0.569      0.498
     7       -311  (Kbar0)            -91     1     0    13    13     0     0      0.025     -0.028     -0.009      0.499      0.498
     8       -421  (Dbar0)            -91     2     0    14    16     0     0     -0.067      0.288      0.143      1.894      1.865
     9        111  (pi0)              -91     2     0    17    18     0     0      0.030      0.019      0.041      0.145      0.135
    10        211  pi+                 91     5     0     0     0     0     0     -0.356      0.325     -0.040      0.503      0.140
    11        111  (pi0)              -91     5     0    19    20     0     0      0.280     -0.447      0.248      0.599      0.135
    12        130  K_L0                91     6     6     0     0     0     0     -0.013      0.155     -0.228      0.569      0.498
    13        310  (K_S0)             -91     7     7    21    22     0     0      0.025     -0.028     -0.009      0.499      0.498
    14        321  K+                  91     8     0     0     0     0     0      0.150     -0.344     -0.208      0.654      0.494
    15       -211  pi-                 91     8     0     0     0     0     0      0.082     -0.160      0.305      0.380      0.140
    16        111  (pi0)              -91     8     0    23    24     0     0     -0.299      0.792      0.046      0.859      0.135
    17         22  gamma               91     9     0     0     0     0     0      0.057      0.064      0.034      0.092      0.000
    18         22  gamma               91     9     0     0     0     0     0     -0.028     -0.045      0.007      0.053      0.000
    19         22  gamma               91    11     0     0     0     0     0      0.161     -0.356      0.211      0.444      0.000
    20         22  gamma               91    11     0     0     0     0     0      0.119     -0.091      0.037      0.154      0.000
    21        111  (pi0)              -91    13     0    25    26     0     0      0.163      0.099      0.086      0.249      0.135
    22        111  (pi0)              -91    13     0    27    28     0     0     -0.138     -0.128     -0.095      0.250      0.135
    23         22  gamma               91    16     0     0     0     0     0     -0.050      0.063      0.036      0.088      0.000
    24         22  gamma               91    16     0     0     0     0     0     -0.249      0.729      0.011      0.770      0.000
    25         22  gamma               91    21     0     0     0     0     0      0.074     -0.014      0.072      0.104      0.000
    26         22  gamma               91    21     0     0     0     0     0      0.089      0.113      0.014      0.145      0.000
    27         22  gamma               91    22     0     0     0     0     0     -0.070     -0.083      0.019      0.111      0.000
    28         22  gamma               91    22     0     0     0     0     0     -0.067     -0.044     -0.114      0.139      0.000
                                   Charge sum:  1.000           Momentum sum:     -0.000      0.000      0.000      5.279      5.279

 --------  End PYTHIA Event Listing  -----------------------------------------------------------------------------------------------
