
 *------------------------------------------------------------------------------------* 
 |                                                                                    | 
 |  *------------------------------------------------------------------------------*  | 
 |  |                                                                              |  | 
 |  |                                                                              |  | 
 |  |   PPP   Y   Y  TTTTT  H   H  III    A      Welcome to the Lund Monte Carlo!  |  | 
 |  |   P  P   Y Y     T    H   H   I    A A     This is PYTHIA version 8.240      |  | 
 |  |   PPP     Y      T    HHHHH   I   AAAAA    Last date of change: 20 Dec 2018  |  | 
 |  |   P       Y      T    H   H   I   A   A                                      |  | 
 |  |   P       Y      T    H   H  III  A   A    Now is 07 Sep 2020 at 14:15:45    |  | 
 |  |                                                                              |  | 
 |  |   Christian Bierlich;  Department of Astronomy and Theoretical Physics,      |  | 
 |  |      Lund University, Solvegatan 14A, SE-223 62 Lund, Sweden;                |  | 
 |  |      e-mail: christian.bierlich@thep.lu.se                                   |  | 
 |  |   Nishita Desai;  Department of Theoretical Physics, Tata Institute,         |  | 
 |  |      Homi Bhabha Road, Mumbai 400005, India;                                 |  | 
 |  |      e-mail: desai@theory.tifr.res.in                                        |  | 
 |  |   Ilkka Helenius;  Department of Physics, University of Jyvaskyla,           |  | 
 |  |      P.O. Box 35, FI-40014 University of Jyvaskyla, Finland;                 |  | 
 |  |      e-mail: ilkka.m.helenius@jyu.fi                                         |  | 
 |  |   Philip Ilten;  School of Physics and Astronomy,                            |  | 
 |  |      University of Birmingham, Birmingham, B152 2TT, UK;                     |  | 
 |  |      e-mail: philten@cern.ch                                                 |  | 
 |  |   Leif Lonnblad;  Department of Astronomy and Theoretical Physics,           |  | 
 |  |      Lund University, Solvegatan 14A, SE-223 62 Lund, Sweden;                |  | 
 |  |      e-mail: leif.lonnblad@thep.lu.se                                        |  | 
 |  |   Stephen Mrenna;  Computing Division, Simulations Group,                    |  | 
 |  |      Fermi National Accelerator Laboratory, MS 234, Batavia, IL 60510, USA;  |  | 
 |  |      e-mail: mrenna@fnal.gov                                                 |  | 
 |  |   Stefan Prestel;  Department of Astronomy and Theoretical Physics,          |  | 
 |  |      Lund University, Solvegatan 14A, SE-223 62 Lund, Sweden;                |  | 
 |  |      e-mail: stefan.prestel@thep.lu.se                                       |  | 
 |  |   Christine O. Rasmussen;  Department of Astronomy and Theoretical Physics,  |  | 
 |  |      Lund University, Solvegatan 14A, SE-223 62 Lund, Sweden;                |  | 
 |  |      e-mail: christine.rasmussen@thep.lu.se                                  |  | 
 |  |   Torbjorn Sjostrand;  Department of Astronomy and Theoretical Physics,      |  | 
 |  |      Lund University, Solvegatan 14A, SE-223 62 Lund, Sweden;                |  | 
 |  |      e-mail: torbjorn@thep.lu.se                                             |  | 
 |  |   Peter Skands;  School of Physics,                                          |  | 
 |  |      Monash University, PO Box 27, 3800 Melbourne, Australia;                |  | 
 |  |      e-mail: peter.skands@monash.edu                                         |  | 
 |  |                                                                              |  | 
 |  |   The main program reference is 'An Introduction to PYTHIA 8.2',             |  | 
 |  |   T. Sjostrand et al, Comput. Phys. Commun. 191 (2015) 159                   |  | 
 |  |   [arXiv:1410.3012 [hep-ph]]                                                 |  | 
 |  |                                                                              |  | 
 |  |   The main physics reference is the 'PYTHIA 6.4 Physics and Manual',         |  | 
 |  |   T. Sjostrand, S. Mrenna and P. Skands, JHEP05 (2006) 026 [hep-ph/0603175]  |  | 
 |  |                                                                              |  | 
 |  |   An archive of program versions and documentation is found on the web:      |  | 
 |  |   http://www.thep.lu.se/Pythia                                               |  | 
 |  |                                                                              |  | 
 |  |   This program is released under the GNU General Public Licence version 2.   |  | 
 |  |   Please respect the MCnet Guidelines for Event Generator Authors and Users. |  | 
 |  |                                                                              |  | 
 |  |   Disclaimer: this program comes without any guarantees.                     |  | 
 |  |   Beware of errors and use common sense when interpreting results.           |  | 
 |  |                                                                              |  | 
 |  |   Copyright (C) 2018 Torbjorn Sjostrand                                      |  | 
 |  |                                                                              |  | 
 |  |                                                                              |  | 
 |  *------------------------------------------------------------------------------*  | 
 |                                                                                    | 
 *------------------------------------------------------------------------------------* 


 *-------  PYTHIA Process Initialization  --------------------------*
 |                                                                  |
 | We collide p+ with p+ at a CM energy of 5.020e+03 GeV            |
 |                                                                  |
 |------------------------------------------------------------------|
 |                                                    |             |
 | Subprocess                                    Code |   Estimated |
 |                                                    |    max (mb) |
 |                                                    |             |
 |------------------------------------------------------------------|
 |                                                    |             |
 | non-diffractive                                101 |   4.772e+01 |
 | A B -> A B elastic                             102 |   1.844e+01 |
 | A B -> X B single diffractive                  103 |   6.065e+00 |
 | A B -> A X single diffractive                  104 |   6.065e+00 |
 | A B -> X X double diffractive                  105 |   7.733e+00 |
 | A B -> A X B central diffractive               106 |   0.000e+00 |
 |                                                                  |
 *-------  End PYTHIA Process Initialization -----------------------*

 *-------  PYTHIA Multiparton Interactions Initialization  ---------* 
 |                                                                  | 
 |                   sigmaNonDiffractive =    47.72 mb              | 
 |                                                                  | 
 |    pT0 =  2.12 gives sigmaInteraction =   209.09 mb: accepted    | 
 |                                                                  | 
 *-------  End PYTHIA Multiparton Interactions Initialization  -----* 

 *-------  PYTHIA Multiparton Interactions Initialization  ---------* 
 |                                                                  | 
 |                          diffraction XB                          | 
 |                                                                  | 
 |   diffractive mass = 1.00e+01 GeV and sigmaNorm =    10.00 mb    | 
 |    pT0 =  0.56 gives sigmaInteraction =    24.76 mb: accepted    | 
 |   diffractive mass = 4.73e+01 GeV and sigmaNorm =    10.00 mb    | 
 |    pT0 =  0.78 gives sigmaInteraction =    19.40 mb: accepted    | 
 |   diffractive mass = 2.24e+02 GeV and sigmaNorm =    10.00 mb    | 
 |    pT0 =  1.09 gives sigmaInteraction =    16.57 mb: accepted    | 
 |   diffractive mass = 1.06e+03 GeV and sigmaNorm =    10.00 mb    | 
 |    pT0 =  1.52 gives sigmaInteraction =    23.57 mb: accepted    | 
 |   diffractive mass = 5.02e+03 GeV and sigmaNorm =    10.00 mb    | 
 |    pT0 =  2.12 gives sigmaInteraction =    43.67 mb: accepted    | 
 |                                                                  | 
 *-------  End PYTHIA Multiparton Interactions Initialization  -----* 
 PYTHIA Warning in MultipartonInteractions::init: maximum increased by factor 4.011

 *-------  PYTHIA Multiparton Interactions Initialization  ---------* 
 |                                                                  | 
 |                          diffraction AX                          | 
 |                                                                  | 
 |   diffractive mass = 1.00e+01 GeV and sigmaNorm =    10.00 mb    | 
 |    pT0 =  0.56 gives sigmaInteraction =    24.87 mb: accepted    | 
 |   diffractive mass = 4.73e+01 GeV and sigmaNorm =    10.00 mb    | 
 |    pT0 =  0.78 gives sigmaInteraction =    19.54 mb: accepted    | 
 |   diffractive mass = 2.24e+02 GeV and sigmaNorm =    10.00 mb    | 
 |    pT0 =  1.09 gives sigmaInteraction =    16.57 mb: accepted    | 
 |   diffractive mass = 1.06e+03 GeV and sigmaNorm =    10.00 mb    | 
 |    pT0 =  1.52 gives sigmaInteraction =    24.00 mb: accepted    | 
 |   diffractive mass = 5.02e+03 GeV and sigmaNorm =    10.00 mb    | 
 |    pT0 =  2.12 gives sigmaInteraction =    43.32 mb: accepted    | 
 |                                                                  | 
 *-------  End PYTHIA Multiparton Interactions Initialization  -----* 

 *-------  PYTHIA Multiparton Interactions Initialization  ---------* 
 |                                                                  | 
 |                          diffraction AXB                         | 
 |                                                                  | 
 |   diffractive mass = 1.00e+01 GeV and sigmaNorm =    10.00 mb    | 
 |    pT0 =  0.56 gives sigmaInteraction =     5.86 mb: rejected    | 
 |    pT0 =  0.50 gives sigmaInteraction =     8.70 mb: rejected    | 
 |    pT0 =  0.45 gives sigmaInteraction =    13.08 mb: accepted    | 
 |   diffractive mass = 4.73e+01 GeV and sigmaNorm =    10.00 mb    | 
 |    pT0 =  0.78 gives sigmaInteraction =     3.01 mb: rejected    | 
 |    pT0 =  0.70 gives sigmaInteraction =     4.13 mb: rejected    | 
 |    pT0 =  0.63 gives sigmaInteraction =     5.76 mb: rejected    | 
 |    pT0 =  0.57 gives sigmaInteraction =     8.10 mb: rejected    | 
 |    pT0 =  0.51 gives sigmaInteraction =    11.48 mb: accepted    | 
 |   diffractive mass = 2.24e+02 GeV and sigmaNorm =    10.00 mb    | 
 |    pT0 =  1.09 gives sigmaInteraction =     2.58 mb: rejected    | 
 |    pT0 =  0.98 gives sigmaInteraction =     3.17 mb: rejected    | 
 |    pT0 =  0.88 gives sigmaInteraction =     3.91 mb: rejected    | 
 |    pT0 =  0.79 gives sigmaInteraction =     4.89 mb: rejected    | 
 |    pT0 =  0.71 gives sigmaInteraction =     6.10 mb: rejected    | 
 |    pT0 =  0.64 gives sigmaInteraction =     7.84 mb: rejected    | 
 |    pT0 =  0.58 gives sigmaInteraction =    10.20 mb: rejected    | 
 |    pT0 =  0.52 gives sigmaInteraction =    13.55 mb: accepted    | 
 |   diffractive mass = 1.06e+03 GeV and sigmaNorm =    10.00 mb    | 
 |    pT0 =  1.52 gives sigmaInteraction =     3.88 mb: rejected    | 
 |    pT0 =  1.37 gives sigmaInteraction =     4.51 mb: rejected    | 
 |    pT0 =  1.23 gives sigmaInteraction =     5.27 mb: rejected    | 
 |    pT0 =  1.11 gives sigmaInteraction =     6.07 mb: rejected    | 
 |    pT0 =  1.00 gives sigmaInteraction =     6.97 mb: rejected    | 
 |    pT0 =  0.90 gives sigmaInteraction =     8.08 mb: rejected    | 
 |    pT0 =  0.81 gives sigmaInteraction =     9.27 mb: rejected    | 
 |    pT0 =  0.73 gives sigmaInteraction =    10.65 mb: rejected    | 
 |    pT0 =  0.65 gives sigmaInteraction =    12.60 mb: accepted    | 
 |   diffractive mass = 5.02e+03 GeV and sigmaNorm =    10.00 mb    | 
 |    pT0 =  2.12 gives sigmaInteraction =     5.90 mb: rejected    | 
 |    pT0 =  1.91 gives sigmaInteraction =     6.91 mb: rejected    | 
 |    pT0 =  1.72 gives sigmaInteraction =     8.02 mb: rejected    | 
 |    pT0 =  1.55 gives sigmaInteraction =     9.25 mb: rejected    | 
 |    pT0 =  1.39 gives sigmaInteraction =    10.49 mb: rejected    | 
 |    pT0 =  1.25 gives sigmaInteraction =    11.86 mb: accepted    | 
 |                                                                  | 
 *-------  End PYTHIA Multiparton Interactions Initialization  -----* 

 *-------  PYTHIA Flag + Mode + Parm + Word + FVec + MVec + PVec + WVec Settings (changes only)  ------------------* 
 |                                                                                                                 | 
 | Name                                          |                      Now |      Default         Min         Max | 
 |                                               |                          |                                      | 
 | Beams:eCM                                     |                 5020.000 |    14000.000    10.00000             | 
 | Next:numberShowEvent                          |                        0 |            1           0             | 
 | SoftQCD:all                                   |                       on |          off                         | 
 |                                                                                                                 | 
 *-------  End PYTHIA Flag + Mode + Parm + Word + FVec + MVec + PVec + WVec Settings  -----------------------------* 

 --------  PYTHIA Particle Data Table (changed only)  ------------------------------------------------------------------------------
 
      id   name            antiName         spn chg col      m0        mWidth      mMin       mMax       tau0    res dec ext vis wid
             no onMode   bRatio   meMode     products 

 no particle data has been changed from its default value 

 --------  End PYTHIA Particle Data Table  -----------------------------------------------------------------------------------------


 --------  PYTHIA Info Listing  ---------------------------------------- 
 
 Beam A: id =   2212, pz =  2.510e+03, e =  2.510e+03, m =  9.383e-01.
 Beam B: id =   2212, pz = -2.510e+03, e =  2.510e+03, m =  9.383e-01.

 Process A B -> A B elastic with code 102 is 2 -> 2.
 It has s =  2.520e+07,    t = -2.991e-02,    u = -2.520e+07,
       pT =  1.729e-01,   m3 =  9.383e-01,   m4 =  9.383e-01,
    theta =  6.890e-05,  phi =  6.119e-02.

 --------  End PYTHIA Info Listing  ------------------------------------

 --------  PYTHIA Event Listing  (hard process)  -----------------------------------------------------------------------------------
 
    no         id  name            status     mothers   daughters     colours      p_x        p_y        p_z         e          m 
     0         90  (system)           -11     0     0     0     0     0     0      0.000      0.000      0.000   5020.000   5020.000
     1       2212  (p+)               -12     0     0     3     0     0     0      0.000      0.000   2510.000   2510.000      0.938
     2       2212  (p+)               -12     0     0     4     0     0     0      0.000      0.000  -2510.000   2510.000      0.938
     3       2212  p+                  14     1     0     0     0     0     0      0.173      0.011   2510.000   2510.000      0.938
     4       2212  p+                  14     2     0     0     0     0     0     -0.173     -0.011  -2510.000   2510.000      0.938
                                   Charge sum:  2.000           Momentum sum:      0.000      0.000      0.000   5020.000   5020.000

 --------  End PYTHIA Event Listing  -----------------------------------------------------------------------------------------------
 PYTHIA Error in BeamRemnants::setKinematics: kinematics construction failed  
 PYTHIA Warning in StringFragmentation::fragmentToJunction: bad convergence junction rest frame  
 PYTHIA Warning in SimpleSpaceShower::pT2nextQCD: weight above unity  

 Pythia::next(): 1000 events have been generated 

 Pythia::next(): 2000 events have been generated 

 Pythia::next(): 3000 events have been generated 
 PYTHIA Error in StringFragmentation::fragment: stuck in joining  
 PYTHIA Error in Pythia::next: hadronLevel failed; try again  

 Pythia::next(): 4000 events have been generated 

 Pythia::next(): 5000 events have been generated 

 Pythia::next(): 6000 events have been generated 

 Pythia::next(): 7000 events have been generated 

 Pythia::next(): 8000 events have been generated 

 Pythia::next(): 9000 events have been generated 

 Pythia::next(): 10000 events have been generated 

 Pythia::next(): 11000 events have been generated 

 Pythia::next(): 12000 events have been generated 
 PYTHIA Warning in TauDecays::decay: unknown correlated tau production, assuming from unpolarized photon  

 Pythia::next(): 13000 events have been generated 

 Pythia::next(): 14000 events have been generated 

 Pythia::next(): 15000 events have been generated 

 Pythia::next(): 16000 events have been generated 

 Pythia::next(): 17000 events have been generated 

 Pythia::next(): 18000 events have been generated 

 Pythia::next(): 19000 events have been generated 

 Pythia::next(): 20000 events have been generated 
 PYTHIA Warning in Pythia::check: not quite matched particle energy/momentum/mass  

 Pythia::next(): 21000 events have been generated 
 PYTHIA Error in SimpleSpaceShower::pT2nearThreshold: stuck in loop  

 Pythia::next(): 22000 events have been generated 

 Pythia::next(): 23000 events have been generated 

 Pythia::next(): 24000 events have been generated 

 Pythia::next(): 25000 events have been generated 

 Pythia::next(): 26000 events have been generated 

 Pythia::next(): 27000 events have been generated 

 Pythia::next(): 28000 events have been generated 
 PYTHIA Warning in SimpleSpaceShower::pT2nextQCD: small daughter PDF  

 Pythia::next(): 29000 events have been generated 

 Pythia::next(): 30000 events have been generated 

 Pythia::next(): 31000 events have been generated 

 Pythia::next(): 32000 events have been generated 

 Pythia::next(): 33000 events have been generated 

 Pythia::next(): 34000 events have been generated 

 Pythia::next(): 35000 events have been generated 

 Pythia::next(): 36000 events have been generated 

 Pythia::next(): 37000 events have been generated 

 Pythia::next(): 38000 events have been generated 

 Pythia::next(): 39000 events have been generated 

 Pythia::next(): 40000 events have been generated 

 Pythia::next(): 41000 events have been generated 

 Pythia::next(): 42000 events have been generated 

 Pythia::next(): 43000 events have been generated 

 Pythia::next(): 44000 events have been generated 

 Pythia::next(): 45000 events have been generated 

 Pythia::next(): 46000 events have been generated 

 Pythia::next(): 47000 events have been generated 

 Pythia::next(): 48000 events have been generated 

 Pythia::next(): 49000 events have been generated 

 Pythia::next(): 50000 events have been generated 

 Pythia::next(): 51000 events have been generated 

 Pythia::next(): 52000 events have been generated 

 Pythia::next(): 53000 events have been generated 

 Pythia::next(): 54000 events have been generated 

 Pythia::next(): 55000 events have been generated 

 Pythia::next(): 56000 events have been generated 

 Pythia::next(): 57000 events have been generated 
 PYTHIA Warning in MultipartonInteractions::pTfirst: weight above unity  

 Pythia::next(): 58000 events have been generated 

 Pythia::next(): 59000 events have been generated 

 Pythia::next(): 60000 events have been generated 

 Pythia::next(): 61000 events have been generated 

 Pythia::next(): 62000 events have been generated 

 Pythia::next(): 63000 events have been generated 

 Pythia::next(): 64000 events have been generated 

 Pythia::next(): 65000 events have been generated 

 Pythia::next(): 66000 events have been generated 

 Pythia::next(): 67000 events have been generated 

 Pythia::next(): 68000 events have been generated 

 Pythia::next(): 69000 events have been generated 

 Pythia::next(): 70000 events have been generated 

 Pythia::next(): 71000 events have been generated 

 Pythia::next(): 72000 events have been generated 

 Pythia::next(): 73000 events have been generated 

 Pythia::next(): 74000 events have been generated 
 PYTHIA Warning in Pythia::check: energy-momentum not quite conserved  

 Pythia::next(): 75000 events have been generated 

 Pythia::next(): 76000 events have been generated 

 Pythia::next(): 77000 events have been generated 

 Pythia::next(): 78000 events have been generated 

 Pythia::next(): 79000 events have been generated 

 Pythia::next(): 80000 events have been generated 

 Pythia::next(): 81000 events have been generated 

 Pythia::next(): 82000 events have been generated 

 Pythia::next(): 83000 events have been generated 

 Pythia::next(): 84000 events have been generated 

 Pythia::next(): 85000 events have been generated 

 Pythia::next(): 86000 events have been generated 

 Pythia::next(): 87000 events have been generated 

 Pythia::next(): 88000 events have been generated 

 Pythia::next(): 89000 events have been generated 

 Pythia::next(): 90000 events have been generated 

 Pythia::next(): 91000 events have been generated 

 Pythia::next(): 92000 events have been generated 

 Pythia::next(): 93000 events have been generated 

 Pythia::next(): 94000 events have been generated 

 Pythia::next(): 95000 events have been generated 

 Pythia::next(): 96000 events have been generated 

 Pythia::next(): 97000 events have been generated 

 Pythia::next(): 98000 events have been generated 

 Pythia::next(): 99000 events have been generated 

 *-------  PYTHIA Event and Cross Section Statistics  -------------------------------------------------------------*
 |                                                                                                                 |
 | Subprocess                                    Code |            Number of events       |      sigma +- delta    |
 |                                                    |       Tried   Selected   Accepted |     (estimated) (mb)   |
 |                                                    |                                   |                        |
 |-----------------------------------------------------------------------------------------------------------------|
 |                                                    |                                   |                        |
 | non-diffractive                                101 |       55350      55350      55350 |   4.772e+01  0.000e+00 |
 | A B -> A B elastic                             102 |       21778      21778      21778 |   1.844e+01  0.000e+00 |
 | A B -> X B single diffractive                  103 |        6961       6961       6961 |   6.065e+00  3.860e-08 |
 | A B -> A X single diffractive                  104 |        6880       6880       6880 |   6.065e+00  3.807e-08 |
 | A B -> X X double diffractive                  105 |        9031       9031       9031 |   7.733e+00  0.000e+00 |
 |                                                    |                                   |                        |
 | sum                                                |      100000     100000     100000 |   8.602e+01  5.421e-08 |
 |                                                                                                                 |
 *-------  End PYTHIA Event and Cross Section Statistics ----------------------------------------------------------*

 *-------  PYTHIA Error and Warning Messages Statistics  ----------------------------------------------------------* 
 |                                                                                                                 | 
 |  times   message                                                                                                | 
 |                                                                                                                 | 
 |    183   Error in BeamRemnants::setKinematics: kinematics construction failed                                   | 
 |     22   Error in Pythia::next: hadronLevel failed; try again                                                   | 
 |      4   Error in SimpleSpaceShower::pT2nearThreshold: stuck in loop                                            | 
 |     22   Error in StringFragmentation::fragment: stuck in joining                                               | 
 |      3   Warning in MultipartonInteractions::init: maximum increased                                            | 
 |      1   Warning in MultipartonInteractions::pTfirst: weight above unity                                        | 
 |      1   Warning in Pythia::check: energy-momentum not quite conserved                                          | 
 |     10   Warning in Pythia::check: not quite matched particle energy/momentum/mass                              | 
 |      5   Warning in SimpleSpaceShower::pT2nextQCD: small daughter PDF                                           | 
 |    563   Warning in SimpleSpaceShower::pT2nextQCD: weight above unity                                           | 
 |    156   Warning in StringFragmentation::fragmentToJunction: bad convergence junction rest frame                | 
 |      1   Warning in TauDecays::decay: unknown correlated tau production, assuming from unpolarized photon       | 
 |                                                                                                                 | 
 *-------  End PYTHIA Error and Warning Messages Statistics  ------------------------------------------------------* 
Cross Section (nb) = 8.602e+04
