
 *------------------------------------------------------------------------------------* 
 |                                                                                    | 
 |  *------------------------------------------------------------------------------*  | 
 |  |                                                                              |  | 
 |  |                                                                              |  | 
 |  |   PPP   Y   Y  TTTTT  H   H  III    A      Welcome to the Lund Monte Carlo!  |  | 
 |  |   P  P   Y Y     T    H   H   I    A A     This is PYTHIA version 8.240      |  | 
 |  |   PPP     Y      T    HHHHH   I   AAAAA    Last date of change: 20 Dec 2018  |  | 
 |  |   P       Y      T    H   H   I   A   A                                      |  | 
 |  |   P       Y      T    H   H  III  A   A    Now is 21 Oct 2019 at 20:34:30    |  | 
 |  |                                                                              |  | 
 |  |   Christian Bierlich;  Department of Astronomy and Theoretical Physics,      |  | 
 |  |      Lund University, Solvegatan 14A, SE-223 62 Lund, Sweden;                |  | 
 |  |      e-mail: christian.bierlich@thep.lu.se                                   |  | 
 |  |   Nishita Desai;  Department of Theoretical Physics, Tata Institute,         |  | 
 |  |      Homi Bhabha Road, Mumbai 400005, India;                                 |  | 
 |  |      e-mail: desai@theory.tifr.res.in                                        |  | 
 |  |   Ilkka Helenius;  Department of Physics, University of Jyvaskyla,           |  | 
 |  |      P.O. Box 35, FI-40014 University of Jyvaskyla, Finland;                 |  | 
 |  |      e-mail: ilkka.m.helenius@jyu.fi                                         |  | 
 |  |   Philip Ilten;  School of Physics and Astronomy,                            |  | 
 |  |      University of Birmingham, Birmingham, B152 2TT, UK;                     |  | 
 |  |      e-mail: philten@cern.ch                                                 |  | 
 |  |   Leif Lonnblad;  Department of Astronomy and Theoretical Physics,           |  | 
 |  |      Lund University, Solvegatan 14A, SE-223 62 Lund, Sweden;                |  | 
 |  |      e-mail: leif.lonnblad@thep.lu.se                                        |  | 
 |  |   Stephen Mrenna;  Computing Division, Simulations Group,                    |  | 
 |  |      Fermi National Accelerator Laboratory, MS 234, Batavia, IL 60510, USA;  |  | 
 |  |      e-mail: mrenna@fnal.gov                                                 |  | 
 |  |   Stefan Prestel;  Department of Astronomy and Theoretical Physics,          |  | 
 |  |      Lund University, Solvegatan 14A, SE-223 62 Lund, Sweden;                |  | 
 |  |      e-mail: stefan.prestel@thep.lu.se                                       |  | 
 |  |   Christine O. Rasmussen;  Department of Astronomy and Theoretical Physics,  |  | 
 |  |      Lund University, Solvegatan 14A, SE-223 62 Lund, Sweden;                |  | 
 |  |      e-mail: christine.rasmussen@thep.lu.se                                  |  | 
 |  |   Torbjorn Sjostrand;  Department of Astronomy and Theoretical Physics,      |  | 
 |  |      Lund University, Solvegatan 14A, SE-223 62 Lund, Sweden;                |  | 
 |  |      e-mail: torbjorn@thep.lu.se                                             |  | 
 |  |   Peter Skands;  School of Physics,                                          |  | 
 |  |      Monash University, PO Box 27, 3800 Melbourne, Australia;                |  | 
 |  |      e-mail: peter.skands@monash.edu                                         |  | 
 |  |                                                                              |  | 
 |  |   The main program reference is 'An Introduction to PYTHIA 8.2',             |  | 
 |  |   T. Sjostrand et al, Comput. Phys. Commun. 191 (2015) 159                   |  | 
 |  |   [arXiv:1410.3012 [hep-ph]]                                                 |  | 
 |  |                                                                              |  | 
 |  |   The main physics reference is the 'PYTHIA 6.4 Physics and Manual',         |  | 
 |  |   T. Sjostrand, S. Mrenna and P. Skands, JHEP05 (2006) 026 [hep-ph/0603175]  |  | 
 |  |                                                                              |  | 
 |  |   An archive of program versions and documentation is found on the web:      |  | 
 |  |   http://www.thep.lu.se/Pythia                                               |  | 
 |  |                                                                              |  | 
 |  |   This program is released under the GNU General Public Licence version 2.   |  | 
 |  |   Please respect the MCnet Guidelines for Event Generator Authors and Users. |  | 
 |  |                                                                              |  | 
 |  |   Disclaimer: this program comes without any guarantees.                     |  | 
 |  |   Beware of errors and use common sense when interpreting results.           |  | 
 |  |                                                                              |  | 
 |  |   Copyright (C) 2018 Torbjorn Sjostrand                                      |  | 
 |  |                                                                              |  | 
 |  |                                                                              |  | 
 |  *------------------------------------------------------------------------------*  | 
 |                                                                                    | 
 *------------------------------------------------------------------------------------* 

 Read commands from mode2.par

 *------ HeavyIon fitting of SubCollisionModel to cross sections ------* 
 |                    Total:    86.02 mb      (+-  2%)                 | 
 |          non-diffractive:    47.72 mb      (+-  2%)                 | 
 |           XX diffractive:     7.73 mb      (+- 10%)                 | 
 |       wounded target (B):    61.52 mb      (+-  5%)                 | 
 |   wounded projectile (A):    61.52 mb      (+-  5%)                 | 
 |          AXB diffractive:     0.00 mb      not used                 | 
 |                  elastic:    18.44 mb      (+- 10%)                 | 
 |          elastic b-slope:    20.85 GeV^-2  not used                 | 
 |                                                                     | 
 |   Using a genetic algorithm                                         | 
 |               Generation    best Chi2/Ndf                           | 
 |                        0:     0.44                                  | 
 |                        1:     0.37                                  | 
 |                        2:     0.09                                  | 
 |                        3:     0.07                                  | 
 |                        4:     0.07                                  | 
 |                        5:     0.03                                  | 
 |                        6:     0.03                                  | 
 |                        7:     0.04                                  | 
 |                        8:     0.03                                  | 
 |                        9:     0.03                                  | 
 |                       10:     0.02                                  | 
 |                       11:     0.03                                  | 
 |                       12:     0.02                                  | 
 |                       13:     0.02                                  | 
 |                       14:     0.03                                  | 
 |                       15:     0.02                                  | 
 |                       16:     0.02                                  | 
 |                       17:     0.02                                  | 
 |                       18:     0.02                                  | 
 |                       19:     0.02                                  | 
 |                                                                     | 
 |     Resulting cross sections (target value)                         | 
 |                    Total:    85.75 *( 86.02) mb                     | 
 |          non-diffractive:    47.66 *( 47.72) mb                     | 
 |           XX diffractive:     7.90 *(  7.73) mb                     | 
 |       wounded target (B):    61.34 *( 61.52) mb                     | 
 |   wounded projectile (A):    61.33 *( 61.52) mb                     | 
 |          AXB diffractive:     0.00  (  0.00) mb                     | 
 |                  elastic:    18.64 *( 18.44) mb                     | 
 |          elastic b-slope:    24.50  ( 20.85) GeV^-2                 | 
 |                 Chi2/Ndf:     0.03                                  | 
 |                                                                     | 
 |     Resulting parameters:                                           | 
 |                        0:    13.91                                  | 
 |                        1:     1.78                                  | 
 |                        2:     0.22                                  | 
 |                                                                     | 
 |     Resulting non-diffractive average impact parameter:             | 
 |                      <b>:     1.21 +- 0.01 fm                       | 
 |                                                                     | 
 *--- End HeavyIon fitting of parameters in nucleon collision model ---* 

HeavyIon Info: To avoid refitting, use the following settings for next run:
  HeavyIon:SigFitNGen = 0
  HeavyIon:SigFitDefPar = 13.91,1.78,0.22,0.0,0.0,0.0,0.0,0.0
 HeavyIon Info: Initializing impact parameter generator with width 8.89 fm.
 Angantyr Info: No signal process specified. Assuming minimum bias.
 Angantyr Info: Initializing minimum bias processes.

 *-------  PYTHIA Process Initialization  --------------------------*
 |                                                                  |
 | We collide p+ with p+ at a CM energy of 5.020e+03 GeV            |
 |                                                                  |
 |------------------------------------------------------------------|
 |                                                    |             |
 | Subprocess                                    Code |   Estimated |
 |                                                    |    max (mb) |
 |                                                    |             |
 |------------------------------------------------------------------|
 |                                                    |             |
 | non-diffractive                                101 |   4.772e+01 |
 | A B -> A B elastic                             102 |   1.844e+01 |
 | A B -> X B single diffractive                  103 |   6.065e+00 |
 | A B -> A X single diffractive                  104 |   6.065e+00 |
 | A B -> X X double diffractive                  105 |   7.733e+00 |
 | A B -> A X B central diffractive               106 |   0.000e+00 |
 |                                                                  |
 *-------  End PYTHIA Process Initialization -----------------------*

 *-------  PYTHIA Multiparton Interactions Initialization  ---------* 
 |                                                                  | 
 |                   sigmaNonDiffractive =    47.72 mb              | 
 |                                                                  | 
 |    pT0 =  2.00 gives sigmaInteraction =   241.48 mb: accepted    | 
 |                                                                  | 
 *-------  End PYTHIA Multiparton Interactions Initialization  -----* 

 *-------  PYTHIA Multiparton Interactions Initialization  ---------* 
 |                                                                  | 
 |                          diffraction XB                          | 
 |                                                                  | 
 |   diffractive mass = 1.00e+01 GeV and sigmaNorm =    10.00 mb    | 
 |    pT0 =  0.53 gives sigmaInteraction =    31.46 mb: accepted    | 
 |   diffractive mass = 4.73e+01 GeV and sigmaNorm =    10.00 mb    | 
 |    pT0 =  0.73 gives sigmaInteraction =    24.06 mb: accepted    | 
 |   diffractive mass = 2.24e+02 GeV and sigmaNorm =    10.00 mb    | 
 |    pT0 =  1.03 gives sigmaInteraction =    19.44 mb: accepted    | 
 |   diffractive mass = 1.06e+03 GeV and sigmaNorm =    10.00 mb    | 
 |    pT0 =  1.43 gives sigmaInteraction =    27.48 mb: accepted    | 
 |   diffractive mass = 5.02e+03 GeV and sigmaNorm =    10.00 mb    | 
 |    pT0 =  2.00 gives sigmaInteraction =    49.84 mb: accepted    | 
 |                                                                  | 
 *-------  End PYTHIA Multiparton Interactions Initialization  -----* 
 PYTHIA Warning in MultipartonInteractions::init: maximum increased by factor 4.058

 *-------  PYTHIA Multiparton Interactions Initialization  ---------* 
 |                                                                  | 
 |                          diffraction AX                          | 
 |                                                                  | 
 |   diffractive mass = 1.00e+01 GeV and sigmaNorm =    10.00 mb    | 
 |    pT0 =  0.53 gives sigmaInteraction =    31.60 mb: accepted    | 
 |   diffractive mass = 4.73e+01 GeV and sigmaNorm =    10.00 mb    | 
 |    pT0 =  0.73 gives sigmaInteraction =    24.01 mb: accepted    | 
 |   diffractive mass = 2.24e+02 GeV and sigmaNorm =    10.00 mb    | 
 |    pT0 =  1.03 gives sigmaInteraction =    19.45 mb: accepted    | 
 |   diffractive mass = 1.06e+03 GeV and sigmaNorm =    10.00 mb    | 
 |    pT0 =  1.43 gives sigmaInteraction =    27.25 mb: accepted    | 
 |   diffractive mass = 5.02e+03 GeV and sigmaNorm =    10.00 mb    | 
 |    pT0 =  2.00 gives sigmaInteraction =    49.91 mb: accepted    | 
 |                                                                  | 
 *-------  End PYTHIA Multiparton Interactions Initialization  -----* 

 *-------  PYTHIA Multiparton Interactions Initialization  ---------* 
 |                                                                  | 
 |                          diffraction AXB                         | 
 |                                                                  | 
 |   diffractive mass = 1.00e+01 GeV and sigmaNorm =    10.00 mb    | 
 |    pT0 =  0.53 gives sigmaInteraction =     7.33 mb: rejected    | 
 |    pT0 =  0.47 gives sigmaInteraction =    10.94 mb: rejected    | 
 |    pT0 =  0.43 gives sigmaInteraction =    16.32 mb: accepted    | 
 |   diffractive mass = 4.73e+01 GeV and sigmaNorm =    10.00 mb    | 
 |    pT0 =  0.73 gives sigmaInteraction =     3.57 mb: rejected    | 
 |    pT0 =  0.66 gives sigmaInteraction =     4.92 mb: rejected    | 
 |    pT0 =  0.59 gives sigmaInteraction =     6.89 mb: rejected    | 
 |    pT0 =  0.54 gives sigmaInteraction =     9.83 mb: rejected    | 
 |    pT0 =  0.48 gives sigmaInteraction =    13.97 mb: accepted    | 
 |   diffractive mass = 2.24e+02 GeV and sigmaNorm =    10.00 mb    | 
 |    pT0 =  1.03 gives sigmaInteraction =     2.90 mb: rejected    | 
 |    pT0 =  0.92 gives sigmaInteraction =     3.55 mb: rejected    | 
 |    pT0 =  0.83 gives sigmaInteraction =     4.36 mb: rejected    | 
 |    pT0 =  0.75 gives sigmaInteraction =     5.53 mb: rejected    | 
 |    pT0 =  0.67 gives sigmaInteraction =     7.04 mb: rejected    | 
 |    pT0 =  0.61 gives sigmaInteraction =     9.00 mb: rejected    | 
 |    pT0 =  0.55 gives sigmaInteraction =    11.96 mb: accepted    | 
 |   diffractive mass = 1.06e+03 GeV and sigmaNorm =    10.00 mb    | 
 |    pT0 =  1.43 gives sigmaInteraction =     4.25 mb: rejected    | 
 |    pT0 =  1.29 gives sigmaInteraction =     4.95 mb: rejected    | 
 |    pT0 =  1.16 gives sigmaInteraction =     5.74 mb: rejected    | 
 |    pT0 =  1.04 gives sigmaInteraction =     6.59 mb: rejected    | 
 |    pT0 =  0.94 gives sigmaInteraction =     7.58 mb: rejected    | 
 |    pT0 =  0.85 gives sigmaInteraction =     8.73 mb: rejected    | 
 |    pT0 =  0.76 gives sigmaInteraction =     9.96 mb: rejected    | 
 |    pT0 =  0.69 gives sigmaInteraction =    11.79 mb: accepted    | 
 |   diffractive mass = 5.02e+03 GeV and sigmaNorm =    10.00 mb    | 
 |    pT0 =  2.00 gives sigmaInteraction =     6.46 mb: rejected    | 
 |    pT0 =  1.80 gives sigmaInteraction =     7.47 mb: rejected    | 
 |    pT0 =  1.62 gives sigmaInteraction =     8.62 mb: rejected    | 
 |    pT0 =  1.46 gives sigmaInteraction =     9.95 mb: rejected    | 
 |    pT0 =  1.31 gives sigmaInteraction =    11.21 mb: accepted    | 
 |                                                                  | 
 *-------  End PYTHIA Multiparton Interactions Initialization  -----* 

 *-------  PYTHIA Flag + Mode + Parm + Word + FVec + MVec + PVec + WVec Settings (changes only)  ------------------* 
 |                                                                                                                 | 
 | Name                                          |                      Now |      Default         Min         Max | 
 |                                               |                          |                                      | 
 | BeamRemnants:remnantMode                      |                        1 |            0           0           1 | 
 | Beams:eA                                      |                 4000.000 |     7000.000         0.0             | 
 | Beams:eB                                      |                 1575.000 |     7000.000         0.0             | 
 | Beams:frameType                               |                        2 |            1           1           5 | 
 | ColourReconnection:allowDoubleJunRem          |                      off |           on                         | 
 | ColourReconnection:mode                       |                        1 |            0           0           4 | 
 | HadronLevel:all                               |                      off |           on                         | 
 | MultipartonInteractions:pT0Ref                |                  2.15000 |      2.28000     0.50000    10.00000 | 
 | Next:numberCount                              |                        0 |         1000           0             | 
 | Next:numberShowEvent                          |                        0 |            1           0             | 
 | Next:numberShowInfo                           |                        0 |            1           0             | 
 | Next:numberShowLHA                            |                        0 |            1           0             | 
 | Next:numberShowProcess                        |                        0 |            1           0             | 
 | Random:seed                                   |                      404 |           -1               900000000 | 
 | Random:setSeed                                |                       on |          off                         | 
 | SoftQCD:all                                   |                       on |          off                         | 
 | StringFlav:probQQ1toQQ0join                   |                0.0275000 |      0.50000         0.0     1.00000 | 
 |                                               |                0.0275000 |      0.70000         0.0     1.00000 | 
 |                                               |                0.0275000 |      0.90000         0.0     1.00000 | 
 |                                               |                0.0275000 |      1.00000         0.0     1.00000 | 
 | StringFlav:probQQtoQ                          |                0.0780000 |    0.0810000         0.0     1.00000 | 
 | StringFlav:probStoUD                          |                  0.20000 |      0.21700         0.0     1.00000 | 
 | StringZ:aLund                                 |                  0.36000 |      0.68000         0.0     2.00000 | 
 | StringZ:bLund                                 |                  0.56000 |      0.98000     0.20000     2.00000 | 
 | Tune:ee                                       |                        0 |            7          -1           7 | 
 | Tune:pp                                       |                        0 |           14          -1          34 | 
 |                                                                                                                 | 
 *-------  End PYTHIA Flag + Mode + Parm + Word + FVec + MVec + PVec + WVec Settings  -----------------------------* 

 --------  PYTHIA Particle Data Table (changed only)  ------------------------------------------------------------------------------
 
      id   name            antiName         spn chg col      m0        mWidth      mMin       mMax       tau0    res dec ext vis wid
             no onMode   bRatio   meMode     products 

 no particle data has been changed from its default value 

 --------  End PYTHIA Particle Data Table  -----------------------------------------------------------------------------------------

 Angantyr Info: Initializing secondary absorptive processes as single diffraction.

 *-------  PYTHIA Process Initialization  --------------------------*
 |                                                                  |
 | We collide p+ with p+ at a CM energy of 5.020e+03 GeV            |
 |                                                                  |
 |------------------------------------------------------------------|
 |                                                    |             |
 | Subprocess                                    Code |   Estimated |
 |                                                    |    max (mb) |
 |                                                    |             |
 |------------------------------------------------------------------|
 |                                                    |             |
 | A B -> X B single diffractive                  103 |   6.065e+00 |
 | A B -> A X single diffractive                  104 |   6.065e+00 |
 |                                                                  |
 *-------  End PYTHIA Process Initialization -----------------------*

 *-------  PYTHIA Multiparton Interactions Initialization  ---------* 
 |                                                                  | 
 |                   sigmaNonDiffractive =    47.72 mb              | 
 |                                                                  | 
 |    pT0 =  2.12 gives sigmaInteraction =   209.74 mb: accepted    | 
 |                                                                  | 
 *-------  End PYTHIA Multiparton Interactions Initialization  -----* 

 *-------  PYTHIA Multiparton Interactions Initialization  ---------* 
 |                                                                  | 
 |                          diffraction XB                          | 
 |                                                                  | 
 |   diffractive mass = 1.00e+01 GeV and sigmaNorm =    47.72 mb    | 
 |    pT0 =  2.12 gives sigmaInteraction =    15.99 mb: rejected    | 
 |    pT0 =  1.91 gives sigmaInteraction =    25.08 mb: rejected    | 
 |    pT0 =  1.72 gives sigmaInteraction =    39.25 mb: rejected    | 
 |    pT0 =  1.55 gives sigmaInteraction =    61.70 mb: accepted    | 
 |   diffractive mass = 4.73e+01 GeV and sigmaNorm =    47.72 mb    | 
 |    pT0 =  2.12 gives sigmaInteraction =    39.58 mb: rejected    | 
 |    pT0 =  1.91 gives sigmaInteraction =    56.46 mb: accepted    | 
 |   diffractive mass = 2.24e+02 GeV and sigmaNorm =    47.72 mb    | 
 |    pT0 =  2.12 gives sigmaInteraction =    92.66 mb: accepted    | 
 |   diffractive mass = 1.06e+03 GeV and sigmaNorm =    47.72 mb    | 
 |    pT0 =  2.12 gives sigmaInteraction =   159.58 mb: accepted    | 
 |   diffractive mass = 5.02e+03 GeV and sigmaNorm =    47.72 mb    | 
 |    pT0 =  2.12 gives sigmaInteraction =   192.79 mb: accepted    | 
 |                                                                  | 
 *-------  End PYTHIA Multiparton Interactions Initialization  -----* 
 PYTHIA Warning in MultipartonInteractions::init: maximum increased by factor 2.715

 *-------  PYTHIA Multiparton Interactions Initialization  ---------* 
 |                                                                  | 
 |                          diffraction AX                          | 
 |                                                                  | 
 |   diffractive mass = 1.00e+01 GeV and sigmaNorm =    47.72 mb    | 
 |    pT0 =  2.12 gives sigmaInteraction =    15.84 mb: rejected    | 
 |    pT0 =  1.91 gives sigmaInteraction =    24.93 mb: rejected    | 
 |    pT0 =  1.72 gives sigmaInteraction =    39.36 mb: rejected    | 
 |    pT0 =  1.55 gives sigmaInteraction =    61.85 mb: accepted    | 
 |   diffractive mass = 4.73e+01 GeV and sigmaNorm =    47.72 mb    | 
 |    pT0 =  2.12 gives sigmaInteraction =    39.55 mb: rejected    | 
 |    pT0 =  1.91 gives sigmaInteraction =    55.74 mb: accepted    | 
 |   diffractive mass = 2.24e+02 GeV and sigmaNorm =    47.72 mb    | 
 |    pT0 =  2.12 gives sigmaInteraction =    92.78 mb: accepted    | 
 |   diffractive mass = 1.06e+03 GeV and sigmaNorm =    47.72 mb    | 
 |    pT0 =  2.12 gives sigmaInteraction =   159.39 mb: accepted    | 
 |   diffractive mass = 5.02e+03 GeV and sigmaNorm =    47.72 mb    | 
 |    pT0 =  2.12 gives sigmaInteraction =   192.50 mb: accepted    | 
 |                                                                  | 
 *-------  End PYTHIA Multiparton Interactions Initialization  -----* 

 *-------  PYTHIA Flag + Mode + Parm + Word + FVec + MVec + PVec + WVec Settings (changes only)  ------------------* 
 |                                                                                                                 | 
 | Name                                          |                      Now |      Default         Min         Max | 
 |                                               |                          |                                      | 
 | Beams:eA                                      |                 4000.000 |     7000.000         0.0             | 
 | Beams:eB                                      |                 1575.000 |     7000.000         0.0             | 
 | Beams:eCM                                     |                 5019.960 |    14000.000    10.00000             | 
 | Beams:frameType                               |                        2 |            1           1           5 | 
 | ColourReconnection:allowDoubleJunRem          |                      off |           on                         | 
 | ColourReconnection:mode                       |                        1 |            0           0           4 | 
 | Diffraction:mRefPomP                          |                 5019.960 |    100.00000     1.00000             | 
 | Diffraction:sigmaRefPomP                      |                 47.72333 |     10.00000     2.00000    40.00000 | 
 | HadronLevel:all                               |                      off |           on                         | 
 | MultipartonInteractions:ecmPow                |                      0.0 |      0.21500         0.0     0.50000 | 
 | MultipartonInteractions:ecmRef                |                 5019.960 |     7000.000     1.00000             | 
 | MultipartonInteractions:pT0Ref                |                  2.12270 |      2.28000     0.50000    10.00000 | 
 | Next:numberCount                              |                        0 |         1000           0             | 
 | Next:numberShowEvent                          |                        0 |            1           0             | 
 | Next:numberShowInfo                           |                        0 |            1           0             | 
 | Next:numberShowLHA                            |                        0 |            1           0             | 
 | Next:numberShowProcess                        |                        0 |            1           0             | 
 | PDF:PomSet                                    |                       11 |            6                         | 
 | Random:seed                                   |                      404 |           -1               900000000 | 
 | Random:setSeed                                |                       on |          off                         | 
 | SoftQCD:singleDiffractive                     |                       on |          off                         | 
 | StringFlav:probQQ1toQQ0join                   |                0.0275000 |      0.50000         0.0     1.00000 | 
 |                                               |                0.0275000 |      0.70000         0.0     1.00000 | 
 |                                               |                0.0275000 |      0.90000         0.0     1.00000 | 
 |                                               |                0.0275000 |      1.00000         0.0     1.00000 | 
 | StringFlav:probQQtoQ                          |                0.0780000 |    0.0810000         0.0     1.00000 | 
 | StringFlav:probStoUD                          |                  0.20000 |      0.21700         0.0     1.00000 | 
 | StringZ:aLund                                 |                  0.36000 |      0.68000         0.0     2.00000 | 
 | StringZ:bLund                                 |                  0.56000 |      0.98000     0.20000     2.00000 | 
 | Tune:ee                                       |                        0 |            7          -1           7 | 
 | Tune:pp                                       |                        0 |           14          -1          34 | 
 |                                                                                                                 | 
 *-------  End PYTHIA Flag + Mode + Parm + Word + FVec + MVec + PVec + WVec Settings  -----------------------------* 

 --------  PYTHIA Particle Data Table (changed only)  ------------------------------------------------------------------------------
 
      id   name            antiName         spn chg col      m0        mWidth      mMin       mMax       tau0    res dec ext vis wid
             no onMode   bRatio   meMode     products 

 no particle data has been changed from its default value 

 --------  End PYTHIA Particle Data Table  -----------------------------------------------------------------------------------------

 Angantyr Info: Initializing hadronisation processes.

 *-------  PYTHIA Flag + Mode + Parm + Word + FVec + MVec + PVec + WVec Settings (changes only)  ------------------* 
 |                                                                                                                 | 
 | Name                                          |                      Now |      Default         Min         Max | 
 |                                               |                          |                                      | 
 | BeamRemnants:remnantMode                      |                        1 |            0           0           1 | 
 | Beams:eA                                      |                 4000.000 |     7000.000         0.0             | 
 | Beams:eB                                      |                 1575.000 |     7000.000         0.0             | 
 | Beams:frameType                               |                        2 |            1           1           5 | 
 | Beams:idB                                     |               1000822080 |         2212                         | 
 | ColourReconnection:allowDoubleJunRem          |                      off |           on                         | 
 | ColourReconnection:mode                       |                        1 |            0           0           4 | 
 | MultipartonInteractions:pT0Ref                |                  2.15000 |      2.28000     0.50000    10.00000 | 
 | Next:numberCount                              |                        0 |         1000           0             | 
 | Next:numberShowEvent                          |                        0 |            1           0             | 
 | Next:numberShowInfo                           |                        0 |            1           0             | 
 | Next:numberShowLHA                            |                        0 |            1           0             | 
 | Next:numberShowProcess                        |                        0 |            1           0             | 
 | PartonLevel:all                               |                      off |           on                         | 
 | ProcessLevel:all                              |                      off |           on                         | 
 | Random:seed                                   |                      404 |           -1               900000000 | 
 | Random:setSeed                                |                       on |          off                         | 
 | StringFlav:probQQ1toQQ0join                   |                0.0275000 |      0.50000         0.0     1.00000 | 
 |                                               |                0.0275000 |      0.70000         0.0     1.00000 | 
 |                                               |                0.0275000 |      0.90000         0.0     1.00000 | 
 |                                               |                0.0275000 |      1.00000         0.0     1.00000 | 
 | StringFlav:probQQtoQ                          |                0.0780000 |    0.0810000         0.0     1.00000 | 
 | StringFlav:probStoUD                          |                  0.20000 |      0.21700         0.0     1.00000 | 
 | StringZ:aLund                                 |                  0.36000 |      0.68000         0.0     2.00000 | 
 | StringZ:bLund                                 |                  0.56000 |      0.98000     0.20000     2.00000 | 
 | Tune:ee                                       |                        0 |            7          -1           7 | 
 | Tune:pp                                       |                        0 |           14          -1          34 | 
 |                                                                                                                 | 
 *-------  End PYTHIA Flag + Mode + Parm + Word + FVec + MVec + PVec + WVec Settings  -----------------------------* 

 --------  PYTHIA Particle Data Table (changed only)  ------------------------------------------------------------------------------
 
      id   name            antiName         spn chg col      m0        mWidth      mMin       mMax       tau0    res dec ext vis wid
             no onMode   bRatio   meMode     products 

 no particle data has been changed from its default value 

 --------  End PYTHIA Particle Data Table  -----------------------------------------------------------------------------------------

 PYTHIA Warning in SimpleSpaceShower::pT2nextQCD: weight above unity  
 PYTHIA Error in StringFragmentation::fragmentToJunction: caught in junction flavour loop  
 PYTHIA Error in Pythia::forceHadronLevel: hadronLevel failed; try again  
 PYTHIA Abort from Pythia::forceHadronLevel: hadronLevel failed; giving up  
 PYTHIA Warning in StringFragmentation::fragmentToJunction: bad convergence junction rest frame  
 PYTHIA Error in BeamRemnants::setKinematics: kinematics construction failed  
 PYTHIA Warning in JunctionSplitting::CheckColours: Made a gluon colour singlet; redoing colours  
 PYTHIA Error in StringFragmentation::fragment: stuck in joining  
 PYTHIA Warning in JunctionSplitting::SplitJunPairs: parallel junction state not allowed.  
 PYTHIA Warning in JunctionSplitting::CheckColours: Not possible to split junctions; making new colours  
 PYTHIA Warning in JunctionSplitting::SplitJunPairs: parallel junction state not allowed.  
 PYTHIA Warning in JunctionSplitting::CheckColours: Not possible to split junctions; making new colours  
 PYTHIA Warning in Pythia::check: not quite matched particle energy/momentum/mass  
 PYTHIA Error in MiniStringFragmentation::fragment: no 1- or 2-body state found above mass threshold  
 PYTHIA Warning in MiniStringFragmentation::ministring2two: random axis needed to break tie  
 PYTHIA Error in BeamRemnants::setKinematics: kinematics construction failed  
 PYTHIA Warning in SimpleSpaceShower::pT2nextQCD: weight above unity  
 PYTHIA Warning in StringFragmentation::finalRegion: random axis needed to break tie  
 PYTHIA Warning in SimpleSpaceShower::pT2nextQCD: small daughter PDF  
 PYTHIA Warning in MultipartonInteractions::pTnext: weight above unity  
 PYTHIA Warning in Pythia::check: not quite matched particle energy/momentum/mass  
 PYTHIA Warning from PyHIia::next: Could not setup signal or ND collisions.  
 PYTHIA Error in Pythia::next: partonLevel failed; try again  
 PYTHIA Warning in Pythia::check: energy-momentum not quite conserved  
 PYTHIA Error in Pythia::check: unmatched particle energy/momentum/mass  
 PYTHIA Abort from Pythia::forceHadronLevel: check of event revealed problems  
 PYTHIA Error in SimpleSpaceShower::pT2nearThreshold: stuck in loop  
 PYTHIA Error in SimpleSpaceShower::pT2nearThreshold: stuck in loop  
 PYTHIA Warning from PyHIia::next: Could not setup SD sub collision.  
 PYTHIA Warning in SimpleSpaceShower::pT2nextQCD: small daughter PDF  
 PYTHIA Warning in MultipartonInteractions::pTnext: weight above unity  
 PYTHIA Warning in MultipartonInteractions::pTfirst: weight above unity  
 PYTHIA Warning in StringFragmentation::fragmentToJunction: Negative invariant masses in junction rest frame  
 PYTHIA Warning in Pythia::check: not quite matched particle energy/momentum/mass  
 PYTHIA Warning in MultipartonInteractions::pTfirst: weight above unity  

 *-----  HeavyIon Event and Cross Section Statistics  -------------------------------------------------------------*
 |                                                                                                                 |
 | Subprocess                                    Code |            Number of events       |      sigma +- delta    |
 |                                                    |       Tried   Selected   Accepted |     (estimated) (mb)   |
 |                                                    |                                   |                        |
 |-----------------------------------------------------------------------------------------------------------------|
 |                                                    |                                   |                        |
 | non-diffractive                                101 |      179156     179156     179156 |   1.781e+03  1.844e-02 |
 | A B -> A B elastic                             102 |          65         65         65 |   8.214e-01  1.226e+00 |
 | A B -> X B single diffractive                  103 |        9074       9074       9074 |   1.095e+02  9.918e-02 |
 | A B -> A X single diffractive                  104 |        8909       8909       8909 |   1.071e+02  9.980e-02 |
 | A B -> X X double diffractive                  105 |        2796       2796       2796 |   3.052e+01  1.615e-01 |
 |                                                    |                                   |                        |
 | sum                                                |      605278     200000     200000 |   2.029e+03  1.784e-02 |
 | (Estimated total cross section)                    |      605278          0          0 |   3.561e+03  6.989e+00 |
 | (Estimated non-diffractive cross section)          |      605278          0          0 |   1.820e+03  3.582e-01 |
 |                                                                                                                 |
 *-----  End HeavyIon Event and Cross Section Statistics ----------------------------------------------------------*

 *-------  PYTHIA Error and Warning Messages Statistics  ----------------------------------------------------------* 
 |                                                                                                                 | 
 |  times   message                                                                                                | 
 |                                                                                                                 | 
 |   9863   (MBIAS)Error in BeamRemnants::setKinematics: kinematics construction failed                            | 
 |     12   (MBIAS)Error in Pythia::next: partonLevel failed; try again                                            | 
 |    127   (MBIAS)Error in SimpleSpaceShower::pT2nearThreshold: stuck in loop                                     | 
 |   4235   (MBIAS)Warning in JunctionSplitting::CheckColours: Made a gluon colour singlet; redoing colours        | 
 |   8325   (MBIAS)Warning in JunctionSplitting::CheckColours: Not possible to split junctions; making new colours | 
 |   8325   (MBIAS)Warning in JunctionSplitting::SplitJunPairs: parallel junction state not allowed.               | 
 |      3   (MBIAS)Warning in MultipartonInteractions::init: maximum increased                                     | 
 |      1   (MBIAS)Warning in MultipartonInteractions::pTfirst: weight above unity                                 | 
 |     21   (MBIAS)Warning in MultipartonInteractions::pTnext: weight above unity                                  | 
 |    115   (MBIAS)Warning in Pythia::check: not quite matched particle energy/momentum/mass                       | 
 |    114   (MBIAS)Warning in SimpleSpaceShower::pT2nextQCD: small daughter PDF                                    | 
 |   8802   (MBIAS)Warning in SimpleSpaceShower::pT2nextQCD: weight above unity                                    | 
 |    394   (SASD)Error in BeamRemnants::setKinematics: kinematics construction failed                             | 
 |     10   (SASD)Error in SimpleSpaceShower::pT2nearThreshold: stuck in loop                                      | 
 |     25   (SASD)Warning in JunctionSplitting::CheckColours: Not possible to split junctions; making new colours  | 
 |     25   (SASD)Warning in JunctionSplitting::SplitJunPairs: parallel junction state not allowed.                | 
 |      2   (SASD)Warning in MultipartonInteractions::init: maximum increased                                      | 
 |      1   (SASD)Warning in MultipartonInteractions::pTfirst: weight above unity                                  | 
 |      1   (SASD)Warning in MultipartonInteractions::pTnext: weight above unity                                   | 
 |      5   (SASD)Warning in Pythia::check: not quite matched particle energy/momentum/mass                        | 
 |     11   (SASD)Warning in SimpleSpaceShower::pT2nextQCD: small daughter PDF                                     | 
 |    221   (SASD)Warning in SimpleSpaceShower::pT2nextQCD: weight above unity                                     | 
 |      1   (SIGPP)Abort from Pythia::init: processLevel initialization failed                                     | 
 |      1   (SIGPP)Error in ProcessLevel::init: no process switched on                                             | 
 |      3   Abort from Pythia::forceHadronLevel: check of event revealed problems                                  | 
 |   4064   Abort from Pythia::forceHadronLevel: hadronLevel failed; giving up                                     | 
 |  22918   Error in MiniStringFragmentation::fragment: no 1- or 2-body state found above mass threshold           | 
 |     10   Error in Pythia::check: unmatched particle energy/momentum/mass                                        | 
 |  49296   Error in Pythia::forceHadronLevel: hadronLevel failed; try again                                       | 
 |   5638   Error in StringFragmentation::fragment: stuck in joining                                               | 
 |  20740   Error in StringFragmentation::fragmentToJunction: caught in junction flavour loop                      | 
 |      2   Warning from PyHIia::next: Could not setup SD sub collision.                                           | 
 |     38   Warning from PyHIia::next: Could not setup signal or ND collisions.                                    | 
 |    212   Warning in MiniStringFragmentation::ministring2two: random axis needed to break tie                    | 
 |      2   Warning in Pythia::check: energy-momentum not quite conserved                                          | 
 |    178   Warning in Pythia::check: not quite matched particle energy/momentum/mass                              | 
 |    138   Warning in StringFragmentation::finalRegion: random axis needed to break tie                           | 
 |      2   Warning in StringFragmentation::fragmentToJunction: Negative invariant masses in junction rest frame   | 
 |  41942   Warning in StringFragmentation::fragmentToJunction: bad convergence junction rest frame                | 
 |                                                                                                                 | 
 *-------  End PYTHIA Error and Warning Messages Statistics  ------------------------------------------------------* 
Cross Section (nb) = 1.246e+09
