
 *------------------------------------------------------------------------------------* 
 |                                                                                    | 
 |  *------------------------------------------------------------------------------*  | 
 |  |                                                                              |  | 
 |  |                                                                              |  | 
 |  |   PPP   Y   Y  TTTTT  H   H  III    A      Welcome to the Lund Monte Carlo!  |  | 
 |  |   P  P   Y Y     T    H   H   I    A A     This is PYTHIA version 8.240      |  | 
 |  |   PPP     Y      T    HHHHH   I   AAAAA    Last date of change: 20 Dec 2018  |  | 
 |  |   P       Y      T    H   H   I   A   A                                      |  | 
 |  |   P       Y      T    H   H  III  A   A    Now is 11 Sep 2019 at 10:32:06    |  | 
 |  |                                                                              |  | 
 |  |   Christian Bierlich;  Department of Astronomy and Theoretical Physics,      |  | 
 |  |      Lund University, Solvegatan 14A, SE-223 62 Lund, Sweden;                |  | 
 |  |      e-mail: christian.bierlich@thep.lu.se                                   |  | 
 |  |   Nishita Desai;  Department of Theoretical Physics, Tata Institute,         |  | 
 |  |      Homi Bhabha Road, Mumbai 400005, India;                                 |  | 
 |  |      e-mail: desai@theory.tifr.res.in                                        |  | 
 |  |   Ilkka Helenius;  Department of Physics, University of Jyvaskyla,           |  | 
 |  |      P.O. Box 35, FI-40014 University of Jyvaskyla, Finland;                 |  | 
 |  |      e-mail: ilkka.m.helenius@jyu.fi                                         |  | 
 |  |   Philip Ilten;  School of Physics and Astronomy,                            |  | 
 |  |      University of Birmingham, Birmingham, B152 2TT, UK;                     |  | 
 |  |      e-mail: philten@cern.ch                                                 |  | 
 |  |   Leif Lonnblad;  Department of Astronomy and Theoretical Physics,           |  | 
 |  |      Lund University, Solvegatan 14A, SE-223 62 Lund, Sweden;                |  | 
 |  |      e-mail: leif.lonnblad@thep.lu.se                                        |  | 
 |  |   Stephen Mrenna;  Computing Division, Simulations Group,                    |  | 
 |  |      Fermi National Accelerator Laboratory, MS 234, Batavia, IL 60510, USA;  |  | 
 |  |      e-mail: mrenna@fnal.gov                                                 |  | 
 |  |   Stefan Prestel;  Department of Astronomy and Theoretical Physics,          |  | 
 |  |      Lund University, Solvegatan 14A, SE-223 62 Lund, Sweden;                |  | 
 |  |      e-mail: stefan.prestel@thep.lu.se                                       |  | 
 |  |   Christine O. Rasmussen;  Department of Astronomy and Theoretical Physics,  |  | 
 |  |      Lund University, Solvegatan 14A, SE-223 62 Lund, Sweden;                |  | 
 |  |      e-mail: christine.rasmussen@thep.lu.se                                  |  | 
 |  |   Torbjorn Sjostrand;  Department of Astronomy and Theoretical Physics,      |  | 
 |  |      Lund University, Solvegatan 14A, SE-223 62 Lund, Sweden;                |  | 
 |  |      e-mail: torbjorn@thep.lu.se                                             |  | 
 |  |   Peter Skands;  School of Physics,                                          |  | 
 |  |      Monash University, PO Box 27, 3800 Melbourne, Australia;                |  | 
 |  |      e-mail: peter.skands@monash.edu                                         |  | 
 |  |                                                                              |  | 
 |  |   The main program reference is 'An Introduction to PYTHIA 8.2',             |  | 
 |  |   T. Sjostrand et al, Comput. Phys. Commun. 191 (2015) 159                   |  | 
 |  |   [arXiv:1410.3012 [hep-ph]]                                                 |  | 
 |  |                                                                              |  | 
 |  |   The main physics reference is the 'PYTHIA 6.4 Physics and Manual',         |  | 
 |  |   T. Sjostrand, S. Mrenna and P. Skands, JHEP05 (2006) 026 [hep-ph/0603175]  |  | 
 |  |                                                                              |  | 
 |  |   An archive of program versions and documentation is found on the web:      |  | 
 |  |   http://www.thep.lu.se/Pythia                                               |  | 
 |  |                                                                              |  | 
 |  |   This program is released under the GNU General Public Licence version 2.   |  | 
 |  |   Please respect the MCnet Guidelines for Event Generator Authors and Users. |  | 
 |  |                                                                              |  | 
 |  |   Disclaimer: this program comes without any guarantees.                     |  | 
 |  |   Beware of errors and use common sense when interpreting results.           |  | 
 |  |                                                                              |  | 
 |  |   Copyright (C) 2018 Torbjorn Sjostrand                                      |  | 
 |  |                                                                              |  | 
 |  |                                                                              |  | 
 |  *------------------------------------------------------------------------------*  | 
 |                                                                                    | 
 *------------------------------------------------------------------------------------* 

 Read commands from mode0.par


 *-------  PYTHIA Process Initialization  --------------------------*
 |                                                                  |
 | We collide p+ with p+ at a CM energy of 7.000e+03 GeV            |
 |                                                                  |
 |------------------------------------------------------------------|
 |                                                    |             |
 | Subprocess                                    Code |   Estimated |
 |                                                    |    max (mb) |
 |                                                    |             |
 |------------------------------------------------------------------|
 |                                                    |             |
 | non-diffractive                                101 |   5.058e+01 |
 | A B -> A B elastic                             102 |   1.970e+01 |
 | A B -> X B single diffractive                  103 |   6.190e+00 |
 | A B -> A X single diffractive                  104 |   6.190e+00 |
 | A B -> X X double diffractive                  105 |   8.105e+00 |
 | A B -> A X B central diffractive               106 |   0.000e+00 |
 |                                                                  |
 *-------  End PYTHIA Process Initialization -----------------------*

 *-------  PYTHIA Multiparton Interactions Initialization  ---------* 
 |                                                                  | 
 |                   sigmaNonDiffractive =    50.58 mb              | 
 |                                                                  | 
 |    pT0 =  2.12 gives sigmaInteraction =   289.10 mb: accepted    | 
 |                                                                  | 
 *-------  End PYTHIA Multiparton Interactions Initialization  -----* 

 *-------  PYTHIA Multiparton Interactions Initialization  ---------* 
 |                                                                  | 
 |                          diffraction XB                          | 
 |                                                                  | 
 |   diffractive mass = 1.00e+01 GeV and sigmaNorm =    10.00 mb    | 
 |    pT0 =  0.52 gives sigmaInteraction =    33.27 mb: accepted    | 
 |   diffractive mass = 5.14e+01 GeV and sigmaNorm =    10.00 mb    | 
 |    pT0 =  0.74 gives sigmaInteraction =    24.57 mb: accepted    | 
 |   diffractive mass = 2.65e+02 GeV and sigmaNorm =    10.00 mb    | 
 |    pT0 =  1.05 gives sigmaInteraction =    20.30 mb: accepted    | 
 |   diffractive mass = 1.36e+03 GeV and sigmaNorm =    10.00 mb    | 
 |    pT0 =  1.49 gives sigmaInteraction =    30.45 mb: accepted    | 
 |   diffractive mass = 7.00e+03 GeV and sigmaNorm =    10.00 mb    | 
 |    pT0 =  2.12 gives sigmaInteraction =    58.34 mb: accepted    | 
 |                                                                  | 
 *-------  End PYTHIA Multiparton Interactions Initialization  -----* 
 PYTHIA Warning in MultipartonInteractions::init: maximum increased by factor 4.119

 *-------  PYTHIA Multiparton Interactions Initialization  ---------* 
 |                                                                  | 
 |                          diffraction AX                          | 
 |                                                                  | 
 |   diffractive mass = 1.00e+01 GeV and sigmaNorm =    10.00 mb    | 
 |    pT0 =  0.52 gives sigmaInteraction =    33.52 mb: accepted    | 
 |   diffractive mass = 5.14e+01 GeV and sigmaNorm =    10.00 mb    | 
 |    pT0 =  0.74 gives sigmaInteraction =    24.78 mb: accepted    | 
 |   diffractive mass = 2.65e+02 GeV and sigmaNorm =    10.00 mb    | 
 |    pT0 =  1.05 gives sigmaInteraction =    20.48 mb: accepted    | 
 |   diffractive mass = 1.36e+03 GeV and sigmaNorm =    10.00 mb    | 
 |    pT0 =  1.49 gives sigmaInteraction =    30.88 mb: accepted    | 
 |   diffractive mass = 7.00e+03 GeV and sigmaNorm =    10.00 mb    | 
 |    pT0 =  2.12 gives sigmaInteraction =    58.18 mb: accepted    | 
 |                                                                  | 
 *-------  End PYTHIA Multiparton Interactions Initialization  -----* 

 *-------  PYTHIA Multiparton Interactions Initialization  ---------* 
 |                                                                  | 
 |                          diffraction AXB                         | 
 |                                                                  | 
 |   diffractive mass = 1.00e+01 GeV and sigmaNorm =    10.00 mb    | 
 |    pT0 =  0.52 gives sigmaInteraction =     7.70 mb: rejected    | 
 |    pT0 =  0.47 gives sigmaInteraction =    11.49 mb: accepted    | 
 |   diffractive mass = 5.14e+01 GeV and sigmaNorm =    10.00 mb    | 
 |    pT0 =  0.74 gives sigmaInteraction =     3.59 mb: rejected    | 
 |    pT0 =  0.66 gives sigmaInteraction =     4.99 mb: rejected    | 
 |    pT0 =  0.60 gives sigmaInteraction =     6.93 mb: rejected    | 
 |    pT0 =  0.54 gives sigmaInteraction =     9.75 mb: rejected    | 
 |    pT0 =  0.48 gives sigmaInteraction =    13.97 mb: accepted    | 
 |   diffractive mass = 2.65e+02 GeV and sigmaNorm =    10.00 mb    | 
 |    pT0 =  1.05 gives sigmaInteraction =     3.04 mb: rejected    | 
 |    pT0 =  0.94 gives sigmaInteraction =     3.72 mb: rejected    | 
 |    pT0 =  0.85 gives sigmaInteraction =     4.55 mb: rejected    | 
 |    pT0 =  0.76 gives sigmaInteraction =     5.62 mb: rejected    | 
 |    pT0 =  0.69 gives sigmaInteraction =     7.03 mb: rejected    | 
 |    pT0 =  0.62 gives sigmaInteraction =     8.94 mb: rejected    | 
 |    pT0 =  0.56 gives sigmaInteraction =    11.79 mb: accepted    | 
 |   diffractive mass = 1.36e+03 GeV and sigmaNorm =    10.00 mb    | 
 |    pT0 =  1.49 gives sigmaInteraction =     4.68 mb: rejected    | 
 |    pT0 =  1.34 gives sigmaInteraction =     5.43 mb: rejected    | 
 |    pT0 =  1.21 gives sigmaInteraction =     6.29 mb: rejected    | 
 |    pT0 =  1.09 gives sigmaInteraction =     7.18 mb: rejected    | 
 |    pT0 =  0.98 gives sigmaInteraction =     8.19 mb: rejected    | 
 |    pT0 =  0.88 gives sigmaInteraction =     9.27 mb: rejected    | 
 |    pT0 =  0.79 gives sigmaInteraction =    10.56 mb: rejected    | 
 |    pT0 =  0.71 gives sigmaInteraction =    12.35 mb: accepted    | 
 |   diffractive mass = 7.00e+03 GeV and sigmaNorm =    10.00 mb    | 
 |    pT0 =  2.12 gives sigmaInteraction =     7.18 mb: rejected    | 
 |    pT0 =  1.91 gives sigmaInteraction =     8.32 mb: rejected    | 
 |    pT0 =  1.72 gives sigmaInteraction =     9.56 mb: rejected    | 
 |    pT0 =  1.55 gives sigmaInteraction =    10.86 mb: rejected    | 
 |    pT0 =  1.39 gives sigmaInteraction =    12.52 mb: accepted    | 
 |                                                                  | 
 *-------  End PYTHIA Multiparton Interactions Initialization  -----* 

 *-------  PYTHIA Flag + Mode + Parm + Word + FVec + MVec + PVec + WVec Settings (changes only)  ------------------* 
 |                                                                                                                 | 
 | Name                                          |                      Now |      Default         Min         Max | 
 |                                               |                          |                                      | 
 | BeamRemnants:remnantMode                      |                        1 |            0           0           1 | 
 | Beams:eCM                                     |                 7000.000 |    14000.000    10.00000             | 
 | ColourReconnection:allowDoubleJunRem          |                      off |           on                         | 
 | ColourReconnection:junctionCorrection         |                  1.43000 |      1.20000   0.0100000    10.00000 | 
 | ColourReconnection:m0                         |                  2.90000 |      0.30000     0.10000     5.00000 | 
 | ColourReconnection:mode                       |                        1 |            0           0           4 | 
 | ColourReconnection:timeDilationMode           |                        0 |            2           0           5 | 
 | MultipartonInteractions:pT0Ref                |                  2.12000 |      2.28000     0.50000    10.00000 | 
 | Next:numberShowEvent                          |                        0 |            1           0             | 
 | SoftQCD:all                                   |                       on |          off                         | 
 | StringFlav:probQQ1toQQ0join                   |                0.0275000 |      0.50000         0.0     1.00000 | 
 |                                               |                0.0275000 |      0.70000         0.0     1.00000 | 
 |                                               |                0.0275000 |      0.90000         0.0     1.00000 | 
 |                                               |                0.0275000 |      1.00000         0.0     1.00000 | 
 | StringFlav:probQQtoQ                          |                0.0780000 |    0.0810000         0.0     1.00000 | 
 | StringFlav:probStoUD                          |                  0.20000 |      0.21700         0.0     1.00000 | 
 | StringZ:aLund                                 |                  0.36000 |      0.68000         0.0     2.00000 | 
 | StringZ:bLund                                 |                  0.56000 |      0.98000     0.20000     2.00000 | 
 |                                                                                                                 | 
 *-------  End PYTHIA Flag + Mode + Parm + Word + FVec + MVec + PVec + WVec Settings  -----------------------------* 

 --------  PYTHIA Particle Data Table (changed only)  ------------------------------------------------------------------------------
 
      id   name            antiName         spn chg col      m0        mWidth      mMin       mMax       tau0    res dec ext vis wid
             no onMode   bRatio   meMode     products 

 no particle data has been changed from its default value 

 --------  End PYTHIA Particle Data Table  -----------------------------------------------------------------------------------------


 --------  PYTHIA Info Listing  ---------------------------------------- 
 
 Beam A: id =   2212, pz =  3.500e+03, e =  3.500e+03, m =  9.383e-01.
 Beam B: id =   2212, pz = -3.500e+03, e =  3.500e+03, m =  9.383e-01.

 Process A B -> A B elastic with code 102 is 2 -> 2.
 It has s =  4.900e+07,    t = -6.484e-02,    u = -4.900e+07,
       pT =  2.546e-01,   m3 =  9.383e-01,   m4 =  9.383e-01,
    theta =  7.275e-05,  phi =  5.104e+00.

 --------  End PYTHIA Info Listing  ------------------------------------

 --------  PYTHIA Event Listing  (hard process)  -----------------------------------------------------------------------------------
 
    no         id  name            status     mothers   daughters     colours      p_x        p_y        p_z         e          m 
     0         90  (system)           -11     0     0     0     0     0     0      0.000      0.000      0.000   7000.000   7000.000
     1       2212  (p+)               -12     0     0     3     0     0     0      0.000      0.000   3500.000   3500.000      0.938
     2       2212  (p+)               -12     0     0     4     0     0     0      0.000      0.000  -3500.000   3500.000      0.938
     3       2212  p+                  14     1     0     0     0     0     0      0.097     -0.235   3500.000   3500.000      0.938
     4       2212  p+                  14     2     0     0     0     0     0     -0.097      0.235  -3500.000   3500.000      0.938
                                   Charge sum:  2.000           Momentum sum:      0.000      0.000      0.000   7000.000   7000.000

 --------  End PYTHIA Event Listing  -----------------------------------------------------------------------------------------------
 PYTHIA Warning in StringFragmentation::fragmentToJunction: bad convergence junction rest frame  
 PYTHIA Warning in JunctionSplitting::SplitJunPairs: parallel junction state not allowed.  
 PYTHIA Warning in JunctionSplitting::CheckColours: Not possible to split junctions; making new colours  
 PYTHIA Warning in SimpleSpaceShower::pT2nextQCD: weight above unity  
 PYTHIA Error in BeamRemnants::setKinematics: kinematics construction failed  
 PYTHIA Warning in Pythia::check: not quite matched particle energy/momentum/mass  
 PYTHIA Error in StringFragmentation::fragmentToJunction: caught in junction flavour loop  
 PYTHIA Error in Pythia::next: hadronLevel failed; try again  
 PYTHIA Error in StringFragmentation::fragment: stuck in joining  
 PYTHIA Warning in JunctionSplitting::CheckColours: Made a gluon colour singlet; redoing colours  

 Pythia::next(): 1000 events have been generated 
 PYTHIA Warning in MiniStringFragmentation::ministring2two: random axis needed to break tie  

 Pythia::next(): 2000 events have been generated 

 Pythia::next(): 3000 events have been generated 
 PYTHIA Error in MiniStringFragmentation::fragment: no 1- or 2-body state found above mass threshold  
 PYTHIA Warning in SimpleSpaceShower::pT2nextQCD: small daughter PDF  
 PYTHIA Error in Pythia::next: partonLevel failed; try again  

 Pythia::next(): 4000 events have been generated 

 Pythia::next(): 5000 events have been generated 
 PYTHIA Error in SimpleSpaceShower::pT2nearThreshold: stuck in loop  

 Pythia::next(): 6000 events have been generated 

 Pythia::next(): 7000 events have been generated 

 Pythia::next(): 8000 events have been generated 

 Pythia::next(): 9000 events have been generated 

 Pythia::next(): 10000 events have been generated 

 Pythia::next(): 11000 events have been generated 

 Pythia::next(): 12000 events have been generated 

 Pythia::next(): 13000 events have been generated 

 Pythia::next(): 14000 events have been generated 
 PYTHIA Warning in Pythia::check: energy-momentum not quite conserved  

 Pythia::next(): 15000 events have been generated 

 Pythia::next(): 16000 events have been generated 

 Pythia::next(): 17000 events have been generated 

 Pythia::next(): 18000 events have been generated 

 Pythia::next(): 19000 events have been generated 

 Pythia::next(): 20000 events have been generated 

 Pythia::next(): 21000 events have been generated 

 Pythia::next(): 22000 events have been generated 

 Pythia::next(): 23000 events have been generated 

 Pythia::next(): 24000 events have been generated 

 Pythia::next(): 25000 events have been generated 

 Pythia::next(): 26000 events have been generated 

 Pythia::next(): 27000 events have been generated 

 Pythia::next(): 28000 events have been generated 

 Pythia::next(): 29000 events have been generated 

 Pythia::next(): 30000 events have been generated 

 Pythia::next(): 31000 events have been generated 

 Pythia::next(): 32000 events have been generated 

 Pythia::next(): 33000 events have been generated 

 Pythia::next(): 34000 events have been generated 

 Pythia::next(): 35000 events have been generated 

 Pythia::next(): 36000 events have been generated 

 Pythia::next(): 37000 events have been generated 

 Pythia::next(): 38000 events have been generated 
 PYTHIA Warning in StringFragmentation::finalRegion: random axis needed to break tie  

 Pythia::next(): 39000 events have been generated 

 Pythia::next(): 40000 events have been generated 

 Pythia::next(): 41000 events have been generated 

 Pythia::next(): 42000 events have been generated 

 Pythia::next(): 43000 events have been generated 

 Pythia::next(): 44000 events have been generated 

 Pythia::next(): 45000 events have been generated 

 Pythia::next(): 46000 events have been generated 

 Pythia::next(): 47000 events have been generated 

 Pythia::next(): 48000 events have been generated 

 Pythia::next(): 49000 events have been generated 

 Pythia::next(): 50000 events have been generated 

 Pythia::next(): 51000 events have been generated 

 Pythia::next(): 52000 events have been generated 

 Pythia::next(): 53000 events have been generated 

 Pythia::next(): 54000 events have been generated 

 Pythia::next(): 55000 events have been generated 

 Pythia::next(): 56000 events have been generated 

 Pythia::next(): 57000 events have been generated 

 Pythia::next(): 58000 events have been generated 

 Pythia::next(): 59000 events have been generated 

 Pythia::next(): 60000 events have been generated 

 Pythia::next(): 61000 events have been generated 

 Pythia::next(): 62000 events have been generated 

 Pythia::next(): 63000 events have been generated 

 Pythia::next(): 64000 events have been generated 

 Pythia::next(): 65000 events have been generated 

 Pythia::next(): 66000 events have been generated 

 Pythia::next(): 67000 events have been generated 

 Pythia::next(): 68000 events have been generated 

 Pythia::next(): 69000 events have been generated 

 Pythia::next(): 70000 events have been generated 

 Pythia::next(): 71000 events have been generated 

 Pythia::next(): 72000 events have been generated 

 Pythia::next(): 73000 events have been generated 

 Pythia::next(): 74000 events have been generated 

 Pythia::next(): 75000 events have been generated 

 Pythia::next(): 76000 events have been generated 

 Pythia::next(): 77000 events have been generated 

 Pythia::next(): 78000 events have been generated 

 Pythia::next(): 79000 events have been generated 

 Pythia::next(): 80000 events have been generated 

 Pythia::next(): 81000 events have been generated 

 Pythia::next(): 82000 events have been generated 

 Pythia::next(): 83000 events have been generated 

 Pythia::next(): 84000 events have been generated 

 Pythia::next(): 85000 events have been generated 

 Pythia::next(): 86000 events have been generated 

 Pythia::next(): 87000 events have been generated 

 Pythia::next(): 88000 events have been generated 

 Pythia::next(): 89000 events have been generated 

 Pythia::next(): 90000 events have been generated 

 Pythia::next(): 91000 events have been generated 

 Pythia::next(): 92000 events have been generated 

 Pythia::next(): 93000 events have been generated 

 Pythia::next(): 94000 events have been generated 

 Pythia::next(): 95000 events have been generated 

 Pythia::next(): 96000 events have been generated 

 Pythia::next(): 97000 events have been generated 

 Pythia::next(): 98000 events have been generated 

 Pythia::next(): 99000 events have been generated 

 *-------  PYTHIA Event and Cross Section Statistics  -------------------------------------------------------------*
 |                                                                                                                 |
 | Subprocess                                    Code |            Number of events       |      sigma +- delta    |
 |                                                    |       Tried   Selected   Accepted |     (estimated) (mb)   |
 |                                                    |                                   |                        |
 |-----------------------------------------------------------------------------------------------------------------|
 |                                                    |                                   |                        |
 | non-diffractive                                101 |       55697      55697      55697 |   5.058e+01  0.000e+00 |
 | A B -> A B elastic                             102 |       21561      21561      21561 |   1.970e+01  0.000e+00 |
 | A B -> X B single diffractive                  103 |        7041       7041       7041 |   6.190e+00  4.254e-08 |
 | A B -> A X single diffractive                  104 |        6840       6840       6840 |   6.190e+00  4.117e-08 |
 | A B -> X X double diffractive                  105 |        8861       8861       8861 |   8.105e+00  3.327e-08 |
 |                                                    |                                   |                        |
 | sum                                                |      100000     100000     100000 |   9.076e+01  6.791e-08 |
 |                                                                                                                 |
 *-------  End PYTHIA Event and Cross Section Statistics ----------------------------------------------------------*

 *-------  PYTHIA Error and Warning Messages Statistics  ----------------------------------------------------------* 
 |                                                                                                                 | 
 |  times   message                                                                                                | 
 |                                                                                                                 | 
 |   1195   Error in BeamRemnants::setKinematics: kinematics construction failed                                   | 
 |     90   Error in MiniStringFragmentation::fragment: no 1- or 2-body state found above mass threshold           | 
 |    774   Error in Pythia::next: hadronLevel failed; try again                                                   | 
 |      1   Error in Pythia::next: partonLevel failed; try again                                                   | 
 |     13   Error in SimpleSpaceShower::pT2nearThreshold: stuck in loop                                            | 
 |    464   Error in StringFragmentation::fragment: stuck in joining                                               | 
 |    220   Error in StringFragmentation::fragmentToJunction: caught in junction flavour loop                      | 
 |    563   Warning in JunctionSplitting::CheckColours: Made a gluon colour singlet; redoing colours               | 
 |   1475   Warning in JunctionSplitting::CheckColours: Not possible to split junctions; making new colours        | 
 |   1475   Warning in JunctionSplitting::SplitJunPairs: parallel junction state not allowed.                      | 
 |      6   Warning in MiniStringFragmentation::ministring2two: random axis needed to break tie                    | 
 |      3   Warning in MultipartonInteractions::init: maximum increased                                            | 
 |      5   Warning in Pythia::check: energy-momentum not quite conserved                                          | 
 |     93   Warning in Pythia::check: not quite matched particle energy/momentum/mass                              | 
 |    201   Warning in SimpleSpaceShower::pT2nextQCD: small daughter PDF                                           | 
 |    676   Warning in SimpleSpaceShower::pT2nextQCD: weight above unity                                           | 
 |      1   Warning in StringFragmentation::finalRegion: random axis needed to break tie                           | 
 |   8258   Warning in StringFragmentation::fragmentToJunction: bad convergence junction rest frame                | 
 |                                                                                                                 | 
 *-------  End PYTHIA Error and Warning Messages Statistics  ------------------------------------------------------* 
Cross Section (nb) = 9.076e+04
