Rivet.Analysis.Handler: WARN  Analysis 'ALICE_2017_I1645239' is unvalidated: be careful, it may be broken!
Rivet.Analysis.Handler: INFO  Dumping intermediate results to pythia8pp5TeVmode01e5.yoda.
Rivet.Analysis.Handler: INFO  Finalising analyses
Rivet.Analysis.Handler: INFO  Processed 1000 events

The MCnet usage guidelines apply to Rivet: see http://www.montecarlonet.org/GUIDELINES
Please acknowledge plots made with Rivet analyses, and cite arXiv:1003.0694 (http://arxiv.org/abs/1003.0694)
Rivet.Analysis.Handler: INFO  Dumping intermediate results to pythia8pp5TeVmode01e5.yoda.
Rivet.Analysis.Handler: INFO  Finalising analyses
Rivet.Analysis.Handler: INFO  Processed 2000 events

The MCnet usage guidelines apply to Rivet: see http://www.montecarlonet.org/GUIDELINES
Please acknowledge plots made with Rivet analyses, and cite arXiv:1003.0694 (http://arxiv.org/abs/1003.0694)
Rivet.Analysis.Handler: INFO  Dumping intermediate results to pythia8pp5TeVmode01e5.yoda.
Rivet.Analysis.Handler: INFO  Finalising analyses
Rivet.Analysis.Handler: INFO  Processed 3000 events

The MCnet usage guidelines apply to Rivet: see http://www.montecarlonet.org/GUIDELINES
Please acknowledge plots made with Rivet analyses, and cite arXiv:1003.0694 (http://arxiv.org/abs/1003.0694)
Rivet.Analysis.Handler: INFO  Dumping intermediate results to pythia8pp5TeVmode01e5.yoda.
Rivet.Analysis.Handler: INFO  Finalising analyses
Rivet.Analysis.Handler: INFO  Processed 4000 events

The MCnet usage guidelines apply to Rivet: see http://www.montecarlonet.org/GUIDELINES
Please acknowledge plots made with Rivet analyses, and cite arXiv:1003.0694 (http://arxiv.org/abs/1003.0694)
Rivet.Analysis.Handler: INFO  Dumping intermediate results to pythia8pp5TeVmode01e5.yoda.
Rivet.Analysis.Handler: INFO  Finalising analyses
Rivet.Analysis.Handler: INFO  Processed 5000 events

The MCnet usage guidelines apply to Rivet: see http://www.montecarlonet.org/GUIDELINES
Please acknowledge plots made with Rivet analyses, and cite arXiv:1003.0694 (http://arxiv.org/abs/1003.0694)
Rivet.Analysis.Handler: INFO  Dumping intermediate results to pythia8pp5TeVmode01e5.yoda.
Rivet.Analysis.Handler: INFO  Finalising analyses
Rivet.Analysis.Handler: INFO  Processed 6000 events

The MCnet usage guidelines apply to Rivet: see http://www.montecarlonet.org/GUIDELINES
Please acknowledge plots made with Rivet analyses, and cite arXiv:1003.0694 (http://arxiv.org/abs/1003.0694)
Rivet.Analysis.Handler: INFO  Dumping intermediate results to pythia8pp5TeVmode01e5.yoda.
Rivet.Analysis.Handler: INFO  Finalising analyses
Rivet.Analysis.Handler: INFO  Processed 7000 events

The MCnet usage guidelines apply to Rivet: see http://www.montecarlonet.org/GUIDELINES
Please acknowledge plots made with Rivet analyses, and cite arXiv:1003.0694 (http://arxiv.org/abs/1003.0694)
Rivet.Analysis.Handler: INFO  Dumping intermediate results to pythia8pp5TeVmode01e5.yoda.
Rivet.Analysis.Handler: INFO  Finalising analyses
Rivet.Analysis.Handler: INFO  Processed 8000 events

The MCnet usage guidelines apply to Rivet: see http://www.montecarlonet.org/GUIDELINES
Please acknowledge plots made with Rivet analyses, and cite arXiv:1003.0694 (http://arxiv.org/abs/1003.0694)
Rivet.Analysis.Handler: INFO  Dumping intermediate results to pythia8pp5TeVmode01e5.yoda.
Rivet.Analysis.Handler: INFO  Finalising analyses
Rivet.Analysis.Handler: INFO  Processed 9000 events

The MCnet usage guidelines apply to Rivet: see http://www.montecarlonet.org/GUIDELINES
Please acknowledge plots made with Rivet analyses, and cite arXiv:1003.0694 (http://arxiv.org/abs/1003.0694)
Rivet.Analysis.Handler: INFO  Dumping intermediate results to pythia8pp5TeVmode01e5.yoda.
Rivet.Analysis.Handler: INFO  Finalising analyses
Rivet.Analysis.Handler: INFO  Processed 10000 events

The MCnet usage guidelines apply to Rivet: see http://www.montecarlonet.org/GUIDELINES
Please acknowledge plots made with Rivet analyses, and cite arXiv:1003.0694 (http://arxiv.org/abs/1003.0694)
Rivet.Analysis.Handler: INFO  Dumping intermediate results to pythia8pp5TeVmode01e5.yoda.
Rivet.Analysis.Handler: INFO  Finalising analyses
Rivet.Analysis.Handler: INFO  Processed 11000 events

The MCnet usage guidelines apply to Rivet: see http://www.montecarlonet.org/GUIDELINES
Please acknowledge plots made with Rivet analyses, and cite arXiv:1003.0694 (http://arxiv.org/abs/1003.0694)
Rivet.Analysis.Handler: INFO  Dumping intermediate results to pythia8pp5TeVmode01e5.yoda.
Rivet.Analysis.Handler: INFO  Finalising analyses
Rivet.Analysis.Handler: INFO  Processed 12000 events

The MCnet usage guidelines apply to Rivet: see http://www.montecarlonet.org/GUIDELINES
Please acknowledge plots made with Rivet analyses, and cite arXiv:1003.0694 (http://arxiv.org/abs/1003.0694)
Rivet.Analysis.Handler: INFO  Dumping intermediate results to pythia8pp5TeVmode01e5.yoda.
Rivet.Analysis.Handler: INFO  Finalising analyses
Rivet.Analysis.Handler: INFO  Processed 13000 events

The MCnet usage guidelines apply to Rivet: see http://www.montecarlonet.org/GUIDELINES
Please acknowledge plots made with Rivet analyses, and cite arXiv:1003.0694 (http://arxiv.org/abs/1003.0694)
Rivet.Analysis.Handler: INFO  Dumping intermediate results to pythia8pp5TeVmode01e5.yoda.
Rivet.Analysis.Handler: INFO  Finalising analyses
Rivet.Analysis.Handler: INFO  Processed 14000 events

The MCnet usage guidelines apply to Rivet: see http://www.montecarlonet.org/GUIDELINES
Please acknowledge plots made with Rivet analyses, and cite arXiv:1003.0694 (http://arxiv.org/abs/1003.0694)
Rivet.Analysis.Handler: INFO  Dumping intermediate results to pythia8pp5TeVmode01e5.yoda.
Rivet.Analysis.Handler: INFO  Finalising analyses
Rivet.Analysis.Handler: INFO  Processed 15000 events

The MCnet usage guidelines apply to Rivet: see http://www.montecarlonet.org/GUIDELINES
Please acknowledge plots made with Rivet analyses, and cite arXiv:1003.0694 (http://arxiv.org/abs/1003.0694)
Rivet.Analysis.Handler: INFO  Dumping intermediate results to pythia8pp5TeVmode01e5.yoda.
Rivet.Analysis.Handler: INFO  Finalising analyses
Rivet.Analysis.Handler: INFO  Processed 16000 events

The MCnet usage guidelines apply to Rivet: see http://www.montecarlonet.org/GUIDELINES
Please acknowledge plots made with Rivet analyses, and cite arXiv:1003.0694 (http://arxiv.org/abs/1003.0694)
Rivet.Analysis.Handler: INFO  Dumping intermediate results to pythia8pp5TeVmode01e5.yoda.
Rivet.Analysis.Handler: INFO  Finalising analyses
Rivet.Analysis.Handler: INFO  Processed 17000 events

The MCnet usage guidelines apply to Rivet: see http://www.montecarlonet.org/GUIDELINES
Please acknowledge plots made with Rivet analyses, and cite arXiv:1003.0694 (http://arxiv.org/abs/1003.0694)
Rivet.Analysis.Handler: INFO  Dumping intermediate results to pythia8pp5TeVmode01e5.yoda.
Rivet.Analysis.Handler: INFO  Finalising analyses
Rivet.Analysis.Handler: INFO  Processed 18000 events

The MCnet usage guidelines apply to Rivet: see http://www.montecarlonet.org/GUIDELINES
Please acknowledge plots made with Rivet analyses, and cite arXiv:1003.0694 (http://arxiv.org/abs/1003.0694)
Rivet.Analysis.Handler: INFO  Dumping intermediate results to pythia8pp5TeVmode01e5.yoda.
Rivet.Analysis.Handler: INFO  Finalising analyses
Rivet.Analysis.Handler: INFO  Processed 19000 events

The MCnet usage guidelines apply to Rivet: see http://www.montecarlonet.org/GUIDELINES
Please acknowledge plots made with Rivet analyses, and cite arXiv:1003.0694 (http://arxiv.org/abs/1003.0694)
Rivet.Analysis.Handler: INFO  Dumping intermediate results to pythia8pp5TeVmode01e5.yoda.
Rivet.Analysis.Handler: INFO  Finalising analyses
Rivet.Analysis.Handler: INFO  Processed 20000 events

The MCnet usage guidelines apply to Rivet: see http://www.montecarlonet.org/GUIDELINES
Please acknowledge plots made with Rivet analyses, and cite arXiv:1003.0694 (http://arxiv.org/abs/1003.0694)
Rivet.Analysis.Handler: INFO  Dumping intermediate results to pythia8pp5TeVmode01e5.yoda.
Rivet.Analysis.Handler: INFO  Finalising analyses
Rivet.Analysis.Handler: INFO  Processed 21000 events

The MCnet usage guidelines apply to Rivet: see http://www.montecarlonet.org/GUIDELINES
Please acknowledge plots made with Rivet analyses, and cite arXiv:1003.0694 (http://arxiv.org/abs/1003.0694)
Rivet.Analysis.Handler: INFO  Dumping intermediate results to pythia8pp5TeVmode01e5.yoda.
Rivet.Analysis.Handler: INFO  Finalising analyses
Rivet.Analysis.Handler: INFO  Processed 22000 events

The MCnet usage guidelines apply to Rivet: see http://www.montecarlonet.org/GUIDELINES
Please acknowledge plots made with Rivet analyses, and cite arXiv:1003.0694 (http://arxiv.org/abs/1003.0694)
Rivet.Analysis.Handler: INFO  Dumping intermediate results to pythia8pp5TeVmode01e5.yoda.
Rivet.Analysis.Handler: INFO  Finalising analyses
Rivet.Analysis.Handler: INFO  Processed 23000 events

The MCnet usage guidelines apply to Rivet: see http://www.montecarlonet.org/GUIDELINES
Please acknowledge plots made with Rivet analyses, and cite arXiv:1003.0694 (http://arxiv.org/abs/1003.0694)
Rivet.Analysis.Handler: INFO  Dumping intermediate results to pythia8pp5TeVmode01e5.yoda.
Rivet.Analysis.Handler: INFO  Finalising analyses
Rivet.Analysis.Handler: INFO  Processed 24000 events

The MCnet usage guidelines apply to Rivet: see http://www.montecarlonet.org/GUIDELINES
Please acknowledge plots made with Rivet analyses, and cite arXiv:1003.0694 (http://arxiv.org/abs/1003.0694)
Rivet.Analysis.Handler: INFO  Dumping intermediate results to pythia8pp5TeVmode01e5.yoda.
Rivet.Analysis.Handler: INFO  Finalising analyses
Rivet.Analysis.Handler: INFO  Processed 25000 events

The MCnet usage guidelines apply to Rivet: see http://www.montecarlonet.org/GUIDELINES
Please acknowledge plots made with Rivet analyses, and cite arXiv:1003.0694 (http://arxiv.org/abs/1003.0694)
Rivet.Analysis.Handler: INFO  Dumping intermediate results to pythia8pp5TeVmode01e5.yoda.
Rivet.Analysis.Handler: INFO  Finalising analyses
Rivet.Analysis.Handler: INFO  Processed 26000 events

The MCnet usage guidelines apply to Rivet: see http://www.montecarlonet.org/GUIDELINES
Please acknowledge plots made with Rivet analyses, and cite arXiv:1003.0694 (http://arxiv.org/abs/1003.0694)
Rivet.Analysis.Handler: INFO  Dumping intermediate results to pythia8pp5TeVmode01e5.yoda.
Rivet.Analysis.Handler: INFO  Finalising analyses
Rivet.Analysis.Handler: INFO  Processed 27000 events

The MCnet usage guidelines apply to Rivet: see http://www.montecarlonet.org/GUIDELINES
Please acknowledge plots made with Rivet analyses, and cite arXiv:1003.0694 (http://arxiv.org/abs/1003.0694)
Rivet.Analysis.Handler: INFO  Dumping intermediate results to pythia8pp5TeVmode01e5.yoda.
Rivet.Analysis.Handler: INFO  Finalising analyses
Rivet.Analysis.Handler: INFO  Processed 28000 events

The MCnet usage guidelines apply to Rivet: see http://www.montecarlonet.org/GUIDELINES
Please acknowledge plots made with Rivet analyses, and cite arXiv:1003.0694 (http://arxiv.org/abs/1003.0694)
Rivet.Analysis.Handler: INFO  Dumping intermediate results to pythia8pp5TeVmode01e5.yoda.
Rivet.Analysis.Handler: INFO  Finalising analyses
Rivet.Analysis.Handler: INFO  Processed 29000 events

The MCnet usage guidelines apply to Rivet: see http://www.montecarlonet.org/GUIDELINES
Please acknowledge plots made with Rivet analyses, and cite arXiv:1003.0694 (http://arxiv.org/abs/1003.0694)
Rivet.Analysis.Handler: INFO  Dumping intermediate results to pythia8pp5TeVmode01e5.yoda.
Rivet.Analysis.Handler: INFO  Finalising analyses
Rivet.Analysis.Handler: INFO  Processed 30000 events

The MCnet usage guidelines apply to Rivet: see http://www.montecarlonet.org/GUIDELINES
Please acknowledge plots made with Rivet analyses, and cite arXiv:1003.0694 (http://arxiv.org/abs/1003.0694)
Rivet.Analysis.Handler: INFO  Dumping intermediate results to pythia8pp5TeVmode01e5.yoda.
Rivet.Analysis.Handler: INFO  Finalising analyses
Rivet.Analysis.Handler: INFO  Processed 31000 events

The MCnet usage guidelines apply to Rivet: see http://www.montecarlonet.org/GUIDELINES
Please acknowledge plots made with Rivet analyses, and cite arXiv:1003.0694 (http://arxiv.org/abs/1003.0694)
Rivet.Analysis.Handler: INFO  Dumping intermediate results to pythia8pp5TeVmode01e5.yoda.
Rivet.Analysis.Handler: INFO  Finalising analyses
Rivet.Analysis.Handler: INFO  Processed 32000 events

The MCnet usage guidelines apply to Rivet: see http://www.montecarlonet.org/GUIDELINES
Please acknowledge plots made with Rivet analyses, and cite arXiv:1003.0694 (http://arxiv.org/abs/1003.0694)
Rivet.Analysis.Handler: INFO  Dumping intermediate results to pythia8pp5TeVmode01e5.yoda.
Rivet.Analysis.Handler: INFO  Finalising analyses
Rivet.Analysis.Handler: INFO  Processed 33000 events

The MCnet usage guidelines apply to Rivet: see http://www.montecarlonet.org/GUIDELINES
Please acknowledge plots made with Rivet analyses, and cite arXiv:1003.0694 (http://arxiv.org/abs/1003.0694)
Rivet.Analysis.Handler: INFO  Dumping intermediate results to pythia8pp5TeVmode01e5.yoda.
Rivet.Analysis.Handler: INFO  Finalising analyses
Rivet.Analysis.Handler: INFO  Processed 34000 events

The MCnet usage guidelines apply to Rivet: see http://www.montecarlonet.org/GUIDELINES
Please acknowledge plots made with Rivet analyses, and cite arXiv:1003.0694 (http://arxiv.org/abs/1003.0694)
Rivet.Analysis.Handler: INFO  Dumping intermediate results to pythia8pp5TeVmode01e5.yoda.
Rivet.Analysis.Handler: INFO  Finalising analyses
Rivet.Analysis.Handler: INFO  Processed 35000 events

The MCnet usage guidelines apply to Rivet: see http://www.montecarlonet.org/GUIDELINES
Please acknowledge plots made with Rivet analyses, and cite arXiv:1003.0694 (http://arxiv.org/abs/1003.0694)
Rivet.Analysis.Handler: INFO  Dumping intermediate results to pythia8pp5TeVmode01e5.yoda.
Rivet.Analysis.Handler: INFO  Finalising analyses
Rivet.Analysis.Handler: INFO  Processed 36000 events

The MCnet usage guidelines apply to Rivet: see http://www.montecarlonet.org/GUIDELINES
Please acknowledge plots made with Rivet analyses, and cite arXiv:1003.0694 (http://arxiv.org/abs/1003.0694)
Rivet.Analysis.Handler: INFO  Dumping intermediate results to pythia8pp5TeVmode01e5.yoda.
Rivet.Analysis.Handler: INFO  Finalising analyses
Rivet.Analysis.Handler: INFO  Processed 37000 events

The MCnet usage guidelines apply to Rivet: see http://www.montecarlonet.org/GUIDELINES
Please acknowledge plots made with Rivet analyses, and cite arXiv:1003.0694 (http://arxiv.org/abs/1003.0694)
Rivet.Analysis.Handler: INFO  Dumping intermediate results to pythia8pp5TeVmode01e5.yoda.
Rivet.Analysis.Handler: INFO  Finalising analyses
Rivet.Analysis.Handler: INFO  Processed 38000 events

The MCnet usage guidelines apply to Rivet: see http://www.montecarlonet.org/GUIDELINES
Please acknowledge plots made with Rivet analyses, and cite arXiv:1003.0694 (http://arxiv.org/abs/1003.0694)
Rivet.Analysis.Handler: INFO  Dumping intermediate results to pythia8pp5TeVmode01e5.yoda.
Rivet.Analysis.Handler: INFO  Finalising analyses
Rivet.Analysis.Handler: INFO  Processed 39000 events

The MCnet usage guidelines apply to Rivet: see http://www.montecarlonet.org/GUIDELINES
Please acknowledge plots made with Rivet analyses, and cite arXiv:1003.0694 (http://arxiv.org/abs/1003.0694)
Rivet.Analysis.Handler: INFO  Dumping intermediate results to pythia8pp5TeVmode01e5.yoda.
Rivet.Analysis.Handler: INFO  Finalising analyses
Rivet.Analysis.Handler: INFO  Processed 40000 events

The MCnet usage guidelines apply to Rivet: see http://www.montecarlonet.org/GUIDELINES
Please acknowledge plots made with Rivet analyses, and cite arXiv:1003.0694 (http://arxiv.org/abs/1003.0694)
Rivet.Analysis.Handler: INFO  Dumping intermediate results to pythia8pp5TeVmode01e5.yoda.
Rivet.Analysis.Handler: INFO  Finalising analyses
Rivet.Analysis.Handler: INFO  Processed 41000 events

The MCnet usage guidelines apply to Rivet: see http://www.montecarlonet.org/GUIDELINES
Please acknowledge plots made with Rivet analyses, and cite arXiv:1003.0694 (http://arxiv.org/abs/1003.0694)
Rivet.Analysis.Handler: INFO  Dumping intermediate results to pythia8pp5TeVmode01e5.yoda.
Rivet.Analysis.Handler: INFO  Finalising analyses
Rivet.Analysis.Handler: INFO  Processed 42000 events

The MCnet usage guidelines apply to Rivet: see http://www.montecarlonet.org/GUIDELINES
Please acknowledge plots made with Rivet analyses, and cite arXiv:1003.0694 (http://arxiv.org/abs/1003.0694)
Rivet.Analysis.Handler: INFO  Dumping intermediate results to pythia8pp5TeVmode01e5.yoda.
Rivet.Analysis.Handler: INFO  Finalising analyses
Rivet.Analysis.Handler: INFO  Processed 43000 events

The MCnet usage guidelines apply to Rivet: see http://www.montecarlonet.org/GUIDELINES
Please acknowledge plots made with Rivet analyses, and cite arXiv:1003.0694 (http://arxiv.org/abs/1003.0694)
Rivet.Analysis.Handler: INFO  Dumping intermediate results to pythia8pp5TeVmode01e5.yoda.
Rivet.Analysis.Handler: INFO  Finalising analyses
Rivet.Analysis.Handler: INFO  Processed 44000 events

The MCnet usage guidelines apply to Rivet: see http://www.montecarlonet.org/GUIDELINES
Please acknowledge plots made with Rivet analyses, and cite arXiv:1003.0694 (http://arxiv.org/abs/1003.0694)
Rivet.Analysis.Handler: INFO  Dumping intermediate results to pythia8pp5TeVmode01e5.yoda.
Rivet.Analysis.Handler: INFO  Finalising analyses
Rivet.Analysis.Handler: INFO  Processed 45000 events

The MCnet usage guidelines apply to Rivet: see http://www.montecarlonet.org/GUIDELINES
Please acknowledge plots made with Rivet analyses, and cite arXiv:1003.0694 (http://arxiv.org/abs/1003.0694)
Rivet.Analysis.Handler: INFO  Dumping intermediate results to pythia8pp5TeVmode01e5.yoda.
Rivet.Analysis.Handler: INFO  Finalising analyses
Rivet.Analysis.Handler: INFO  Processed 46000 events

The MCnet usage guidelines apply to Rivet: see http://www.montecarlonet.org/GUIDELINES
Please acknowledge plots made with Rivet analyses, and cite arXiv:1003.0694 (http://arxiv.org/abs/1003.0694)
Rivet.Analysis.Handler: INFO  Dumping intermediate results to pythia8pp5TeVmode01e5.yoda.
Rivet.Analysis.Handler: INFO  Finalising analyses
Rivet.Analysis.Handler: INFO  Processed 47000 events

The MCnet usage guidelines apply to Rivet: see http://www.montecarlonet.org/GUIDELINES
Please acknowledge plots made with Rivet analyses, and cite arXiv:1003.0694 (http://arxiv.org/abs/1003.0694)
Rivet.Analysis.Handler: INFO  Dumping intermediate results to pythia8pp5TeVmode01e5.yoda.
Rivet.Analysis.Handler: INFO  Finalising analyses
Rivet.Analysis.Handler: INFO  Processed 48000 events

The MCnet usage guidelines apply to Rivet: see http://www.montecarlonet.org/GUIDELINES
Please acknowledge plots made with Rivet analyses, and cite arXiv:1003.0694 (http://arxiv.org/abs/1003.0694)
Rivet.Analysis.Handler: INFO  Dumping intermediate results to pythia8pp5TeVmode01e5.yoda.
Rivet.Analysis.Handler: INFO  Finalising analyses
Rivet.Analysis.Handler: INFO  Processed 49000 events

The MCnet usage guidelines apply to Rivet: see http://www.montecarlonet.org/GUIDELINES
Please acknowledge plots made with Rivet analyses, and cite arXiv:1003.0694 (http://arxiv.org/abs/1003.0694)
Rivet.Analysis.Handler: INFO  Dumping intermediate results to pythia8pp5TeVmode01e5.yoda.
Rivet.Analysis.Handler: INFO  Finalising analyses
Rivet.Analysis.Handler: INFO  Processed 50000 events

The MCnet usage guidelines apply to Rivet: see http://www.montecarlonet.org/GUIDELINES
Please acknowledge plots made with Rivet analyses, and cite arXiv:1003.0694 (http://arxiv.org/abs/1003.0694)
Rivet.Analysis.Handler: INFO  Dumping intermediate results to pythia8pp5TeVmode01e5.yoda.
Rivet.Analysis.Handler: INFO  Finalising analyses
Rivet.Analysis.Handler: INFO  Processed 51000 events

The MCnet usage guidelines apply to Rivet: see http://www.montecarlonet.org/GUIDELINES
Please acknowledge plots made with Rivet analyses, and cite arXiv:1003.0694 (http://arxiv.org/abs/1003.0694)
Rivet.Analysis.Handler: INFO  Dumping intermediate results to pythia8pp5TeVmode01e5.yoda.
Rivet.Analysis.Handler: INFO  Finalising analyses
Rivet.Analysis.Handler: INFO  Processed 52000 events

The MCnet usage guidelines apply to Rivet: see http://www.montecarlonet.org/GUIDELINES
Please acknowledge plots made with Rivet analyses, and cite arXiv:1003.0694 (http://arxiv.org/abs/1003.0694)
Rivet.Analysis.Handler: INFO  Dumping intermediate results to pythia8pp5TeVmode01e5.yoda.
Rivet.Analysis.Handler: INFO  Finalising analyses
Rivet.Analysis.Handler: INFO  Processed 53000 events

The MCnet usage guidelines apply to Rivet: see http://www.montecarlonet.org/GUIDELINES
Please acknowledge plots made with Rivet analyses, and cite arXiv:1003.0694 (http://arxiv.org/abs/1003.0694)
Rivet.Analysis.Handler: INFO  Dumping intermediate results to pythia8pp5TeVmode01e5.yoda.
Rivet.Analysis.Handler: INFO  Finalising analyses
Rivet.Analysis.Handler: INFO  Processed 54000 events

The MCnet usage guidelines apply to Rivet: see http://www.montecarlonet.org/GUIDELINES
Please acknowledge plots made with Rivet analyses, and cite arXiv:1003.0694 (http://arxiv.org/abs/1003.0694)
Rivet.Analysis.Handler: INFO  Dumping intermediate results to pythia8pp5TeVmode01e5.yoda.
Rivet.Analysis.Handler: INFO  Finalising analyses
Rivet.Analysis.Handler: INFO  Processed 55000 events

The MCnet usage guidelines apply to Rivet: see http://www.montecarlonet.org/GUIDELINES
Please acknowledge plots made with Rivet analyses, and cite arXiv:1003.0694 (http://arxiv.org/abs/1003.0694)
Rivet.Analysis.Handler: INFO  Dumping intermediate results to pythia8pp5TeVmode01e5.yoda.
Rivet.Analysis.Handler: INFO  Finalising analyses
Rivet.Analysis.Handler: INFO  Processed 56000 events

The MCnet usage guidelines apply to Rivet: see http://www.montecarlonet.org/GUIDELINES
Please acknowledge plots made with Rivet analyses, and cite arXiv:1003.0694 (http://arxiv.org/abs/1003.0694)
Rivet.Analysis.Handler: INFO  Dumping intermediate results to pythia8pp5TeVmode01e5.yoda.
Rivet.Analysis.Handler: INFO  Finalising analyses
Rivet.Analysis.Handler: INFO  Processed 57000 events

The MCnet usage guidelines apply to Rivet: see http://www.montecarlonet.org/GUIDELINES
Please acknowledge plots made with Rivet analyses, and cite arXiv:1003.0694 (http://arxiv.org/abs/1003.0694)
Rivet.Analysis.Handler: INFO  Dumping intermediate results to pythia8pp5TeVmode01e5.yoda.
Rivet.Analysis.Handler: INFO  Finalising analyses
Rivet.Analysis.Handler: INFO  Processed 58000 events

The MCnet usage guidelines apply to Rivet: see http://www.montecarlonet.org/GUIDELINES
Please acknowledge plots made with Rivet analyses, and cite arXiv:1003.0694 (http://arxiv.org/abs/1003.0694)
Rivet.Analysis.Handler: INFO  Dumping intermediate results to pythia8pp5TeVmode01e5.yoda.
Rivet.Analysis.Handler: INFO  Finalising analyses
Rivet.Analysis.Handler: INFO  Processed 59000 events

The MCnet usage guidelines apply to Rivet: see http://www.montecarlonet.org/GUIDELINES
Please acknowledge plots made with Rivet analyses, and cite arXiv:1003.0694 (http://arxiv.org/abs/1003.0694)
Rivet.Analysis.Handler: INFO  Dumping intermediate results to pythia8pp5TeVmode01e5.yoda.
Rivet.Analysis.Handler: INFO  Finalising analyses
Rivet.Analysis.Handler: INFO  Processed 60000 events

The MCnet usage guidelines apply to Rivet: see http://www.montecarlonet.org/GUIDELINES
Please acknowledge plots made with Rivet analyses, and cite arXiv:1003.0694 (http://arxiv.org/abs/1003.0694)
Rivet.Analysis.Handler: INFO  Dumping intermediate results to pythia8pp5TeVmode01e5.yoda.
Rivet.Analysis.Handler: INFO  Finalising analyses
Rivet.Analysis.Handler: INFO  Processed 61000 events

The MCnet usage guidelines apply to Rivet: see http://www.montecarlonet.org/GUIDELINES
Please acknowledge plots made with Rivet analyses, and cite arXiv:1003.0694 (http://arxiv.org/abs/1003.0694)
Rivet.Analysis.Handler: INFO  Dumping intermediate results to pythia8pp5TeVmode01e5.yoda.
Rivet.Analysis.Handler: INFO  Finalising analyses
Rivet.Analysis.Handler: INFO  Processed 62000 events

The MCnet usage guidelines apply to Rivet: see http://www.montecarlonet.org/GUIDELINES
Please acknowledge plots made with Rivet analyses, and cite arXiv:1003.0694 (http://arxiv.org/abs/1003.0694)
Rivet.Analysis.Handler: INFO  Dumping intermediate results to pythia8pp5TeVmode01e5.yoda.
Rivet.Analysis.Handler: INFO  Finalising analyses
Rivet.Analysis.Handler: INFO  Processed 63000 events

The MCnet usage guidelines apply to Rivet: see http://www.montecarlonet.org/GUIDELINES
Please acknowledge plots made with Rivet analyses, and cite arXiv:1003.0694 (http://arxiv.org/abs/1003.0694)
Rivet.Analysis.Handler: INFO  Dumping intermediate results to pythia8pp5TeVmode01e5.yoda.
Rivet.Analysis.Handler: INFO  Finalising analyses
Rivet.Analysis.Handler: INFO  Processed 64000 events

The MCnet usage guidelines apply to Rivet: see http://www.montecarlonet.org/GUIDELINES
Please acknowledge plots made with Rivet analyses, and cite arXiv:1003.0694 (http://arxiv.org/abs/1003.0694)
Rivet.Analysis.Handler: INFO  Dumping intermediate results to pythia8pp5TeVmode01e5.yoda.
Rivet.Analysis.Handler: INFO  Finalising analyses
Rivet.Analysis.Handler: INFO  Processed 65000 events

The MCnet usage guidelines apply to Rivet: see http://www.montecarlonet.org/GUIDELINES
Please acknowledge plots made with Rivet analyses, and cite arXiv:1003.0694 (http://arxiv.org/abs/1003.0694)
Rivet.Analysis.Handler: INFO  Dumping intermediate results to pythia8pp5TeVmode01e5.yoda.
Rivet.Analysis.Handler: INFO  Finalising analyses
Rivet.Analysis.Handler: INFO  Processed 66000 events

The MCnet usage guidelines apply to Rivet: see http://www.montecarlonet.org/GUIDELINES
Please acknowledge plots made with Rivet analyses, and cite arXiv:1003.0694 (http://arxiv.org/abs/1003.0694)
Rivet.Analysis.Handler: INFO  Dumping intermediate results to pythia8pp5TeVmode01e5.yoda.
Rivet.Analysis.Handler: INFO  Finalising analyses
Rivet.Analysis.Handler: INFO  Processed 67000 events

The MCnet usage guidelines apply to Rivet: see http://www.montecarlonet.org/GUIDELINES
Please acknowledge plots made with Rivet analyses, and cite arXiv:1003.0694 (http://arxiv.org/abs/1003.0694)
Rivet.Analysis.Handler: INFO  Dumping intermediate results to pythia8pp5TeVmode01e5.yoda.
Rivet.Analysis.Handler: INFO  Finalising analyses
Rivet.Analysis.Handler: INFO  Processed 68000 events

The MCnet usage guidelines apply to Rivet: see http://www.montecarlonet.org/GUIDELINES
Please acknowledge plots made with Rivet analyses, and cite arXiv:1003.0694 (http://arxiv.org/abs/1003.0694)
Rivet.Analysis.Handler: INFO  Dumping intermediate results to pythia8pp5TeVmode01e5.yoda.
Rivet.Analysis.Handler: INFO  Finalising analyses
Rivet.Analysis.Handler: INFO  Processed 69000 events

The MCnet usage guidelines apply to Rivet: see http://www.montecarlonet.org/GUIDELINES
Please acknowledge plots made with Rivet analyses, and cite arXiv:1003.0694 (http://arxiv.org/abs/1003.0694)
Rivet.Analysis.Handler: INFO  Dumping intermediate results to pythia8pp5TeVmode01e5.yoda.
Rivet.Analysis.Handler: INFO  Finalising analyses
Rivet.Analysis.Handler: INFO  Processed 70000 events

The MCnet usage guidelines apply to Rivet: see http://www.montecarlonet.org/GUIDELINES
Please acknowledge plots made with Rivet analyses, and cite arXiv:1003.0694 (http://arxiv.org/abs/1003.0694)
Rivet.Analysis.Handler: INFO  Dumping intermediate results to pythia8pp5TeVmode01e5.yoda.
Rivet.Analysis.Handler: INFO  Finalising analyses
Rivet.Analysis.Handler: INFO  Processed 71000 events

The MCnet usage guidelines apply to Rivet: see http://www.montecarlonet.org/GUIDELINES
Please acknowledge plots made with Rivet analyses, and cite arXiv:1003.0694 (http://arxiv.org/abs/1003.0694)
Rivet.Analysis.Handler: INFO  Dumping intermediate results to pythia8pp5TeVmode01e5.yoda.
Rivet.Analysis.Handler: INFO  Finalising analyses
Rivet.Analysis.Handler: INFO  Processed 72000 events

The MCnet usage guidelines apply to Rivet: see http://www.montecarlonet.org/GUIDELINES
Please acknowledge plots made with Rivet analyses, and cite arXiv:1003.0694 (http://arxiv.org/abs/1003.0694)
Rivet.Analysis.Handler: INFO  Dumping intermediate results to pythia8pp5TeVmode01e5.yoda.
Rivet.Analysis.Handler: INFO  Finalising analyses
Rivet.Analysis.Handler: INFO  Processed 73000 events

The MCnet usage guidelines apply to Rivet: see http://www.montecarlonet.org/GUIDELINES
Please acknowledge plots made with Rivet analyses, and cite arXiv:1003.0694 (http://arxiv.org/abs/1003.0694)
Rivet.Analysis.Handler: INFO  Dumping intermediate results to pythia8pp5TeVmode01e5.yoda.
Rivet.Analysis.Handler: INFO  Finalising analyses
Rivet.Analysis.Handler: INFO  Processed 74000 events

The MCnet usage guidelines apply to Rivet: see http://www.montecarlonet.org/GUIDELINES
Please acknowledge plots made with Rivet analyses, and cite arXiv:1003.0694 (http://arxiv.org/abs/1003.0694)
Rivet.Analysis.Handler: INFO  Dumping intermediate results to pythia8pp5TeVmode01e5.yoda.
Rivet.Analysis.Handler: INFO  Finalising analyses
Rivet.Analysis.Handler: INFO  Processed 75000 events

The MCnet usage guidelines apply to Rivet: see http://www.montecarlonet.org/GUIDELINES
Please acknowledge plots made with Rivet analyses, and cite arXiv:1003.0694 (http://arxiv.org/abs/1003.0694)
Rivet.Analysis.Handler: INFO  Dumping intermediate results to pythia8pp5TeVmode01e5.yoda.
Rivet.Analysis.Handler: INFO  Finalising analyses
Rivet.Analysis.Handler: INFO  Processed 76000 events

The MCnet usage guidelines apply to Rivet: see http://www.montecarlonet.org/GUIDELINES
Please acknowledge plots made with Rivet analyses, and cite arXiv:1003.0694 (http://arxiv.org/abs/1003.0694)
Rivet.Analysis.Handler: INFO  Dumping intermediate results to pythia8pp5TeVmode01e5.yoda.
Rivet.Analysis.Handler: INFO  Finalising analyses
Rivet.Analysis.Handler: INFO  Processed 77000 events

The MCnet usage guidelines apply to Rivet: see http://www.montecarlonet.org/GUIDELINES
Please acknowledge plots made with Rivet analyses, and cite arXiv:1003.0694 (http://arxiv.org/abs/1003.0694)
Rivet.Analysis.Handler: INFO  Dumping intermediate results to pythia8pp5TeVmode01e5.yoda.
Rivet.Analysis.Handler: INFO  Finalising analyses
Rivet.Analysis.Handler: INFO  Processed 78000 events

The MCnet usage guidelines apply to Rivet: see http://www.montecarlonet.org/GUIDELINES
Please acknowledge plots made with Rivet analyses, and cite arXiv:1003.0694 (http://arxiv.org/abs/1003.0694)
Rivet.Analysis.Handler: INFO  Dumping intermediate results to pythia8pp5TeVmode01e5.yoda.
Rivet.Analysis.Handler: INFO  Finalising analyses
Rivet.Analysis.Handler: INFO  Processed 79000 events

The MCnet usage guidelines apply to Rivet: see http://www.montecarlonet.org/GUIDELINES
Please acknowledge plots made with Rivet analyses, and cite arXiv:1003.0694 (http://arxiv.org/abs/1003.0694)
Rivet.Analysis.Handler: INFO  Dumping intermediate results to pythia8pp5TeVmode01e5.yoda.
Rivet.Analysis.Handler: INFO  Finalising analyses
Rivet.Analysis.Handler: INFO  Processed 80000 events

The MCnet usage guidelines apply to Rivet: see http://www.montecarlonet.org/GUIDELINES
Please acknowledge plots made with Rivet analyses, and cite arXiv:1003.0694 (http://arxiv.org/abs/1003.0694)
Rivet.Analysis.Handler: INFO  Dumping intermediate results to pythia8pp5TeVmode01e5.yoda.
Rivet.Analysis.Handler: INFO  Finalising analyses
Rivet.Analysis.Handler: INFO  Processed 81000 events

The MCnet usage guidelines apply to Rivet: see http://www.montecarlonet.org/GUIDELINES
Please acknowledge plots made with Rivet analyses, and cite arXiv:1003.0694 (http://arxiv.org/abs/1003.0694)
Rivet.Analysis.Handler: INFO  Dumping intermediate results to pythia8pp5TeVmode01e5.yoda.
Rivet.Analysis.Handler: INFO  Finalising analyses
Rivet.Analysis.Handler: INFO  Processed 82000 events

The MCnet usage guidelines apply to Rivet: see http://www.montecarlonet.org/GUIDELINES
Please acknowledge plots made with Rivet analyses, and cite arXiv:1003.0694 (http://arxiv.org/abs/1003.0694)
Rivet.Analysis.Handler: INFO  Dumping intermediate results to pythia8pp5TeVmode01e5.yoda.
Rivet.Analysis.Handler: INFO  Finalising analyses
Rivet.Analysis.Handler: INFO  Processed 83000 events

The MCnet usage guidelines apply to Rivet: see http://www.montecarlonet.org/GUIDELINES
Please acknowledge plots made with Rivet analyses, and cite arXiv:1003.0694 (http://arxiv.org/abs/1003.0694)
Rivet.Analysis.Handler: INFO  Dumping intermediate results to pythia8pp5TeVmode01e5.yoda.
Rivet.Analysis.Handler: INFO  Finalising analyses
Rivet.Analysis.Handler: INFO  Processed 84000 events

The MCnet usage guidelines apply to Rivet: see http://www.montecarlonet.org/GUIDELINES
Please acknowledge plots made with Rivet analyses, and cite arXiv:1003.0694 (http://arxiv.org/abs/1003.0694)
Rivet.Analysis.Handler: INFO  Dumping intermediate results to pythia8pp5TeVmode01e5.yoda.
Rivet.Analysis.Handler: INFO  Finalising analyses
Rivet.Analysis.Handler: INFO  Processed 85000 events

The MCnet usage guidelines apply to Rivet: see http://www.montecarlonet.org/GUIDELINES
Please acknowledge plots made with Rivet analyses, and cite arXiv:1003.0694 (http://arxiv.org/abs/1003.0694)
Rivet.Analysis.Handler: INFO  Dumping intermediate results to pythia8pp5TeVmode01e5.yoda.
Rivet.Analysis.Handler: INFO  Finalising analyses
Rivet.Analysis.Handler: INFO  Processed 86000 events

The MCnet usage guidelines apply to Rivet: see http://www.montecarlonet.org/GUIDELINES
Please acknowledge plots made with Rivet analyses, and cite arXiv:1003.0694 (http://arxiv.org/abs/1003.0694)
Rivet.Analysis.Handler: INFO  Dumping intermediate results to pythia8pp5TeVmode01e5.yoda.
Rivet.Analysis.Handler: INFO  Finalising analyses
Rivet.Analysis.Handler: INFO  Processed 87000 events

The MCnet usage guidelines apply to Rivet: see http://www.montecarlonet.org/GUIDELINES
Please acknowledge plots made with Rivet analyses, and cite arXiv:1003.0694 (http://arxiv.org/abs/1003.0694)
Rivet.Analysis.Handler: INFO  Dumping intermediate results to pythia8pp5TeVmode01e5.yoda.
Rivet.Analysis.Handler: INFO  Finalising analyses
Rivet.Analysis.Handler: INFO  Processed 88000 events

The MCnet usage guidelines apply to Rivet: see http://www.montecarlonet.org/GUIDELINES
Please acknowledge plots made with Rivet analyses, and cite arXiv:1003.0694 (http://arxiv.org/abs/1003.0694)
Rivet.Analysis.Handler: INFO  Dumping intermediate results to pythia8pp5TeVmode01e5.yoda.
Rivet.Analysis.Handler: INFO  Finalising analyses
Rivet.Analysis.Handler: INFO  Processed 89000 events

The MCnet usage guidelines apply to Rivet: see http://www.montecarlonet.org/GUIDELINES
Please acknowledge plots made with Rivet analyses, and cite arXiv:1003.0694 (http://arxiv.org/abs/1003.0694)
Rivet.Analysis.Handler: INFO  Dumping intermediate results to pythia8pp5TeVmode01e5.yoda.
Rivet.Analysis.Handler: INFO  Finalising analyses
Rivet.Analysis.Handler: INFO  Processed 90000 events

The MCnet usage guidelines apply to Rivet: see http://www.montecarlonet.org/GUIDELINES
Please acknowledge plots made with Rivet analyses, and cite arXiv:1003.0694 (http://arxiv.org/abs/1003.0694)
Rivet.Analysis.Handler: INFO  Dumping intermediate results to pythia8pp5TeVmode01e5.yoda.
Rivet.Analysis.Handler: INFO  Finalising analyses
Rivet.Analysis.Handler: INFO  Processed 91000 events

The MCnet usage guidelines apply to Rivet: see http://www.montecarlonet.org/GUIDELINES
Please acknowledge plots made with Rivet analyses, and cite arXiv:1003.0694 (http://arxiv.org/abs/1003.0694)
Rivet.Analysis.Handler: INFO  Dumping intermediate results to pythia8pp5TeVmode01e5.yoda.
Rivet.Analysis.Handler: INFO  Finalising analyses
Rivet.Analysis.Handler: INFO  Processed 92000 events

The MCnet usage guidelines apply to Rivet: see http://www.montecarlonet.org/GUIDELINES
Please acknowledge plots made with Rivet analyses, and cite arXiv:1003.0694 (http://arxiv.org/abs/1003.0694)
Rivet.Analysis.Handler: INFO  Dumping intermediate results to pythia8pp5TeVmode01e5.yoda.
Rivet.Analysis.Handler: INFO  Finalising analyses
Rivet.Analysis.Handler: INFO  Processed 93000 events

The MCnet usage guidelines apply to Rivet: see http://www.montecarlonet.org/GUIDELINES
Please acknowledge plots made with Rivet analyses, and cite arXiv:1003.0694 (http://arxiv.org/abs/1003.0694)
Rivet.Analysis.Handler: INFO  Dumping intermediate results to pythia8pp5TeVmode01e5.yoda.
Rivet.Analysis.Handler: INFO  Finalising analyses
Rivet.Analysis.Handler: INFO  Processed 94000 events

The MCnet usage guidelines apply to Rivet: see http://www.montecarlonet.org/GUIDELINES
Please acknowledge plots made with Rivet analyses, and cite arXiv:1003.0694 (http://arxiv.org/abs/1003.0694)
Rivet.Analysis.Handler: INFO  Dumping intermediate results to pythia8pp5TeVmode01e5.yoda.
Rivet.Analysis.Handler: INFO  Finalising analyses
Rivet.Analysis.Handler: INFO  Processed 95000 events

The MCnet usage guidelines apply to Rivet: see http://www.montecarlonet.org/GUIDELINES
Please acknowledge plots made with Rivet analyses, and cite arXiv:1003.0694 (http://arxiv.org/abs/1003.0694)
Rivet.Analysis.Handler: INFO  Dumping intermediate results to pythia8pp5TeVmode01e5.yoda.
Rivet.Analysis.Handler: INFO  Finalising analyses
Rivet.Analysis.Handler: INFO  Processed 96000 events

The MCnet usage guidelines apply to Rivet: see http://www.montecarlonet.org/GUIDELINES
Please acknowledge plots made with Rivet analyses, and cite arXiv:1003.0694 (http://arxiv.org/abs/1003.0694)
Rivet.Analysis.Handler: INFO  Dumping intermediate results to pythia8pp5TeVmode01e5.yoda.
Rivet.Analysis.Handler: INFO  Finalising analyses
Rivet.Analysis.Handler: INFO  Processed 97000 events

The MCnet usage guidelines apply to Rivet: see http://www.montecarlonet.org/GUIDELINES
Please acknowledge plots made with Rivet analyses, and cite arXiv:1003.0694 (http://arxiv.org/abs/1003.0694)
Rivet.Analysis.Handler: INFO  Dumping intermediate results to pythia8pp5TeVmode01e5.yoda.
Rivet.Analysis.Handler: INFO  Finalising analyses
Rivet.Analysis.Handler: INFO  Processed 98000 events

The MCnet usage guidelines apply to Rivet: see http://www.montecarlonet.org/GUIDELINES
Please acknowledge plots made with Rivet analyses, and cite arXiv:1003.0694 (http://arxiv.org/abs/1003.0694)
Rivet.Analysis.Handler: INFO  Dumping intermediate results to pythia8pp5TeVmode01e5.yoda.
Rivet.Analysis.Handler: INFO  Finalising analyses
Rivet.Analysis.Handler: INFO  Processed 99000 events

The MCnet usage guidelines apply to Rivet: see http://www.montecarlonet.org/GUIDELINES
Please acknowledge plots made with Rivet analyses, and cite arXiv:1003.0694 (http://arxiv.org/abs/1003.0694)
Rivet.Analysis.Handler: INFO  Dumping intermediate results to pythia8pp5TeVmode01e5.yoda.
Rivet.Analysis.Handler: INFO  Finalising analyses
Rivet.Analysis.Handler: INFO  Processed 100000 events

The MCnet usage guidelines apply to Rivet: see http://www.montecarlonet.org/GUIDELINES
Please acknowledge plots made with Rivet analyses, and cite arXiv:1003.0694 (http://arxiv.org/abs/1003.0694)

Rivet.Analysis.Handler: INFO  Finalising analyses
Rivet.Analysis.Handler: INFO  Processed 100000 events

The MCnet usage guidelines apply to Rivet: see http://www.montecarlonet.org/GUIDELINES
Please acknowledge plots made with Rivet analyses, and cite arXiv:1003.0694 (http://arxiv.org/abs/1003.0694)


