Rivet.Analysis.Handler: WARN  Analysis 'ALICE_2017_I1645239' is unvalidated: be careful, it may be broken!
Rivet.Analysis.Handler: INFO  Dumping intermediate results to Pythia105pPb.yoda.
Rivet.Analysis.Handler: INFO  Finalising analyses

 Cross section equal to: 2.09154e+06 mbRivet.Analysis.Handler: INFO  Processed 1000 events

The MCnet usage guidelines apply to Rivet: see http://www.montecarlonet.org/GUIDELINES
Please acknowledge plots made with Rivet analyses, and cite arXiv:1003.0694 (http://arxiv.org/abs/1003.0694)
Rivet.Analysis.Handler: INFO  Dumping intermediate results to Pythia105pPb.yoda.
Rivet.Analysis.Handler: INFO  Finalising analyses

 Cross section equal to: 2.13377e+06 mbRivet.Analysis.Handler: INFO  Processed 2000 events

The MCnet usage guidelines apply to Rivet: see http://www.montecarlonet.org/GUIDELINES
Please acknowledge plots made with Rivet analyses, and cite arXiv:1003.0694 (http://arxiv.org/abs/1003.0694)
Rivet.Analysis.Handler: INFO  Dumping intermediate results to Pythia105pPb.yoda.
Rivet.Analysis.Handler: INFO  Finalising analyses

 Cross section equal to: 2.09444e+06 mbRivet.Analysis.Handler: INFO  Processed 3000 events

The MCnet usage guidelines apply to Rivet: see http://www.montecarlonet.org/GUIDELINES
Please acknowledge plots made with Rivet analyses, and cite arXiv:1003.0694 (http://arxiv.org/abs/1003.0694)
Rivet.Analysis.Handler: INFO  Dumping intermediate results to Pythia105pPb.yoda.
Rivet.Analysis.Handler: INFO  Finalising analyses

 Cross section equal to: 2.08794e+06 mbRivet.Analysis.Handler: INFO  Processed 4000 events

The MCnet usage guidelines apply to Rivet: see http://www.montecarlonet.org/GUIDELINES
Please acknowledge plots made with Rivet analyses, and cite arXiv:1003.0694 (http://arxiv.org/abs/1003.0694)
Rivet.Analysis.Handler: INFO  Dumping intermediate results to Pythia105pPb.yoda.
Rivet.Analysis.Handler: INFO  Finalising analyses

 Cross section equal to: 2.07221e+06 mbRivet.Analysis.Handler: INFO  Processed 5000 events

The MCnet usage guidelines apply to Rivet: see http://www.montecarlonet.org/GUIDELINES
Please acknowledge plots made with Rivet analyses, and cite arXiv:1003.0694 (http://arxiv.org/abs/1003.0694)
Rivet.Analysis.Handler: INFO  Dumping intermediate results to Pythia105pPb.yoda.
Rivet.Analysis.Handler: INFO  Finalising analyses

 Cross section equal to: 2.08475e+06 mbRivet.Analysis.Handler: INFO  Processed 6000 events

The MCnet usage guidelines apply to Rivet: see http://www.montecarlonet.org/GUIDELINES
Please acknowledge plots made with Rivet analyses, and cite arXiv:1003.0694 (http://arxiv.org/abs/1003.0694)
Rivet.Analysis.Handler: INFO  Dumping intermediate results to Pythia105pPb.yoda.
Rivet.Analysis.Handler: INFO  Finalising analyses

 Cross section equal to: 2.08173e+06 mbRivet.Analysis.Handler: INFO  Processed 7000 events

The MCnet usage guidelines apply to Rivet: see http://www.montecarlonet.org/GUIDELINES
Please acknowledge plots made with Rivet analyses, and cite arXiv:1003.0694 (http://arxiv.org/abs/1003.0694)
Rivet.Analysis.Handler: INFO  Dumping intermediate results to Pythia105pPb.yoda.
Rivet.Analysis.Handler: INFO  Finalising analyses

 Cross section equal to: 2.07454e+06 mbRivet.Analysis.Handler: INFO  Processed 8000 events

The MCnet usage guidelines apply to Rivet: see http://www.montecarlonet.org/GUIDELINES
Please acknowledge plots made with Rivet analyses, and cite arXiv:1003.0694 (http://arxiv.org/abs/1003.0694)
Rivet.Analysis.Handler: INFO  Dumping intermediate results to Pythia105pPb.yoda.
Rivet.Analysis.Handler: INFO  Finalising analyses

 Cross section equal to: 2.08382e+06 mbRivet.Analysis.Handler: INFO  Processed 9000 events

The MCnet usage guidelines apply to Rivet: see http://www.montecarlonet.org/GUIDELINES
Please acknowledge plots made with Rivet analyses, and cite arXiv:1003.0694 (http://arxiv.org/abs/1003.0694)
Rivet.Analysis.Handler: INFO  Dumping intermediate results to Pythia105pPb.yoda.
Rivet.Analysis.Handler: INFO  Finalising analyses

 Cross section equal to: 2.09235e+06 mbRivet.Analysis.Handler: INFO  Processed 10000 events

The MCnet usage guidelines apply to Rivet: see http://www.montecarlonet.org/GUIDELINES
Please acknowledge plots made with Rivet analyses, and cite arXiv:1003.0694 (http://arxiv.org/abs/1003.0694)

Rivet.Analysis.Handler: INFO  Finalising analyses

 Cross section equal to: 2.09235e+06 mbRivet.Analysis.Handler: INFO  Processed 10000 events

The MCnet usage guidelines apply to Rivet: see http://www.montecarlonet.org/GUIDELINES
Please acknowledge plots made with Rivet analyses, and cite arXiv:1003.0694 (http://arxiv.org/abs/1003.0694)


