>>>>>>>>>>>>>>>>>>>>>>>>>>>>>>>>>>>>>>>>>>>>>>>>>>>>>>>>>>>>>>>>>>>>>>>>>>>>>>
>>>> Toolkit for HEP Event Generation - ThePEG 2.2.0 <<<<<<<<<<<<<<<<<<<<<<<<<
>>>> Sat Nov  7 19:31:35 2020                                             <<<<
<<<<<<<<<<<<<<<<<<<<<<<<<<<<<<<<<<<<<<<<<<<<<<<<<<<<<<<<<<<<<<<<<<<<<<<<<<<<<<

>> Herwig 7.2.0 / ThePEG 2.2.0

/Herwig/UnderlyingEvent/UECuts:
MHat  = 6.12 .. 1e+06 GeV
Scale = 0 .. 1e+12 GeV2
YHat  = -100 .. 100
X1    = 0 .. 1
X2    = 0 .. 1

/Herwig/UnderlyingEvent/KtCut:
KT  = 3.06 .. 1e+06 GeV
Eta = -100 .. 100

:
MHat  = 7.05583 .. 1e+06 GeV
Scale = 0 .. 1e+12 GeV2
YHat  = -100 .. 100
X1    = 0 .. 1
X2    = 0 .. 1

:
KT  = 3.52792 .. 1e+06 GeV
Eta = -100 .. 100

:
MHat  = 7.25583 .. 1e+06 GeV
Scale = 0 .. 1e+12 GeV2
YHat  = -100 .. 100
X1    = 0 .. 1
X2    = 0 .. 1

:
KT  = 3.62792 .. 1e+06 GeV
Eta = -100 .. 100

/Herwig/Cuts/MinBiasCuts:
MHat  = 0 .. 13000 GeV
Scale = 2 .. 1e+12 GeV2
YHat  = -100 .. 100
X1    = 0.011 .. 1
X2    = 0.011 .. 1

******************************************************************************
Event number 1 (id: herwig) performed by EventHandler
Weight: 1
==============================================================================

--- Colliding particles:
  1        p+    2212  (8,10)   
                                 0.000     0.000  6500.000  6500.000     0.938
  2        p+    2212  (9,11)   
                                 0.000     0.000 -6500.000  6500.000     0.938
------------------------------------------------------------------------------
Primary sub-process performed by MEMinBias
--- incoming:
  3         u       2 [10] (5,6)   {+1}
                                -0.000     0.000   122.348   122.348     0.000
  4         d       1 [11] (7)   {+2}
                                 0.000    -0.000 -1665.293  1665.293     0.000
--- intermediates:
  5   pomeron     990 [3] (7)   
                                -0.000    -0.000     0.000    -0.000    -0.000
--- outgoing:
  6         u       2 [3] (13)  >8 {+1}
                                 0.000     0.000   122.348   122.348     0.325
  7         d       1 [4,5] (12)  >9 {+2}
                                 0.000    -0.000 -1665.293  1665.293     0.325
------------------------------------------------------------------------------
Step 1
--- intermediates:
  3         u       2 [10] (5,6)   {+1}
                                -0.000     0.000   122.348   122.348     0.000
  4         d       1 [11] (7)   {+2}
                                 0.000    -0.000 -1665.293  1665.293     0.000
  5   pomeron     990 [3] (7)   
                                -0.000    -0.000     0.000    -0.000    -0.000
--- final:
  6         u       2 [3] (13)  >8 {+1}
                                 0.000     0.000   122.348   122.348     0.325
  7         d       1 [4,5] (12)  >9 {+2}
                                 0.000    -0.000 -1665.293  1665.293     0.325
  8    Rem:p+      82 [1] (14)  6> {-1}
                                 0.000     0.000  6377.652  6377.652     0.929
  9    Rem:p+      82 [2] (15)  7> {-2}
                                -0.000     0.000 -4834.707  4834.707     0.809
------------------------------------------------------------------------------
     Sum of momenta:                 0         0         0   1.3e+04   1.3e+04
------------------------------------------------------------------------------
Step 2 performed by ShowerHandler
--- intermediates:
 10         u       2 [1] (3)   {+1}
                                -0.000     0.000   122.348   122.348     0.000
 11         d       1 [2] (4)   {+2}
                                 0.000    -0.000 -1665.293  1665.293     0.000
 14    Rem:p+      82 [8] (16)   
                                 0.000     0.000  6377.652  6377.652     0.650
 15    Rem:p+      82 [9] (17)   
                                -0.000     0.000 -4834.707  4834.707     0.650
 16      ud_0    2101 [14] (18)   {-1}
                                 0.000     0.000  5863.573  5863.573     0.650
 17      uu_1    2203 [15] (19)   {-2}
                                -0.000     0.000 -4444.999  4444.999     0.650
 18      ud_0    2101 [16] (20,21)   {-1}
                                 0.000     0.000  5863.573  5863.573     0.650
 21      ud_0    2101 [18] (22,23)   {-1}
                                 0.000     0.000  5863.573  5863.573     0.650
 23      ud_0    2101 [21] (24,25)   {-1}
                                 0.000     0.000  5863.573  5863.573     0.650
 25      ud_0    2101 [23] (26,27)   {-1}
                                 0.000     0.000  5863.573  5863.573     0.650
 27      ud_0    2101 [25] (28,29)   {-1}
                                 0.000     0.000  5863.573  5863.573     0.650
 29      ud_0    2101 [27] (30,31)   {-1}
                                 0.000     0.000  5863.573  5863.573     0.650
 31      ud_0    2101 [29] (32,33)   {-1}
                                 0.000     0.000  5863.573  5863.573     0.650
 33      ud_0    2101 [31] (34,35)   {-1}
                                 0.000     0.000  5863.573  5863.573     0.650
 35      ud_0    2101 [33] (36,37)   {-1}
                                 0.000     0.000  5863.573  5863.573     0.650
 37      ud_0    2101 [35] (38,39)   {-1}
                                 0.000     0.000  5863.573  5863.573     0.650
 39      ud_0    2101 [37] (40,41)   {-1}
                                 0.000     0.000  5863.573  5863.573     0.650
--- final:
 12         d       1 [7] (60)  >19 {+2}
                                 0.000    -0.000 -1665.293  1665.293     0.325
 13         u       2 [6] (61)  >41 {+1}
                                 0.000     0.000   122.348   122.348     0.325
 19      uu_1    2203 [17] (60)  12> {-2}
                                -0.000     0.000 -4444.999  4444.999     0.650
 20         d       1 [18] (62)  >22 {+3}
                                -1.037    -0.770  -313.624   313.627     0.325
 22         g      21 [21] (42,43)  20>>24 {+4,-3}
                                 0.646    -0.037   -35.397    35.416     0.950
 24         g      21 [23] (44,45)  22>>26 {+5,-4}
                                 0.960     3.192   -34.022    34.198     0.950
 26         g      21 [25] (46,47)  24>>28 {+6,-5}
                                 1.172     0.616    -3.637     3.985     0.950
 28         g      21 [27] (48,49)  26>>30 {+7,-6}
                                 3.228     0.120    -0.988     3.509     0.950
 30         g      21 [29] (50,51)  28>>32 {+8,-7}
                                 0.063     0.551     0.524     1.218     0.950
 32         g      21 [31] (52,53)  30>>34 {+9,-8}
                                 0.758    -2.191    16.371    16.562     0.950
 34         g      21 [33] (54,55)  32>>36 {+10,-9}
                                -1.388    -0.804    20.872    20.955     0.950
 36         g      21 [35] (56,57)  34>>38 {+11,-10}
                                -2.055    -0.208    78.982    79.015     0.950
 38         g      21 [37] (58,59)  36>>40 {+12,-11}
                                -2.555    -0.226   293.028   293.041     0.950
 40      dbar      -1 [39] (69)  38> {-12}
                                 0.209    -0.243   102.260   102.261     0.325
 41      ud_0    2101 [39] (61)  13> {-1}
                                 0.000     0.000  5863.573  5863.573     0.650
------------------------------------------------------------------------------
     Sum of momenta:                 0         0         0   1.3e+04   1.3e+04
------------------------------------------------------------------------------
Step 3 performed by ClusterHadHandler
--- intermediates:
 42         u       2 [22] (63)   {+4}
                                 0.632    -0.221   -27.130    27.140     0.325
 43      ubar      -2 [22] (62)   {-3}
                                 0.014     0.184    -8.268     8.276     0.325
 44         s       3 [24] (71)   {+5}
                                 0.683     1.919   -19.973    20.081     0.450
 45      sbar      -3 [24] (63)   {-4}
                                 0.277     1.274   -14.049    14.116     0.450
 46         s       3 [26] (64)   {+6}
                                 0.455     0.142    -1.605     1.734     0.450
 47      sbar      -3 [26] (70)   {-5}
                                 0.717     0.474    -2.031     2.251     0.450
 48         u       2 [28] (70)   {+7}
                                 0.836     0.131    -0.016     0.906     0.325
 49      ubar      -2 [28] (64)   {-6}
                                 2.392    -0.011    -0.972     2.603     0.325
 50         s       3 [30] (65)   {+8}
                                 0.156     0.307     0.179     0.594     0.450
 51      sbar      -3 [30] (71)   {-7}
                                -0.093     0.244     0.345     0.624     0.450
 52         u       2 [32] (66)   {+9}
                                 0.252    -0.496     2.874     2.946     0.325
 53      ubar      -2 [32] (65)   {-8}
                                 0.506    -1.696    13.497    13.616     0.325
 54         d       1 [34] (67)   {+10}
                                -0.438    -0.362     4.625     4.671     0.325
 55      dbar      -1 [34] (66)   {-9}
                                -0.950    -0.442    16.248    16.285     0.325
 56         s       3 [36] (68)   {+11}
                                -0.960    -0.046    32.314    32.332     0.450
 57      sbar      -3 [36] (67)   {-10}
                                -1.095    -0.162    46.668    46.683     0.450
 58         s       3 [38] (69)   {+12}
                                -0.878    -0.061    99.935    99.940     0.450
 59      sbar      -3 [38] (68)   {-11}
                                -1.677    -0.166   193.094   193.101     0.450
 60   Cluster      81 [12,19] (76)   
                                 0.000    -0.000 -6110.292  6110.292     0.984
 61   Cluster      81 [13,41] (74,75)   
                                 0.000     0.000  5985.921  5985.921     2.366
 62   Cluster      81 [20,43] (80,81)   
                                -1.022    -0.585  -321.892   321.903     2.423
 63   Cluster      81 [42,45] (82,83)   
                                 0.909     1.052   -41.179    41.256     2.115
 64   Cluster      81 [46,49] (84,85)   
                                 2.847     0.131    -2.578     4.337     2.010
 65   Cluster      81 [50,53] (92,93)   
                                 0.662    -1.389    13.676    14.210     3.541
 66   Cluster      81 [52,55] (78,79)   
                                -0.698    -0.937    19.122    19.231     1.669
 67   Cluster      81 [54,57] (90,91)   
                                -1.533    -0.524    51.292    51.354     1.917
 68   Cluster      81 [56,59] (88,89)   
                                -2.637    -0.212   225.408   225.433     2.099
 69   Cluster      81 [40,58] (86,87)   
                                -0.669    -0.304   202.195   202.201     1.360
 70   Cluster      81 [47,48] (77)   
                                 1.552     0.605    -2.047     3.157     1.733
 71   Cluster      81 [44,51] (72,73)   
                                 0.591     2.163   -19.627    20.706     6.203
 72   Cluster      81 [71] (94,95)   
                                 0.562     1.604   -16.539    16.682     1.360
 73   Cluster      81 [71] (96,97)   
                                 0.029     0.559    -3.088     4.024     2.519
 74   Cluster      81 [61] (98,99)   
                                 0.000     0.000  1483.925  1483.925     0.902
 75   Cluster      81 [61] (100,101)   
                                 0.000     0.000  4501.996  4501.996     1.320
 77   Cluster      81 [70] (102,103)   
                                 1.552     0.605    -2.047     3.157     1.733
--- final:
 76        p+    2212 [60]    
                                -0.000    -0.000 -6110.292  6110.292     0.938
 78       pi+     211 [66]    
                                -0.128    -0.352     2.853     2.881     0.140
 79       f_1   20223 [66] (104..106)   
                                -0.570    -0.585    16.270    16.350     1.398
 80       f_2     225 [62] (113,114)   
                                -1.145    -0.653  -235.718   235.726     1.421
 81      rho-    -213 [62] (119,120)   
                                 0.123     0.068   -86.173    86.177     0.742
 82       f_1   20223 [63] (123..125)   
                                 1.084     0.475   -29.774    29.825     1.282
 83        K+     321 [63]    
                                -0.175     0.577   -11.404    11.431     0.494
 84    K*bar0    -313 [64] (132,133)   
                                 0.955     0.360    -0.336     1.391     0.884
 85       pi-    -211 [64]    
                                 1.892    -0.229    -2.241     2.945     0.140
 86     Kbar0    -311 [69]    
                                 0.073     0.082    49.107    49.109     0.498
 87       eta     221 [69] (136,137)   
                                -0.742    -0.386   153.088   153.091     0.548
 88    K*bar0    -313 [68] (138,139)   
                                -0.803    -0.170    51.187    51.202     0.924
 89        K0     311 [68]    
                                -1.834    -0.041   174.221   174.231     0.498
 90       pi-    -211 [67]    
                                 0.339    -0.002    10.318    10.325     0.140
 91       K*+     323 [67] (140,141)   
                                -1.872    -0.522    40.974    41.029     0.850
 92Lambda(1405)0   13122 [65] (142,143)   
                                -0.363    -0.161     3.009     3.348     1.415
 93 Deltabar-   -2214 [65] (146,147)   
                                 1.024    -1.228    10.668    10.862     1.277
 94       K*-    -323 [72] (150,151)   
                                 0.199     1.174   -13.969    14.048     0.877
 95       pi+     211 [72]    
                                 0.362     0.430    -2.570     2.634     0.140
 96       K*0     313 [73] (154,155)   
                                -0.510    -0.008    -0.494     1.185     0.948
 97     omega     223 [73] (156,157)   
                                 0.539     0.567    -2.594     2.839     0.850
 98       pi+     211 [74]    
                                -0.107    -0.137   805.532   805.532     0.140
 99       eta     221 [74] (160..162)   
                                 0.107     0.137   678.393   678.393     0.548
100        p+    2212 [75]    
                                -0.177     0.170  3972.307  3972.307     0.938
101       pi-    -211 [75]    
                                 0.177    -0.170   529.689   529.689     0.140
102       pi0     111 [77] (165,166)   
                                 0.210    -0.043    -0.371     0.449     0.135
103     K*_2+     325 [77] (167,168)   
                                 1.342     0.647    -1.677     2.708     1.518
------------------------------------------------------------------------------
     Sum of momenta:                 0         0         0   1.3e+04   1.3e+04
------------------------------------------------------------------------------
Step 4 performed by DecayHandler
--- intermediates:
104      rho-    -213 [79] (107,108)   
                                -0.448    -0.486     8.195     8.267     0.862
106       pi0     111 [79] (111,112)   
                                -0.080    -0.019     1.955     1.961     0.135
107       pi0     111 [104] (109,110)   
                                 0.237    -0.147     2.206     2.227     0.135
113       pi0     111 [80] (115,116)   
                                -0.370    -0.069  -171.766   171.766     0.135
114       pi0     111 [80] (117,118)   
                                -0.775    -0.584   -63.952    63.960     0.135
119       pi0     111 [81] (121,122)   
                                -0.155     0.148   -67.956    67.956     0.135
123      rho+     213 [82] (126,127)   
                                 0.750     0.400   -18.335    18.374     0.835
125       pi0     111 [82] (130,131)   
                                 0.250     0.167    -8.547     8.554     0.135
126       pi0     111 [123] (128,129)   
                                 0.869     0.407   -13.290    13.326     0.135
133       pi0     111 [84] (134,135)   
                                 0.303    -0.156    -0.004     0.366     0.135
143       pi0     111 [92] (144,145)   
                                -0.047    -0.159     0.269     0.344     0.135
147       pi0     111 [93] (148,149)   
                                 0.328    -0.385     4.404     4.435     0.135
151       pi0     111 [94] (152,153)   
                                 0.356     0.521    -6.176     6.209     0.135
157       pi0     111 [97] (158,159)   
                                 0.167     0.317    -2.229     2.262     0.135
162       pi0     111 [99] (163,164)   
                                -0.043     0.116   203.444   203.444     0.135
--- final:
 76        p+    2212 [60]    
                                -0.000    -0.000 -6110.292  6110.292     0.938
 78       pi+     211 [66]    
                                -0.128    -0.352     2.853     2.881     0.140
 83        K+     321 [63]    
                                -0.175     0.577   -11.404    11.431     0.494
 85       pi-    -211 [64]    
                                 1.892    -0.229    -2.241     2.945     0.140
 86     Kbar0    -311 [69]    
                                 0.073     0.082    49.107    49.109     0.498
 89        K0     311 [68]    
                                -1.834    -0.041   174.221   174.231     0.498
 90       pi-    -211 [67]    
                                 0.339    -0.002    10.318    10.325     0.140
 95       pi+     211 [72]    
                                 0.362     0.430    -2.570     2.634     0.140
 98       pi+     211 [74]    
                                -0.107    -0.137   805.532   805.532     0.140
100        p+    2212 [75]    
                                -0.177     0.170  3972.307  3972.307     0.938
101       pi-    -211 [75]    
                                 0.177    -0.170   529.689   529.689     0.140
105       pi+     211 [79]    
                                -0.042    -0.079     6.120     6.122     0.140
108       pi-    -211 [104]    
                                -0.684    -0.340     5.990     6.040     0.140
109     gamma      22 [107]    
                                 0.147    -0.143     1.182     1.200     0.000
110     gamma      22 [107]    
                                 0.090    -0.004     1.024     1.028     0.000
111     gamma      22 [106]    
                                -0.094    -0.053     1.031     1.037     0.000
112     gamma      22 [106]    
                                 0.015     0.034     0.924     0.925     0.000
115     gamma      22 [113]    
                                -0.038     0.004   -42.847    42.847     0.000
116     gamma      22 [113]    
                                -0.332    -0.073  -128.919   128.920     0.000
117     gamma      22 [114]    
                                -0.780    -0.580   -63.760    63.767     0.000
118     gamma      22 [114]    
                                 0.005    -0.004    -0.192     0.192     0.000
120       pi-    -211 [81]    
                                 0.278    -0.080   -18.217    18.220     0.140
121     gamma      22 [119]    
                                 0.020     0.028   -16.505    16.505     0.000
122     gamma      22 [119]    
                                -0.175     0.120   -51.451    51.451     0.000
124       pi-    -211 [82]    
                                 0.085    -0.092    -2.892     2.898     0.140
127       pi+     211 [123]    
                                -0.120    -0.007    -5.044     5.048     0.140
128     gamma      22 [126]    
                                 0.277     0.124    -3.391     3.404     0.000
129     gamma      22 [126]    
                                 0.592     0.284    -9.900     9.921     0.000
130     gamma      22 [125]    
                                 0.190     0.180    -7.523     7.527     0.000
131     gamma      22 [125]    
                                 0.059    -0.013    -1.025     1.026     0.000
132     Kbar0    -311 [84]    
                                 0.653     0.516    -0.332     1.025     0.498
134     gamma      22 [133]    
                                 0.132    -0.141    -0.020     0.194     0.000
135     gamma      22 [133]    
                                 0.171    -0.015     0.016     0.172     0.000
136     gamma      22 [87]    
                                -0.517     0.039    78.658    78.660     0.000
137     gamma      22 [87]    
                                -0.225    -0.425    74.429    74.431     0.000
138        K-    -321 [88]    
                                -0.552    -0.261    23.155    23.168     0.494
139       pi+     211 [88]    
                                -0.251     0.091    28.033    28.034     0.140
140        K0     311 [91]    
                                -0.662    -0.145    17.722    17.742     0.498
141       pi+     211 [91]    
                                -1.210    -0.377    23.252    23.287     0.140
142    Sigma0    3212 [92]    
                                -0.316    -0.001     2.740     3.005     1.193
144     gamma      22 [143]    
                                -0.037    -0.154     0.131     0.205     0.000
145     gamma      22 [143]    
                                -0.010    -0.006     0.138     0.138     0.000
146     pbar-   -2212 [93]    
                                 0.696    -0.843     6.263     6.427     0.938
148     gamma      22 [147]    
                                 0.225    -0.272     2.492     2.517     0.000
149     gamma      22 [147]    
                                 0.103    -0.113     1.912     1.918     0.000
150        K-    -321 [94]    
                                -0.157     0.653    -7.794     7.838     0.494
152     gamma      22 [151]    
                                 0.135     0.121    -1.370     1.382     0.000
153     gamma      22 [151]    
                                 0.221     0.400    -4.806     4.828     0.000
154        K+     321 [96]    
                                -0.328    -0.192    -0.608     0.870     0.494
155       pi-    -211 [96]    
                                -0.181     0.184     0.113     0.315     0.140
156     gamma      22 [97]    
                                 0.372     0.249    -0.364     0.577     0.000
158     gamma      22 [157]    
                                 0.158     0.294    -2.190     2.215     0.000
159     gamma      22 [157]    
                                 0.009     0.024    -0.039     0.046     0.000
160       pi+     211 [99]    
                                -0.045     0.009   216.877   216.877     0.140
161       pi-    -211 [99]    
                                 0.195     0.013   258.072   258.072     0.140
163     gamma      22 [162]    
                                -0.056     0.067   182.834   182.834     0.000
164     gamma      22 [162]    
                                 0.014     0.048    20.610    20.610     0.000
165     gamma      22 [102]    
                                 0.012    -0.011     0.010     0.019     0.000
166     gamma      22 [102]    
                                 0.198    -0.032    -0.380     0.430     0.000
167        K0     311 [103]    
                                 0.153     0.325     0.011     0.614     0.498
168       pi+     211 [103]    
                                 1.189     0.322    -1.688     2.094     0.140
------------------------------------------------------------------------------
     Sum of momenta:                 0         0         0   1.3e+04   1.3e+04
Statistics for the ACDC sampler 'ACDCSampler':
Number of samplers:                13
Number of bins:                   218
Depth of bins:                     14
efficiency:                  0.236407
Total integrated xsec:    1.15201e+08
        error in xsec:    8.22477e+06
* A warning exception of type ThePEG::ACDCSampler::ACDCStillCompensating occurred while generating event number 101: 
The run was ended while the ACDCSampler 'ACDCSampler' was still trying to compensate for weights larger than 1. The cross section estimates may therefore be statistically inaccurate. At least 17 additional samplings are needed to get out of compensation mode. This may be avoided if you increase the value of the Ntry parameter determining how many points are presampled before the run.

The following exception classes were reported in this run:
ThePEG::ACDCSampler::ACDCStillCompensating warning (1 times)

Miscellaneous output from modules to the standard output:

Statistics for the UE process: 
                                       generated    number of    Cross-section
                                          events     attempts             (nb)
==============================================================================
Total:                                    100142       100142      1.50464e+08
==============================================================================
Per matrix element breakdown:
MEQCD2to2Fast                             100142       100142      1.50464e+08
==============================================================================

==============================================================================
Eikonalized and soft cross sections:

Model parameters:                    ptmin:   3.52792 GeV, mu2: 1.1 GeV2
                                     DL mode: 2, CMenergy: 13000 GeV
hard inclusive cross section (mb):   150.466
soft inclusive cross section (mb):   109.489
total cross section (mb):            112.594
inelastic cross section (mb):        78.0079
soft inv radius (GeV2):              0.475492
slope of soft pt spectrum (1/GeV2):  -0.101595
Average hard multiplicity:           1.92878
Average soft multiplicity:           1.39843
==============================================================================

