>>>>>>>>>>>>>>>>>>>>>>>>>>>>>>>>>>>>>>>>>>>>>>>>>>>>>>>>>>>>>>>>>>>>>>>>>>>>>>
>>>> Toolkit for HEP Event Generation - ThePEG 2.2.0 <<<<<<<<<<<<<<<<<<<<<<<<<
>>>> Sat Nov  7 19:28:03 2020                                             <<<<
<<<<<<<<<<<<<<<<<<<<<<<<<<<<<<<<<<<<<<<<<<<<<<<<<<<<<<<<<<<<<<<<<<<<<<<<<<<<<<

>> Herwig 7.2.0 / ThePEG 2.2.0

==============================================================================
Statistics for event handler 'EventHandler':
                                       generated    number of    Cross-section
                                          events     attempts             (nb)
==============================================================================
Total (from attempted events): including vetoed events           0.115(8)e+09
==============================================================================
Total (from generated events):              100          100     0.115(8)e+09
Events carry unit weights.
==============================================================================
Per matrix element breakdown:
MEMinBias                                     66           66        76(8)e+06
MEDiffractionLeft                             11           11        13(4)e+06
MEDiffractionRight                             8            8         9(3)e+06
MEDiffractionDouble                           13           13        15(4)e+06
MEDiffractionDeltaLeft                         1            1         1(1)e+06
MEDiffractionDeltaRight                        1            1         1(1)e+06
==============================================================================
