
 *------------------------------------------------------------------------------------* 
 |                                                                                    | 
 |  *------------------------------------------------------------------------------*  | 
 |  |                                                                              |  | 
 |  |                                                                              |  | 
 |  |   PPP   Y   Y  TTTTT  H   H  III    A      Welcome to the Lund Monte Carlo!  |  | 
 |  |   P  P   Y Y     T    H   H   I    A A     This is PYTHIA version 8.240      |  | 
 |  |   PPP     Y      T    HHHHH   I   AAAAA    Last date of change: 20 Dec 2018  |  | 
 |  |   P       Y      T    H   H   I   A   A                                      |  | 
 |  |   P       Y      T    H   H  III  A   A    Now is 02 Nov 2020 at 18:11:07    |  | 
 |  |                                                                              |  | 
 |  |   Christian Bierlich;  Department of Astronomy and Theoretical Physics,      |  | 
 |  |      Lund University, Solvegatan 14A, SE-223 62 Lund, Sweden;                |  | 
 |  |      e-mail: christian.bierlich@thep.lu.se                                   |  | 
 |  |   Nishita Desai;  Department of Theoretical Physics, Tata Institute,         |  | 
 |  |      Homi Bhabha Road, Mumbai 400005, India;                                 |  | 
 |  |      e-mail: desai@theory.tifr.res.in                                        |  | 
 |  |   Ilkka Helenius;  Department of Physics, University of Jyvaskyla,           |  | 
 |  |      P.O. Box 35, FI-40014 University of Jyvaskyla, Finland;                 |  | 
 |  |      e-mail: ilkka.m.helenius@jyu.fi                                         |  | 
 |  |   Philip Ilten;  School of Physics and Astronomy,                            |  | 
 |  |      University of Birmingham, Birmingham, B152 2TT, UK;                     |  | 
 |  |      e-mail: philten@cern.ch                                                 |  | 
 |  |   Leif Lonnblad;  Department of Astronomy and Theoretical Physics,           |  | 
 |  |      Lund University, Solvegatan 14A, SE-223 62 Lund, Sweden;                |  | 
 |  |      e-mail: leif.lonnblad@thep.lu.se                                        |  | 
 |  |   Stephen Mrenna;  Computing Division, Simulations Group,                    |  | 
 |  |      Fermi National Accelerator Laboratory, MS 234, Batavia, IL 60510, USA;  |  | 
 |  |      e-mail: mrenna@fnal.gov                                                 |  | 
 |  |   Stefan Prestel;  Department of Astronomy and Theoretical Physics,          |  | 
 |  |      Lund University, Solvegatan 14A, SE-223 62 Lund, Sweden;                |  | 
 |  |      e-mail: stefan.prestel@thep.lu.se                                       |  | 
 |  |   Christine O. Rasmussen;  Department of Astronomy and Theoretical Physics,  |  | 
 |  |      Lund University, Solvegatan 14A, SE-223 62 Lund, Sweden;                |  | 
 |  |      e-mail: christine.rasmussen@thep.lu.se                                  |  | 
 |  |   Torbjorn Sjostrand;  Department of Astronomy and Theoretical Physics,      |  | 
 |  |      Lund University, Solvegatan 14A, SE-223 62 Lund, Sweden;                |  | 
 |  |      e-mail: torbjorn@thep.lu.se                                             |  | 
 |  |   Peter Skands;  School of Physics,                                          |  | 
 |  |      Monash University, PO Box 27, 3800 Melbourne, Australia;                |  | 
 |  |      e-mail: peter.skands@monash.edu                                         |  | 
 |  |                                                                              |  | 
 |  |   The main program reference is 'An Introduction to PYTHIA 8.2',             |  | 
 |  |   T. Sjostrand et al, Comput. Phys. Commun. 191 (2015) 159                   |  | 
 |  |   [arXiv:1410.3012 [hep-ph]]                                                 |  | 
 |  |                                                                              |  | 
 |  |   The main physics reference is the 'PYTHIA 6.4 Physics and Manual',         |  | 
 |  |   T. Sjostrand, S. Mrenna and P. Skands, JHEP05 (2006) 026 [hep-ph/0603175]  |  | 
 |  |                                                                              |  | 
 |  |   An archive of program versions and documentation is found on the web:      |  | 
 |  |   http://www.thep.lu.se/Pythia                                               |  | 
 |  |                                                                              |  | 
 |  |   This program is released under the GNU General Public Licence version 2.   |  | 
 |  |   Please respect the MCnet Guidelines for Event Generator Authors and Users. |  | 
 |  |                                                                              |  | 
 |  |   Disclaimer: this program comes without any guarantees.                     |  | 
 |  |   Beware of errors and use common sense when interpreting results.           |  | 
 |  |                                                                              |  | 
 |  |   Copyright (C) 2018 Torbjorn Sjostrand                                      |  | 
 |  |                                                                              |  | 
 |  |                                                                              |  | 
 |  *------------------------------------------------------------------------------*  | 
 |                                                                                    | 
 *------------------------------------------------------------------------------------* 

 Read commands from mode2.par


 *-------  PYTHIA Process Initialization  --------------------------*
 |                                                                  |
 | We collide p+ with p+ at a CM energy of 1.300e+04 GeV            |
 |                                                                  |
 |------------------------------------------------------------------|
 |                                                    |             |
 | Subprocess                                    Code |   Estimated |
 |                                                    |    max (mb) |
 |                                                    |             |
 |------------------------------------------------------------------|
 |                                                    |             |
 | non-diffractive                                101 |   5.642e+01 |
 | A B -> A B elastic                             102 |   2.226e+01 |
 | A B -> X B single diffractive                  103 |   6.416e+00 |
 | A B -> A X single diffractive                  104 |   6.416e+00 |
 | A B -> X X double diffractive                  105 |   8.798e+00 |
 | A B -> A X B central diffractive               106 |   0.000e+00 |
 |                                                                  |
 *-------  End PYTHIA Process Initialization -----------------------*

 *-------  PYTHIA Multiparton Interactions Initialization  ---------* 
 |                                                                  | 
 |                   sigmaNonDiffractive =    56.42 mb              | 
 |                                                                  | 
 |    pT0 =  2.46 gives sigmaInteraction =   367.88 mb: accepted    | 
 |                                                                  | 
 *-------  End PYTHIA Multiparton Interactions Initialization  -----* 

 *-------  PYTHIA Multiparton Interactions Initialization  ---------* 
 |                                                                  | 
 |                          diffraction XB                          | 
 |                                                                  | 
 |   diffractive mass = 1.00e+01 GeV and sigmaNorm =    10.00 mb    | 
 |    pT0 =  0.53 gives sigmaInteraction =    31.51 mb: accepted    | 
 |   diffractive mass = 6.00e+01 GeV and sigmaNorm =    10.00 mb    | 
 |    pT0 =  0.77 gives sigmaInteraction =    22.52 mb: accepted    | 
 |   diffractive mass = 3.61e+02 GeV and sigmaNorm =    10.00 mb    | 
 |    pT0 =  1.14 gives sigmaInteraction =    20.38 mb: accepted    | 
 |   diffractive mass = 2.16e+03 GeV and sigmaNorm =    10.00 mb    | 
 |    pT0 =  1.67 gives sigmaInteraction =    35.60 mb: accepted    | 
 |   diffractive mass = 1.30e+04 GeV and sigmaNorm =    10.00 mb    | 
 |    pT0 =  2.46 gives sigmaInteraction =    71.65 mb: accepted    | 
 |                                                                  | 
 *-------  End PYTHIA Multiparton Interactions Initialization  -----* 
 PYTHIA Warning in MultipartonInteractions::init: maximum increased by factor 4.088

 *-------  PYTHIA Multiparton Interactions Initialization  ---------* 
 |                                                                  | 
 |                          diffraction AX                          | 
 |                                                                  | 
 |   diffractive mass = 1.00e+01 GeV and sigmaNorm =    10.00 mb    | 
 |    pT0 =  0.53 gives sigmaInteraction =    31.52 mb: accepted    | 
 |   diffractive mass = 6.00e+01 GeV and sigmaNorm =    10.00 mb    | 
 |    pT0 =  0.77 gives sigmaInteraction =    22.70 mb: accepted    | 
 |   diffractive mass = 3.61e+02 GeV and sigmaNorm =    10.00 mb    | 
 |    pT0 =  1.14 gives sigmaInteraction =    20.41 mb: accepted    | 
 |   diffractive mass = 2.16e+03 GeV and sigmaNorm =    10.00 mb    | 
 |    pT0 =  1.67 gives sigmaInteraction =    35.93 mb: accepted    | 
 |   diffractive mass = 1.30e+04 GeV and sigmaNorm =    10.00 mb    | 
 |    pT0 =  2.46 gives sigmaInteraction =    70.44 mb: accepted    | 
 |                                                                  | 
 *-------  End PYTHIA Multiparton Interactions Initialization  -----* 

 *-------  PYTHIA Multiparton Interactions Initialization  ---------* 
 |                                                                  | 
 |                          diffraction AXB                         | 
 |                                                                  | 
 |   diffractive mass = 1.00e+01 GeV and sigmaNorm =    10.00 mb    | 
 |    pT0 =  0.53 gives sigmaInteraction =     7.32 mb: rejected    | 
 |    pT0 =  0.47 gives sigmaInteraction =    10.97 mb: rejected    | 
 |    pT0 =  0.43 gives sigmaInteraction =    16.43 mb: accepted    | 
 |   diffractive mass = 6.00e+01 GeV and sigmaNorm =    10.00 mb    | 
 |    pT0 =  0.77 gives sigmaInteraction =     3.27 mb: rejected    | 
 |    pT0 =  0.70 gives sigmaInteraction =     4.48 mb: rejected    | 
 |    pT0 =  0.63 gives sigmaInteraction =     6.19 mb: rejected    | 
 |    pT0 =  0.56 gives sigmaInteraction =     8.65 mb: rejected    | 
 |    pT0 =  0.51 gives sigmaInteraction =    11.98 mb: accepted    | 
 |   diffractive mass = 3.61e+02 GeV and sigmaNorm =    10.00 mb    | 
 |    pT0 =  1.14 gives sigmaInteraction =     3.16 mb: rejected    | 
 |    pT0 =  1.02 gives sigmaInteraction =     3.78 mb: rejected    | 
 |    pT0 =  0.92 gives sigmaInteraction =     4.51 mb: rejected    | 
 |    pT0 =  0.83 gives sigmaInteraction =     5.46 mb: rejected    | 
 |    pT0 =  0.75 gives sigmaInteraction =     6.60 mb: rejected    | 
 |    pT0 =  0.67 gives sigmaInteraction =     8.24 mb: rejected    | 
 |    pT0 =  0.60 gives sigmaInteraction =    10.31 mb: rejected    | 
 |    pT0 =  0.54 gives sigmaInteraction =    13.21 mb: accepted    | 
 |   diffractive mass = 2.16e+03 GeV and sigmaNorm =    10.00 mb    | 
 |    pT0 =  1.67 gives sigmaInteraction =     5.27 mb: rejected    | 
 |    pT0 =  1.50 gives sigmaInteraction =     6.11 mb: rejected    | 
 |    pT0 =  1.35 gives sigmaInteraction =     7.02 mb: rejected    | 
 |    pT0 =  1.22 gives sigmaInteraction =     7.98 mb: rejected    | 
 |    pT0 =  1.10 gives sigmaInteraction =     9.00 mb: rejected    | 
 |    pT0 =  0.99 gives sigmaInteraction =    10.17 mb: rejected    | 
 |    pT0 =  0.89 gives sigmaInteraction =    11.53 mb: accepted    | 
 |   diffractive mass = 1.30e+04 GeV and sigmaNorm =    10.00 mb    | 
 |    pT0 =  2.46 gives sigmaInteraction =     7.84 mb: rejected    | 
 |    pT0 =  2.21 gives sigmaInteraction =     9.29 mb: rejected    | 
 |    pT0 =  1.99 gives sigmaInteraction =    10.67 mb: rejected    | 
 |    pT0 =  1.79 gives sigmaInteraction =    12.29 mb: accepted    | 
 |                                                                  | 
 *-------  End PYTHIA Multiparton Interactions Initialization  -----* 

 *-------  PYTHIA Flag + Mode + Parm + Word + FVec + MVec + PVec + WVec Settings (changes only)  ------------------* 
 |                                                                                                                 | 
 | Name                                          |                      Now |      Default         Min         Max | 
 |                                               |                          |                                      | 
 | BeamRemnants:remnantMode                      |                        1 |            0           0           1 | 
 | Beams:eCM                                     |                13000.000 |    14000.000    10.00000             | 
 | ColourReconnection:allowDoubleJunRem          |                      off |           on                         | 
 | ColourReconnection:mode                       |                        1 |            0           0           4 | 
 | MultipartonInteractions:pT0Ref                |                  2.15000 |      2.28000     0.50000    10.00000 | 
 | Next:numberShowEvent                          |                        0 |            1           0             | 
 | SoftQCD:all                                   |                       on |          off                         | 
 | StringFlav:probQQ1toQQ0join                   |                0.0275000 |      0.50000         0.0     1.00000 | 
 |                                               |                0.0275000 |      0.70000         0.0     1.00000 | 
 |                                               |                0.0275000 |      0.90000         0.0     1.00000 | 
 |                                               |                0.0275000 |      1.00000         0.0     1.00000 | 
 | StringFlav:probQQtoQ                          |                0.0780000 |    0.0810000         0.0     1.00000 | 
 | StringFlav:probStoUD                          |                  0.20000 |      0.21700         0.0     1.00000 | 
 | StringZ:aLund                                 |                  0.36000 |      0.68000         0.0     2.00000 | 
 | StringZ:bLund                                 |                  0.56000 |      0.98000     0.20000     2.00000 | 
 |                                                                                                                 | 
 *-------  End PYTHIA Flag + Mode + Parm + Word + FVec + MVec + PVec + WVec Settings  -----------------------------* 

 --------  PYTHIA Particle Data Table (changed only)  ------------------------------------------------------------------------------
 
      id   name            antiName         spn chg col      m0        mWidth      mMin       mMax       tau0    res dec ext vis wid
             no onMode   bRatio   meMode     products 

 no particle data has been changed from its default value 

 --------  End PYTHIA Particle Data Table  -----------------------------------------------------------------------------------------


 --------  PYTHIA Info Listing  ---------------------------------------- 
 
 Beam A: id =   2212, pz =  6.500e+03, e =  6.500e+03, m =  9.383e-01.
 Beam B: id =   2212, pz = -6.500e+03, e =  6.500e+03, m =  9.383e-01.

 Process A B -> X B single diffractive with code 103 is 2 -> 2.
 It has s =  1.690e+08,    t = -4.883e-02,    u = -1.690e+08,
       pT =  2.210e-01,   m3 =  5.960e+00,   m4 =  9.383e-01,
    theta =  3.400e-05,  phi =  4.905e+00.

 --------  End PYTHIA Info Listing  ------------------------------------

 --------  PYTHIA Event Listing  (hard process)  -----------------------------------------------------------------------------------
 
    no         id  name            status     mothers   daughters     colours      p_x        p_y        p_z         e          m 
     0         90  (system)           -11     0     0     0     0     0     0      0.000      0.000      0.000  13000.000  13000.000
     1       2212  (p+)               -12     0     0     3     0     0     0      0.000      0.000   6500.000   6500.000      0.938
     2       2212  (p+)               -12     0     0     4     0     0     0      0.000      0.000  -6500.000   6500.000      0.938
     3    9902210  p_diffr+            15     1     0     0     0     0     0      0.042     -0.217   6499.999   6500.001      5.960
     4       2212  p+                  14     2     0     0     0     0     0     -0.042      0.217  -6499.999   6499.999      0.938
                                   Charge sum:  2.000           Momentum sum:      0.000      0.000      0.000  13000.000  13000.000

 --------  End PYTHIA Event Listing  -----------------------------------------------------------------------------------------------
 PYTHIA Error in MiniStringFragmentation::fragment: no 1- or 2-body state found above mass threshold  
 PYTHIA Error in Pythia::next: hadronLevel failed; try again  
 PYTHIA Warning in StringFragmentation::fragmentToJunction: bad convergence junction rest frame  
 PYTHIA Error in BeamRemnants::setKinematics: kinematics construction failed  
 PYTHIA Warning in JunctionSplitting::SplitJunPairs: parallel junction state not allowed.  
 PYTHIA Warning in JunctionSplitting::CheckColours: Not possible to split junctions; making new colours  
 PYTHIA Error in StringFragmentation::fragment: stuck in joining  
 PYTHIA Error in StringFragmentation::fragmentToJunction: caught in junction flavour loop  
 PYTHIA Warning in SimpleSpaceShower::pT2nextQCD: weight above unity  
 PYTHIA Warning in JunctionSplitting::CheckColours: Made a gluon colour singlet; redoing colours  
 PYTHIA Warning in Pythia::check: not quite matched particle energy/momentum/mass  

 Pythia::next(): 1000 events have been generated 
 PYTHIA Warning in Pythia::check: energy-momentum not quite conserved  

 Pythia::next(): 2000 events have been generated 
 PYTHIA Warning in MiniStringFragmentation::ministring2two: random axis needed to break tie  

 Pythia::next(): 3000 events have been generated 

 Pythia::next(): 4000 events have been generated 
 PYTHIA Error in SimpleSpaceShower::pT2nearThreshold: stuck in loop  

 Pythia::next(): 5000 events have been generated 

 Pythia::next(): 6000 events have been generated 

 Pythia::next(): 7000 events have been generated 

 Pythia::next(): 8000 events have been generated 

 Pythia::next(): 9000 events have been generated 
 PYTHIA Warning in SimpleSpaceShower::pT2nextQCD: small daughter PDF  

 Pythia::next(): 10000 events have been generated 

 Pythia::next(): 11000 events have been generated 

 Pythia::next(): 12000 events have been generated 

 Pythia::next(): 13000 events have been generated 

 Pythia::next(): 14000 events have been generated 
 PYTHIA Warning in MultipartonInteractions::pTnext: weight above unity  

 Pythia::next(): 15000 events have been generated 

 Pythia::next(): 16000 events have been generated 

 Pythia::next(): 17000 events have been generated 
 PYTHIA Warning in StringFragmentation::finalRegion: random axis needed to break tie  

 Pythia::next(): 18000 events have been generated 

 Pythia::next(): 19000 events have been generated 

 Pythia::next(): 20000 events have been generated 

 Pythia::next(): 21000 events have been generated 

 Pythia::next(): 22000 events have been generated 
 PYTHIA Error in Pythia::next: partonLevel failed; try again  

 Pythia::next(): 23000 events have been generated 

 Pythia::next(): 24000 events have been generated 

 Pythia::next(): 25000 events have been generated 

 Pythia::next(): 26000 events have been generated 

 Pythia::next(): 27000 events have been generated 

 Pythia::next(): 28000 events have been generated 

 Pythia::next(): 29000 events have been generated 

 Pythia::next(): 30000 events have been generated 

 Pythia::next(): 31000 events have been generated 

 Pythia::next(): 32000 events have been generated 

 Pythia::next(): 33000 events have been generated 

 Pythia::next(): 34000 events have been generated 

 Pythia::next(): 35000 events have been generated 

 Pythia::next(): 36000 events have been generated 

 Pythia::next(): 37000 events have been generated 

 Pythia::next(): 38000 events have been generated 

 Pythia::next(): 39000 events have been generated 

 Pythia::next(): 40000 events have been generated 

 Pythia::next(): 41000 events have been generated 

 Pythia::next(): 42000 events have been generated 

 Pythia::next(): 43000 events have been generated 

 Pythia::next(): 44000 events have been generated 

 Pythia::next(): 45000 events have been generated 

 Pythia::next(): 46000 events have been generated 

 Pythia::next(): 47000 events have been generated 

 Pythia::next(): 48000 events have been generated 

 Pythia::next(): 49000 events have been generated 

 Pythia::next(): 50000 events have been generated 

 Pythia::next(): 51000 events have been generated 

 Pythia::next(): 52000 events have been generated 

 Pythia::next(): 53000 events have been generated 

 Pythia::next(): 54000 events have been generated 

 Pythia::next(): 55000 events have been generated 

 Pythia::next(): 56000 events have been generated 

 Pythia::next(): 57000 events have been generated 

 Pythia::next(): 58000 events have been generated 

 Pythia::next(): 59000 events have been generated 

 Pythia::next(): 60000 events have been generated 

 Pythia::next(): 61000 events have been generated 

 Pythia::next(): 62000 events have been generated 

 Pythia::next(): 63000 events have been generated 

 Pythia::next(): 64000 events have been generated 

 Pythia::next(): 65000 events have been generated 

 Pythia::next(): 66000 events have been generated 

 Pythia::next(): 67000 events have been generated 

 Pythia::next(): 68000 events have been generated 

 Pythia::next(): 69000 events have been generated 

 Pythia::next(): 70000 events have been generated 

 Pythia::next(): 71000 events have been generated 

 Pythia::next(): 72000 events have been generated 

 Pythia::next(): 73000 events have been generated 

 Pythia::next(): 74000 events have been generated 

 Pythia::next(): 75000 events have been generated 

 Pythia::next(): 76000 events have been generated 

 Pythia::next(): 77000 events have been generated 

 Pythia::next(): 78000 events have been generated 

 Pythia::next(): 79000 events have been generated 

 Pythia::next(): 80000 events have been generated 

 Pythia::next(): 81000 events have been generated 

 Pythia::next(): 82000 events have been generated 
 PYTHIA Warning in StringFragmentation::fragmentToJunction: Negative invariant masses in junction rest frame  

 Pythia::next(): 83000 events have been generated 

 Pythia::next(): 84000 events have been generated 

 Pythia::next(): 85000 events have been generated 

 Pythia::next(): 86000 events have been generated 

 Pythia::next(): 87000 events have been generated 

 Pythia::next(): 88000 events have been generated 

 Pythia::next(): 89000 events have been generated 

 Pythia::next(): 90000 events have been generated 

 Pythia::next(): 91000 events have been generated 
 PYTHIA Warning in MultipartonInteractions::pTfirst: weight above unity  

 Pythia::next(): 92000 events have been generated 

 Pythia::next(): 93000 events have been generated 

 Pythia::next(): 94000 events have been generated 

 Pythia::next(): 95000 events have been generated 

 Pythia::next(): 96000 events have been generated 

 Pythia::next(): 97000 events have been generated 

 Pythia::next(): 98000 events have been generated 

 Pythia::next(): 99000 events have been generated 

 Pythia::next(): 100000 events have been generated 

 Pythia::next(): 101000 events have been generated 

 Pythia::next(): 102000 events have been generated 

 Pythia::next(): 103000 events have been generated 

 Pythia::next(): 104000 events have been generated 

 Pythia::next(): 105000 events have been generated 

 Pythia::next(): 106000 events have been generated 

 Pythia::next(): 107000 events have been generated 

 Pythia::next(): 108000 events have been generated 

 Pythia::next(): 109000 events have been generated 

 Pythia::next(): 110000 events have been generated 

 Pythia::next(): 111000 events have been generated 

 Pythia::next(): 112000 events have been generated 

 Pythia::next(): 113000 events have been generated 

 Pythia::next(): 114000 events have been generated 

 Pythia::next(): 115000 events have been generated 

 Pythia::next(): 116000 events have been generated 

 Pythia::next(): 117000 events have been generated 

 Pythia::next(): 118000 events have been generated 

 Pythia::next(): 119000 events have been generated 

 Pythia::next(): 120000 events have been generated 

 Pythia::next(): 121000 events have been generated 

 Pythia::next(): 122000 events have been generated 

 Pythia::next(): 123000 events have been generated 

 Pythia::next(): 124000 events have been generated 

 Pythia::next(): 125000 events have been generated 

 Pythia::next(): 126000 events have been generated 

 Pythia::next(): 127000 events have been generated 

 Pythia::next(): 128000 events have been generated 

 Pythia::next(): 129000 events have been generated 

 Pythia::next(): 130000 events have been generated 

 Pythia::next(): 131000 events have been generated 

 Pythia::next(): 132000 events have been generated 

 Pythia::next(): 133000 events have been generated 

 Pythia::next(): 134000 events have been generated 

 Pythia::next(): 135000 events have been generated 

 Pythia::next(): 136000 events have been generated 

 Pythia::next(): 137000 events have been generated 

 Pythia::next(): 138000 events have been generated 

 Pythia::next(): 139000 events have been generated 

 Pythia::next(): 140000 events have been generated 

 Pythia::next(): 141000 events have been generated 

 Pythia::next(): 142000 events have been generated 

 Pythia::next(): 143000 events have been generated 

 Pythia::next(): 144000 events have been generated 

 Pythia::next(): 145000 events have been generated 

 Pythia::next(): 146000 events have been generated 

 Pythia::next(): 147000 events have been generated 

 Pythia::next(): 148000 events have been generated 

 Pythia::next(): 149000 events have been generated 

 Pythia::next(): 150000 events have been generated 

 Pythia::next(): 151000 events have been generated 

 Pythia::next(): 152000 events have been generated 

 Pythia::next(): 153000 events have been generated 

 Pythia::next(): 154000 events have been generated 

 Pythia::next(): 155000 events have been generated 
 PYTHIA Error in Pythia::check: energy-momentum not conserved  
 PYTHIA Error in Pythia::next: check of event revealed problems  

 Pythia::next(): 156000 events have been generated 

 Pythia::next(): 157000 events have been generated 

 Pythia::next(): 158000 events have been generated 

 Pythia::next(): 159000 events have been generated 

 Pythia::next(): 160000 events have been generated 

 Pythia::next(): 161000 events have been generated 

 Pythia::next(): 162000 events have been generated 

 Pythia::next(): 163000 events have been generated 

 Pythia::next(): 164000 events have been generated 

 Pythia::next(): 165000 events have been generated 

 Pythia::next(): 166000 events have been generated 

 Pythia::next(): 167000 events have been generated 

 Pythia::next(): 168000 events have been generated 

 Pythia::next(): 169000 events have been generated 

 Pythia::next(): 170000 events have been generated 

 Pythia::next(): 171000 events have been generated 

 Pythia::next(): 172000 events have been generated 

 Pythia::next(): 173000 events have been generated 

 Pythia::next(): 174000 events have been generated 

 Pythia::next(): 175000 events have been generated 

 Pythia::next(): 176000 events have been generated 

 Pythia::next(): 177000 events have been generated 

 Pythia::next(): 178000 events have been generated 

 Pythia::next(): 179000 events have been generated 

 Pythia::next(): 180000 events have been generated 

 Pythia::next(): 181000 events have been generated 

 Pythia::next(): 182000 events have been generated 

 Pythia::next(): 183000 events have been generated 

 Pythia::next(): 184000 events have been generated 

 Pythia::next(): 185000 events have been generated 

 Pythia::next(): 186000 events have been generated 

 Pythia::next(): 187000 events have been generated 

 Pythia::next(): 188000 events have been generated 

 Pythia::next(): 189000 events have been generated 

 Pythia::next(): 190000 events have been generated 

 Pythia::next(): 191000 events have been generated 

 Pythia::next(): 192000 events have been generated 

 Pythia::next(): 193000 events have been generated 

 Pythia::next(): 194000 events have been generated 

 Pythia::next(): 195000 events have been generated 

 Pythia::next(): 196000 events have been generated 

 Pythia::next(): 197000 events have been generated 

 Pythia::next(): 198000 events have been generated 

 Pythia::next(): 199000 events have been generated 

 Pythia::next(): 200000 events have been generated 

 Pythia::next(): 201000 events have been generated 

 Pythia::next(): 202000 events have been generated 

 Pythia::next(): 203000 events have been generated 

 Pythia::next(): 204000 events have been generated 

 Pythia::next(): 205000 events have been generated 

 Pythia::next(): 206000 events have been generated 

 Pythia::next(): 207000 events have been generated 

 Pythia::next(): 208000 events have been generated 

 Pythia::next(): 209000 events have been generated 

 Pythia::next(): 210000 events have been generated 

 Pythia::next(): 211000 events have been generated 

 Pythia::next(): 212000 events have been generated 

 Pythia::next(): 213000 events have been generated 

 Pythia::next(): 214000 events have been generated 

 Pythia::next(): 215000 events have been generated 

 Pythia::next(): 216000 events have been generated 

 Pythia::next(): 217000 events have been generated 

 Pythia::next(): 218000 events have been generated 

 Pythia::next(): 219000 events have been generated 

 Pythia::next(): 220000 events have been generated 

 Pythia::next(): 221000 events have been generated 

 Pythia::next(): 222000 events have been generated 

 Pythia::next(): 223000 events have been generated 

 Pythia::next(): 224000 events have been generated 

 Pythia::next(): 225000 events have been generated 

 Pythia::next(): 226000 events have been generated 

 Pythia::next(): 227000 events have been generated 

 Pythia::next(): 228000 events have been generated 

 Pythia::next(): 229000 events have been generated 

 Pythia::next(): 230000 events have been generated 

 Pythia::next(): 231000 events have been generated 

 Pythia::next(): 232000 events have been generated 

 Pythia::next(): 233000 events have been generated 

 Pythia::next(): 234000 events have been generated 

 Pythia::next(): 235000 events have been generated 

 Pythia::next(): 236000 events have been generated 

 Pythia::next(): 237000 events have been generated 

 Pythia::next(): 238000 events have been generated 

 Pythia::next(): 239000 events have been generated 

 Pythia::next(): 240000 events have been generated 

 Pythia::next(): 241000 events have been generated 

 Pythia::next(): 242000 events have been generated 

 Pythia::next(): 243000 events have been generated 

 Pythia::next(): 244000 events have been generated 

 Pythia::next(): 245000 events have been generated 

 Pythia::next(): 246000 events have been generated 

 Pythia::next(): 247000 events have been generated 

 Pythia::next(): 248000 events have been generated 

 Pythia::next(): 249000 events have been generated 

 Pythia::next(): 250000 events have been generated 

 Pythia::next(): 251000 events have been generated 

 Pythia::next(): 252000 events have been generated 

 Pythia::next(): 253000 events have been generated 

 Pythia::next(): 254000 events have been generated 

 Pythia::next(): 255000 events have been generated 

 Pythia::next(): 256000 events have been generated 

 Pythia::next(): 257000 events have been generated 

 Pythia::next(): 258000 events have been generated 

 Pythia::next(): 259000 events have been generated 

 Pythia::next(): 260000 events have been generated 

 Pythia::next(): 261000 events have been generated 

 Pythia::next(): 262000 events have been generated 

 Pythia::next(): 263000 events have been generated 

 Pythia::next(): 264000 events have been generated 

 Pythia::next(): 265000 events have been generated 

 Pythia::next(): 266000 events have been generated 

 Pythia::next(): 267000 events have been generated 

 Pythia::next(): 268000 events have been generated 

 Pythia::next(): 269000 events have been generated 

 Pythia::next(): 270000 events have been generated 

 Pythia::next(): 271000 events have been generated 

 Pythia::next(): 272000 events have been generated 

 Pythia::next(): 273000 events have been generated 

 Pythia::next(): 274000 events have been generated 

 Pythia::next(): 275000 events have been generated 

 Pythia::next(): 276000 events have been generated 

 Pythia::next(): 277000 events have been generated 

 Pythia::next(): 278000 events have been generated 

 Pythia::next(): 279000 events have been generated 
 PYTHIA Warning in TauDecays::decay: unknown correlated tau production, assuming from unpolarized photon  

 Pythia::next(): 280000 events have been generated 

 Pythia::next(): 281000 events have been generated 

 Pythia::next(): 282000 events have been generated 

 Pythia::next(): 283000 events have been generated 

 Pythia::next(): 284000 events have been generated 

 Pythia::next(): 285000 events have been generated 

 Pythia::next(): 286000 events have been generated 

 Pythia::next(): 287000 events have been generated 

 Pythia::next(): 288000 events have been generated 

 Pythia::next(): 289000 events have been generated 

 Pythia::next(): 290000 events have been generated 

 Pythia::next(): 291000 events have been generated 

 Pythia::next(): 292000 events have been generated 

 Pythia::next(): 293000 events have been generated 

 Pythia::next(): 294000 events have been generated 

 Pythia::next(): 295000 events have been generated 

 Pythia::next(): 296000 events have been generated 

 Pythia::next(): 297000 events have been generated 

 Pythia::next(): 298000 events have been generated 

 Pythia::next(): 299000 events have been generated 

 Pythia::next(): 300000 events have been generated 

 Pythia::next(): 301000 events have been generated 

 Pythia::next(): 302000 events have been generated 

 Pythia::next(): 303000 events have been generated 

 Pythia::next(): 304000 events have been generated 

 Pythia::next(): 305000 events have been generated 

 Pythia::next(): 306000 events have been generated 
