Rivet.Analysis.Handler: WARN  Analysis 'ALICE_2017_I1645239' is unvalidated: be careful, it may be broken!
Rivet.Analysis.Handler: INFO  Dumping intermediate results to Pythia104pPb.yoda.
Rivet.Analysis.Handler: INFO  Finalising analyses
Rivet.Analysis.Handler: INFO  Processed 1000 events

The MCnet usage guidelines apply to Rivet: see http://www.montecarlonet.org/GUIDELINES
Please acknowledge plots made with Rivet analyses, and cite arXiv:1003.0694 (http://arxiv.org/abs/1003.0694)
Rivet.Analysis.Handler: INFO  Dumping intermediate results to Pythia104pPb.yoda.
Rivet.Analysis.Handler: INFO  Finalising analyses
Rivet.Analysis.Handler: INFO  Processed 2000 events

The MCnet usage guidelines apply to Rivet: see http://www.montecarlonet.org/GUIDELINES
Please acknowledge plots made with Rivet analyses, and cite arXiv:1003.0694 (http://arxiv.org/abs/1003.0694)
Rivet.Analysis.Handler: INFO  Dumping intermediate results to Pythia104pPb.yoda.
Rivet.Analysis.Handler: INFO  Finalising analyses
Rivet.Analysis.Handler: INFO  Processed 3000 events

The MCnet usage guidelines apply to Rivet: see http://www.montecarlonet.org/GUIDELINES
Please acknowledge plots made with Rivet analyses, and cite arXiv:1003.0694 (http://arxiv.org/abs/1003.0694)
Rivet.Analysis.Handler: INFO  Dumping intermediate results to Pythia104pPb.yoda.
Rivet.Analysis.Handler: INFO  Finalising analyses
Rivet.Analysis.Handler: INFO  Processed 4000 events

The MCnet usage guidelines apply to Rivet: see http://www.montecarlonet.org/GUIDELINES
Please acknowledge plots made with Rivet analyses, and cite arXiv:1003.0694 (http://arxiv.org/abs/1003.0694)
Rivet.Analysis.Handler: INFO  Dumping intermediate results to Pythia104pPb.yoda.
Rivet.Analysis.Handler: INFO  Finalising analyses
Rivet.Analysis.Handler: INFO  Processed 5000 events

The MCnet usage guidelines apply to Rivet: see http://www.montecarlonet.org/GUIDELINES
Please acknowledge plots made with Rivet analyses, and cite arXiv:1003.0694 (http://arxiv.org/abs/1003.0694)
Rivet.Analysis.Handler: INFO  Dumping intermediate results to Pythia104pPb.yoda.
Rivet.Analysis.Handler: INFO  Finalising analyses
Rivet.Analysis.Handler: INFO  Processed 6000 events

The MCnet usage guidelines apply to Rivet: see http://www.montecarlonet.org/GUIDELINES
Please acknowledge plots made with Rivet analyses, and cite arXiv:1003.0694 (http://arxiv.org/abs/1003.0694)
Rivet.Analysis.Handler: INFO  Dumping intermediate results to Pythia104pPb.yoda.
Rivet.Analysis.Handler: INFO  Finalising analyses
Rivet.Analysis.Handler: INFO  Processed 7000 events

The MCnet usage guidelines apply to Rivet: see http://www.montecarlonet.org/GUIDELINES
Please acknowledge plots made with Rivet analyses, and cite arXiv:1003.0694 (http://arxiv.org/abs/1003.0694)
Rivet.Analysis.Handler: INFO  Dumping intermediate results to Pythia104pPb.yoda.
Rivet.Analysis.Handler: INFO  Finalising analyses
Rivet.Analysis.Handler: INFO  Processed 8000 events

The MCnet usage guidelines apply to Rivet: see http://www.montecarlonet.org/GUIDELINES
Please acknowledge plots made with Rivet analyses, and cite arXiv:1003.0694 (http://arxiv.org/abs/1003.0694)
Rivet.Analysis.Handler: INFO  Dumping intermediate results to Pythia104pPb.yoda.
Rivet.Analysis.Handler: INFO  Finalising analyses
Rivet.Analysis.Handler: INFO  Processed 9000 events

The MCnet usage guidelines apply to Rivet: see http://www.montecarlonet.org/GUIDELINES
Please acknowledge plots made with Rivet analyses, and cite arXiv:1003.0694 (http://arxiv.org/abs/1003.0694)
Rivet.Analysis.Handler: INFO  Dumping intermediate results to Pythia104pPb.yoda.
Rivet.Analysis.Handler: INFO  Finalising analyses
Rivet.Analysis.Handler: INFO  Processed 10000 events

The MCnet usage guidelines apply to Rivet: see http://www.montecarlonet.org/GUIDELINES
Please acknowledge plots made with Rivet analyses, and cite arXiv:1003.0694 (http://arxiv.org/abs/1003.0694)

Rivet.Analysis.Handler: INFO  Finalising analyses
Rivet.Analysis.Handler: INFO  Processed 10000 events

The MCnet usage guidelines apply to Rivet: see http://www.montecarlonet.org/GUIDELINES
Please acknowledge plots made with Rivet analyses, and cite arXiv:1003.0694 (http://arxiv.org/abs/1003.0694)


